<?xml version="1.0" encoding="UTF-8"?>
<testsuites name="EC Legacy Regression Testing, OPSUI(eSOA Enhancement)" time="85.175" tests="4" failures="0" errors="0">
   <testsuite name="EC Legacy Regression Testing, OPSUI(eSOA Enhancement)" tests="4" failures="0" errors="0" time="85.175" skipped="0" timestamp="31-10-2024T09:44:48" hostname="pfeniza - ENIC-KSANTOS.eurogroup.local" id="Test Suites/EC Legacy Regression Testing, OPSUI(eSOA Enhancement)">
      <properties>
         <property name="deviceName" value=""/>
         <property name="devicePlatform"/>
         <property name="logFolder" value="C:\\Users\\pfeniza\\git\\katalon-platform\\Reports\\20241031_094442\\EC Legacy Regression Testing, OPSUI(eSOA Enhancement)\\20241031_094442"/>
         <property name="logFiles" value="C:\\Users\\pfeniza\\git\\katalon-platform\\Reports\\20241031_094442\\EC Legacy Regression Testing, OPSUI(eSOA Enhancement)\\20241031_094442\\execution0.log"/>
         <property name="attachments" value=""/>
         <property name="hostName" value="pfeniza - ENIC-KSANTOS.eurogroup.local"/>
         <property name="os" value="Windows 10 64bit"/>
         <property name="katalonVersion" value="9.7.2.223"/>
         <property name="browser" value="Chrome 130.0.0.0"/>
         <property name="hostAddress" value="10.81.234.3"/>
         <property name="sessionId" value="cf48ea9d5b31da71309ba1ccfb816728"/>
         <property name="seleniumVersion" value="3.141.59"/>
         <property name="proxyInformation" value="ProxyInformation { proxyOption=NO_PROXY, proxyServerType=HTTP, username=, password=********, proxyServerAddress=, proxyServerPort=0, executionList=&quot;&quot;, isApplyToDesiredCapabilities=true }"/>
         <property name="platform" value="Windows 10"/>
      </properties>
      <testcase name="Test Cases/EasyClaimLegacyLoginAndHospitalAndUser" time="28.986" classname="Test Cases/EasyClaimLegacyLoginAndHospitalAndUser" status="PASSED">
         <system-out><![CDATA[31-10-2024T09:44:48 - [TEST_CASE][PASSED] - Test Cases/EasyClaimLegacyLoginAndHospitalAndUser: Test Cases/EasyClaimLegacyLoginAndHospitalAndUser

31-10-2024T09:44:49 - [TEST_STEP][PASSED] - openBrowser(""): Browser is opened with url: ''

31-10-2024T09:44:49 - [MESSAGE][INFO] - Starting 'Chrome' driver

31-10-2024T09:44:50 - [MESSAGE][INFO] - Action delay is set to 0 milliseconds

31-10-2024T09:44:51 - [MESSAGE][PASSED] - Browser is opened with url: ''

31-10-2024T09:44:51 - [TEST_STEP][PASSED] - navigateToUrl(NavigateLoginPage): Navigate to 'http://172.30.1.26/OPSUI.EasyClaims.Legacy/Account/Login?ReturnUrl=%2FOPSUI.EasyClaims.Legacy%2F' successfully

31-10-2024T09:44:52 - [MESSAGE][PASSED] - Navigate to 'http://172.30.1.26/OPSUI.EasyClaims.Legacy/Account/Login?ReturnUrl=%2FOPSUI.EasyClaims.Legacy%2F' successfully

31-10-2024T09:44:52 - [TEST_STEP][PASSED] - maximizeWindow(): Current window maximized

31-10-2024T09:44:52 - [MESSAGE][PASSED] - Current window maximized

31-10-2024T09:44:52 - [TEST_STEP][PASSED] - setText(findTestObject("Object Repository/Page_Login, User, Hospital - Easy Claims/input_Username_Username"), Username): Text 'patche@admin
' is set on object 'Object Repository/Page_Login, User, Hospital - Easy Claims/input_Username_Username'

31-10-2024T09:44:53 - [MESSAGE][PASSED] - Text 'patche@admin
' is set on object 'Object Repository/Page_Login, User, Hospital - Easy Claims/input_Username_Username'

31-10-2024T09:44:53 - [TEST_STEP][PASSED] - setText(findTestObject("Object Repository/Page_Login, User, Hospital - Easy Claims/input_Password_Password"), Password): Text '123123123' is set on object 'Object Repository/Page_Login, User, Hospital - Easy Claims/input_Password_Password'

31-10-2024T09:44:53 - [MESSAGE][PASSED] - Text '123123123' is set on object 'Object Repository/Page_Login, User, Hospital - Easy Claims/input_Password_Password'

31-10-2024T09:44:53 - [TEST_STEP][PASSED] - sendKeys(findTestObject("Object Repository/Page_Login, User, Hospital - Easy Claims/input_Password_Password"), Keys.chord(ENTER)): Keys 'ENTER + ' sent to object: 'Object Repository/Page_Login, User, Hospital - Easy Claims/input_Password_Password'

31-10-2024T09:44:54 - [MESSAGE][PASSED] - Keys 'ENTER + ' sent to object: 'Object Repository/Page_Login, User, Hospital - Easy Claims/input_Password_Password'

31-10-2024T09:44:54 - [TEST_STEP][PASSED] - click(findTestObject("Object Repository/Page_Login, User, Hospital - Easy Claims/Page_Connect - Easy Claims/span_Control Panel")): Object: 'Object Repository/Page_Login, User, Hospital - Easy Claims/Page_Connect - Easy Claims/span_Control Panel' is clicked on

31-10-2024T09:44:57 - [MESSAGE][PASSED] - Object: 'Object Repository/Page_Login, User, Hospital - Easy Claims/Page_Connect - Easy Claims/span_Control Panel' is clicked on

31-10-2024T09:44:57 - [TEST_STEP][PASSED] - navigateToUrl(NavigateControlPanel): Navigate to 'http://172.30.1.26/OPSUI.EasyClaims.Legacy/ControlPanel' successfully

31-10-2024T09:44:58 - [MESSAGE][PASSED] - Navigate to 'http://172.30.1.26/OPSUI.EasyClaims.Legacy/ControlPanel' successfully

31-10-2024T09:44:58 - [TEST_STEP][PASSED] - click(findTestObject("Object Repository/Page_Login, User, Hospital - Easy Claims/Page_Control Panel - Easy Claims/span_Hospital Information (offline mode)")): Object: 'Object Repository/Page_Login, User, Hospital - Easy Claims/Page_Control Panel - Easy Claims/span_Hospital Information (offline mode)' is clicked on

31-10-2024T09:44:59 - [MESSAGE][PASSED] - Object: 'Object Repository/Page_Login, User, Hospital - Easy Claims/Page_Control Panel - Easy Claims/span_Hospital Information (offline mode)' is clicked on

31-10-2024T09:44:59 - [TEST_STEP][PASSED] - click(findTestObject("Object Repository/Page_Login, User, Hospital - Easy Claims/Page_Control Panel - Easy Claims/input_b1 l1 bf homes, exchange 05 PAGPARTIA_a9fde9")): Object: 'Object Repository/Page_Login, User, Hospital - Easy Claims/Page_Control Panel - Easy Claims/input_b1 l1 bf homes, exchange 05 PAGPARTIA_a9fde9' is clicked on

31-10-2024T09:45:00 - [MESSAGE][PASSED] - Object: 'Object Repository/Page_Login, User, Hospital - Easy Claims/Page_Control Panel - Easy Claims/input_b1 l1 bf homes, exchange 05 PAGPARTIA_a9fde9' is clicked on

31-10-2024T09:45:00 - [TEST_STEP][PASSED] - setText(findTestObject("Object Repository/Page_Login, User, Hospital - Easy Claims/Page_Control Panel - Easy Claims/input_Username_ConnectUserName"), HospitalUser): Text 'PRO4A_DEPTMCAH_JMC_01' is set on object 'Object Repository/Page_Login, User, Hospital - Easy Claims/Page_Control Panel - Easy Claims/input_Username_ConnectUserName'

31-10-2024T09:45:00 - [MESSAGE][PASSED] - Text 'PRO4A_DEPTMCAH_JMC_01' is set on object 'Object Repository/Page_Login, User, Hospital - Easy Claims/Page_Control Panel - Easy Claims/input_Username_ConnectUserName'

31-10-2024T09:45:00 - [TEST_STEP][PASSED] - setText(findTestObject("Object Repository/Page_Login, User, Hospital - Easy Claims/Page_Control Panel - Easy Claims/input_Password_ConnectPassword"), HospitalPass): Text 'deptmcah_JMC@01' is set on object 'Object Repository/Page_Login, User, Hospital - Easy Claims/Page_Control Panel - Easy Claims/input_Password_ConnectPassword'

31-10-2024T09:45:01 - [MESSAGE][PASSED] - Text 'deptmcah_JMC@01' is set on object 'Object Repository/Page_Login, User, Hospital - Easy Claims/Page_Control Panel - Easy Claims/input_Password_ConnectPassword'

31-10-2024T09:45:01 - [TEST_STEP][PASSED] - click(findTestObject("Object Repository/Page_Login, User, Hospital - Easy Claims/Page_Control Panel - Easy Claims/input_Password_k-button k-primary")): Object: 'Object Repository/Page_Login, User, Hospital - Easy Claims/Page_Control Panel - Easy Claims/input_Password_k-button k-primary' is clicked on

31-10-2024T09:45:01 - [MESSAGE][PASSED] - Object: 'Object Repository/Page_Login, User, Hospital - Easy Claims/Page_Control Panel - Easy Claims/input_Password_k-button k-primary' is clicked on

31-10-2024T09:45:01 - [TEST_STEP][PASSED] - click(findTestObject("Object Repository/Page_Login, User, Hospital - Easy Claims/Page_Control Panel - Easy Claims/div_Hospital Code                          _698c28")): Object: 'Object Repository/Page_Login, User, Hospital - Easy Claims/Page_Control Panel - Easy Claims/div_Hospital Code                          _698c28' is clicked on

31-10-2024T09:45:08 - [MESSAGE][PASSED] - Object: 'Object Repository/Page_Login, User, Hospital - Easy Claims/Page_Control Panel - Easy Claims/div_Hospital Code                          _698c28' is clicked on

31-10-2024T09:45:08 - [TEST_STEP][PASSED] - setText(findTestObject("Object Repository/Page_Login, User, Hospital - Easy Claims/Page_Control Panel - Easy Claims/input_Hospital Email_Hospital.HospitalEmail"), HospitalEmail): Text 'peter@gmail.com' is set on object 'Object Repository/Page_Login, User, Hospital - Easy Claims/Page_Control Panel - Easy Claims/input_Hospital Email_Hospital.HospitalEmail'

31-10-2024T09:45:09 - [MESSAGE][PASSED] - Text 'peter@gmail.com' is set on object 'Object Repository/Page_Login, User, Hospital - Easy Claims/Page_Control Panel - Easy Claims/input_Hospital Email_Hospital.HospitalEmail'

31-10-2024T09:45:09 - [TEST_STEP][PASSED] - click(findTestObject("Object Repository/Page_Login, User, Hospital - Easy Claims/Page_Control Panel - Easy Claims/div_Hospital Code                          _698c28")): Object: 'Object Repository/Page_Login, User, Hospital - Easy Claims/Page_Control Panel - Easy Claims/div_Hospital Code                          _698c28' is clicked on

31-10-2024T09:45:09 - [MESSAGE][PASSED] - Object: 'Object Repository/Page_Login, User, Hospital - Easy Claims/Page_Control Panel - Easy Claims/div_Hospital Code                          _698c28' is clicked on

31-10-2024T09:45:09 - [TEST_STEP][PASSED] - click(findTestObject("Object Repository/Page_Login, User, Hospital - Easy Claims/Page_Control Panel - Easy Claims/li")): Object: 'Object Repository/Page_Login, User, Hospital - Easy Claims/Page_Control Panel - Easy Claims/li' is clicked on

31-10-2024T09:45:09 - [MESSAGE][PASSED] - Object: 'Object Repository/Page_Login, User, Hospital - Easy Claims/Page_Control Panel - Easy Claims/li' is clicked on

31-10-2024T09:45:09 - [TEST_STEP][PASSED] - click(findTestObject("Object Repository/Page_Login, User, Hospital - Easy Claims/Page_Control Panel - Easy Claims/span_User Management")): Object: 'Object Repository/Page_Login, User, Hospital - Easy Claims/Page_Control Panel - Easy Claims/span_User Management' is clicked on

31-10-2024T09:45:10 - [MESSAGE][PASSED] - Object: 'Object Repository/Page_Login, User, Hospital - Easy Claims/Page_Control Panel - Easy Claims/span_User Management' is clicked on

31-10-2024T09:45:10 - [TEST_STEP][PASSED] - click(findTestObject("Object Repository/Page_Login, User, Hospital - Easy Claims/Page_Control Panel - Easy Claims/input_samplegmail.com_addUserBtn")): Object: 'Object Repository/Page_Login, User, Hospital - Easy Claims/Page_Control Panel - Easy Claims/input_samplegmail.com_addUserBtn' is clicked on

31-10-2024T09:45:11 - [MESSAGE][PASSED] - Object: 'Object Repository/Page_Login, User, Hospital - Easy Claims/Page_Control Panel - Easy Claims/input_samplegmail.com_addUserBtn' is clicked on

31-10-2024T09:45:11 - [TEST_STEP][PASSED] - click(findTestObject("Object Repository/Page_Login, User, Hospital - Easy Claims/Page_Control Panel - Easy Claims/span_SELECT ONE_k-icon k-i-arrow-60-down")): Object: 'Object Repository/Page_Login, User, Hospital - Easy Claims/Page_Control Panel - Easy Claims/span_SELECT ONE_k-icon k-i-arrow-60-down' is clicked on

31-10-2024T09:45:11 - [MESSAGE][PASSED] - Object: 'Object Repository/Page_Login, User, Hospital - Easy Claims/Page_Control Panel - Easy Claims/span_SELECT ONE_k-icon k-i-arrow-60-down' is clicked on

31-10-2024T09:45:11 - [TEST_STEP][PASSED] - click(findTestObject("Object Repository/Page_Login, User, Hospital - Easy Claims/Page_Control Panel - Easy Claims/li_Dr. Erlinda P. Tolentino Medical Clinic _78c317")): Object: 'Object Repository/Page_Login, User, Hospital - Easy Claims/Page_Control Panel - Easy Claims/li_Dr. Erlinda P. Tolentino Medical Clinic _78c317' is clicked on

31-10-2024T09:45:12 - [MESSAGE][PASSED] - Object: 'Object Repository/Page_Login, User, Hospital - Easy Claims/Page_Control Panel - Easy Claims/li_Dr. Erlinda P. Tolentino Medical Clinic _78c317' is clicked on

31-10-2024T09:45:12 - [TEST_STEP][PASSED] - setText(findTestObject("Object Repository/Page_Login, User, Hospital - Easy Claims/Page_Control Panel - Easy Claims/input_Username_Username"), CreatingUserAcc): Text 'patcheadmin3' is set on object 'Object Repository/Page_Login, User, Hospital - Easy Claims/Page_Control Panel - Easy Claims/input_Username_Username'

31-10-2024T09:45:12 - [MESSAGE][PASSED] - Text 'patcheadmin3' is set on object 'Object Repository/Page_Login, User, Hospital - Easy Claims/Page_Control Panel - Easy Claims/input_Username_Username'

31-10-2024T09:45:12 - [TEST_STEP][PASSED] - setText(findTestObject("Object Repository/Page_Login, User, Hospital - Easy Claims/Page_Control Panel - Easy Claims/input_Password_Password"), CreatingPassword): Text '123123123' is set on object 'Object Repository/Page_Login, User, Hospital - Easy Claims/Page_Control Panel - Easy Claims/input_Password_Password'

31-10-2024T09:45:13 - [MESSAGE][PASSED] - Text '123123123' is set on object 'Object Repository/Page_Login, User, Hospital - Easy Claims/Page_Control Panel - Easy Claims/input_Password_Password'

31-10-2024T09:45:13 - [TEST_STEP][PASSED] - setText(findTestObject("Object Repository/Page_Login, User, Hospital - Easy Claims/Page_Control Panel - Easy Claims/input_Confirm password_ConfirmPassword"), CreatingConfirmPassword): Text '123123123' is set on object 'Object Repository/Page_Login, User, Hospital - Easy Claims/Page_Control Panel - Easy Claims/input_Confirm password_ConfirmPassword'

31-10-2024T09:45:13 - [MESSAGE][PASSED] - Text '123123123' is set on object 'Object Repository/Page_Login, User, Hospital - Easy Claims/Page_Control Panel - Easy Claims/input_Confirm password_ConfirmPassword'

31-10-2024T09:45:13 - [TEST_STEP][PASSED] - setText(findTestObject("Object Repository/Page_Login, User, Hospital - Easy Claims/Page_Control Panel - Easy Claims/input_Email_Email"), CreatingUserEmail): Text 'sample@gmail.com' is set on object 'Object Repository/Page_Login, User, Hospital - Easy Claims/Page_Control Panel - Easy Claims/input_Email_Email'

31-10-2024T09:45:14 - [MESSAGE][PASSED] - Text 'sample@gmail.com' is set on object 'Object Repository/Page_Login, User, Hospital - Easy Claims/Page_Control Panel - Easy Claims/input_Email_Email'

31-10-2024T09:45:14 - [TEST_STEP][PASSED] - click(findTestObject("Object Repository/Page_Login, User, Hospital - Easy Claims/Page_Control Panel - Easy Claims/input_Roles_k-input k-readonly")): Object: 'Object Repository/Page_Login, User, Hospital - Easy Claims/Page_Control Panel - Easy Claims/input_Roles_k-input k-readonly' is clicked on

31-10-2024T09:45:14 - [MESSAGE][PASSED] - Object: 'Object Repository/Page_Login, User, Hospital - Easy Claims/Page_Control Panel - Easy Claims/input_Roles_k-input k-readonly' is clicked on

31-10-2024T09:45:14 - [TEST_STEP][PASSED] - sendKeys(findTestObject("Object Repository/Page_Login, User, Hospital - Easy Claims/Page_Control Panel - Easy Claims/input_Roles_k-input k-readonly"), Keys.chord(ENTER)): Keys 'ENTER + ' sent to object: 'Object Repository/Page_Login, User, Hospital - Easy Claims/Page_Control Panel - Easy Claims/input_Roles_k-input k-readonly'

31-10-2024T09:45:15 - [MESSAGE][PASSED] - Keys 'ENTER + ' sent to object: 'Object Repository/Page_Login, User, Hospital - Easy Claims/Page_Control Panel - Easy Claims/input_Roles_k-input k-readonly'

31-10-2024T09:45:15 - [TEST_STEP][PASSED] - click(findTestObject("Object Repository/Page_Login, User, Hospital - Easy Claims/Page_Control Panel - Easy Claims/div_Admin_flex-list-action")): Object: 'Object Repository/Page_Login, User, Hospital - Easy Claims/Page_Control Panel - Easy Claims/div_Admin_flex-list-action' is clicked on

31-10-2024T09:45:15 - [MESSAGE][PASSED] - Object: 'Object Repository/Page_Login, User, Hospital - Easy Claims/Page_Control Panel - Easy Claims/div_Admin_flex-list-action' is clicked on

31-10-2024T09:45:15 - [TEST_STEP][PASSED] - click(findTestObject("Object Repository/Page_Login, User, Hospital - Easy Claims/Page_Control Panel - Easy Claims/li_1")): Object: 'Object Repository/Page_Login, User, Hospital - Easy Claims/Page_Control Panel - Easy Claims/li_1' is clicked on

31-10-2024T09:45:16 - [MESSAGE][PASSED] - Object: 'Object Repository/Page_Login, User, Hospital - Easy Claims/Page_Control Panel - Easy Claims/li_1' is clicked on

31-10-2024T09:45:16 - [TEST_STEP][PASSED] - click(findTestObject("Object Repository/Page_Login, User, Hospital - Easy Claims/Page_Control Panel - Easy Claims/span_Log off")): Object: 'Object Repository/Page_Login, User, Hospital - Easy Claims/Page_Control Panel - Easy Claims/span_Log off' is clicked on

31-10-2024T09:45:17 - [MESSAGE][PASSED] - Object: 'Object Repository/Page_Login, User, Hospital - Easy Claims/Page_Control Panel - Easy Claims/span_Log off' is clicked on]]></system-out>
         <system-err><![CDATA[]]></system-err>
      </testcase>
      <testcase name="Test Cases/EasyClaimLoginCreatedAccountAndConnect" time="4.26" classname="Test Cases/EasyClaimLoginCreatedAccountAndConnect" status="PASSED">
         <system-out><![CDATA[31-10-2024T09:45:17 - [TEST_CASE][PASSED] - Test Cases/EasyClaimLoginCreatedAccountAndConnect: Test Cases/EasyClaimLoginCreatedAccountAndConnect

31-10-2024T09:45:18 - [TEST_STEP][PASSED] - navigateToUrl("http://172.30.1.26/OPSUI.EasyClaims.Legacy/Account/Login?ReturnUrl=%2FOPSUI.EasyClaims.Legacy%2F"): Navigate to 'http://172.30.1.26/OPSUI.EasyClaims.Legacy/Account/Login?ReturnUrl=%2FOPSUI.EasyClaims.Legacy%2F' successfully

31-10-2024T09:45:18 - [MESSAGE][PASSED] - Navigate to 'http://172.30.1.26/OPSUI.EasyClaims.Legacy/Account/Login?ReturnUrl=%2FOPSUI.EasyClaims.Legacy%2F' successfully

31-10-2024T09:45:18 - [TEST_STEP][PASSED] - setText(findTestObject("Object Repository/Page_LoginAccountCreatedAndConnect/Page_Login - Easy Claims/input_Username_Username"), "patcheadmin3"): Text 'patcheadmin3' is set on object 'Object Repository/Page_LoginAccountCreatedAndConnect/Page_Login - Easy Claims/input_Username_Username'

31-10-2024T09:45:18 - [MESSAGE][PASSED] - Text 'patcheadmin3' is set on object 'Object Repository/Page_LoginAccountCreatedAndConnect/Page_Login - Easy Claims/input_Username_Username'

31-10-2024T09:45:18 - [TEST_STEP][PASSED] - setEncryptedText(findTestObject("Object Repository/Page_LoginAccountCreatedAndConnect/Page_Login - Easy Claims/input_Password_Password"), "nwr9I1qT+J0GbQ++JlYjHw=="): Text ****** has been set on object 'Object Repository/Page_LoginAccountCreatedAndConnect/Page_Login - Easy Claims/input_Password_Password'

31-10-2024T09:45:19 - [MESSAGE][PASSED] - Text ****** has been set on object 'Object Repository/Page_LoginAccountCreatedAndConnect/Page_Login - Easy Claims/input_Password_Password'

31-10-2024T09:45:19 - [TEST_STEP][PASSED] - click(findTestObject("Object Repository/Page_LoginAccountCreatedAndConnect/Page_Login - Easy Claims/input_Password_submitBtn")): Object: 'Object Repository/Page_LoginAccountCreatedAndConnect/Page_Login - Easy Claims/input_Password_submitBtn' is clicked on

31-10-2024T09:45:19 - [MESSAGE][PASSED] - Object: 'Object Repository/Page_LoginAccountCreatedAndConnect/Page_Login - Easy Claims/input_Password_submitBtn' is clicked on

31-10-2024T09:45:19 - [TEST_STEP][PASSED] - navigateToUrl("http://172.30.1.26/OPSUI.EasyClaims.Legacy/Connect?ReturnUrl=%2FOPSUI.EasyClaims.Legacy%2F"): Navigate to 'http://172.30.1.26/OPSUI.EasyClaims.Legacy/Connect?ReturnUrl=%2FOPSUI.EasyClaims.Legacy%2F' successfully

31-10-2024T09:45:19 - [MESSAGE][PASSED] - Navigate to 'http://172.30.1.26/OPSUI.EasyClaims.Legacy/Connect?ReturnUrl=%2FOPSUI.EasyClaims.Legacy%2F' successfully

31-10-2024T09:45:19 - [TEST_STEP][PASSED] - click(findTestObject("Object Repository/Page_LoginAccountCreatedAndConnect/Page_Connect - Easy Claims/input_Username_Username")): Object: 'Object Repository/Page_LoginAccountCreatedAndConnect/Page_Connect - Easy Claims/input_Username_Username' is clicked on

31-10-2024T09:45:21 - [MESSAGE][PASSED] - Object: 'Object Repository/Page_LoginAccountCreatedAndConnect/Page_Connect - Easy Claims/input_Username_Username' is clicked on

31-10-2024T09:45:21 - [TEST_STEP][PASSED] - setText(findTestObject("Object Repository/Page_LoginAccountCreatedAndConnect/Page_Connect - Easy Claims/input_Username_Username"), "PRO4A_DEPTMCAH_JMC_01"): Text 'PRO4A_DEPTMCAH_JMC_01' is set on object 'Object Repository/Page_LoginAccountCreatedAndConnect/Page_Connect - Easy Claims/input_Username_Username'

31-10-2024T09:45:21 - [MESSAGE][PASSED] - Text 'PRO4A_DEPTMCAH_JMC_01' is set on object 'Object Repository/Page_LoginAccountCreatedAndConnect/Page_Connect - Easy Claims/input_Username_Username'

31-10-2024T09:45:21 - [TEST_STEP][PASSED] - setEncryptedText(findTestObject("Object Repository/Page_LoginAccountCreatedAndConnect/Page_Connect - Easy Claims/input_Password_Password"), "Ov4DKeIvXLiGp9jFpjbR/w=="): Text ****** has been set on object 'Object Repository/Page_LoginAccountCreatedAndConnect/Page_Connect - Easy Claims/input_Password_Password'

31-10-2024T09:45:21 - [MESSAGE][PASSED] - Text ****** has been set on object 'Object Repository/Page_LoginAccountCreatedAndConnect/Page_Connect - Easy Claims/input_Password_Password'

31-10-2024T09:45:21 - [TEST_STEP][PASSED] - click(findTestObject("Object Repository/Page_LoginAccountCreatedAndConnect/Page_Connect - Easy Claims/input_Password_k-button k-primary")): Object: 'Object Repository/Page_LoginAccountCreatedAndConnect/Page_Connect - Easy Claims/input_Password_k-button k-primary' is clicked on

31-10-2024T09:45:22 - [MESSAGE][PASSED] - Object: 'Object Repository/Page_LoginAccountCreatedAndConnect/Page_Connect - Easy Claims/input_Password_k-button k-primary' is clicked on]]></system-out>
         <system-err><![CDATA[]]></system-err>
      </testcase>
      <testcase name="Test Cases/EasyClaimLegacyFileClaiming_CheckEligibility" time="21.246" classname="Test Cases/EasyClaimLegacyFileClaiming_CheckEligibility" status="PASSED">
         <system-out><![CDATA[31-10-2024T09:45:35 - [TEST_CASE][PASSED] - Test Cases/EasyClaimLegacyFileClaiming_CheckEligibility: Test Cases/EasyClaimLegacyFileClaiming_CheckEligibility

31-10-2024T09:45:35 - [TEST_STEP][PASSED] - click(findTestObject("Object Repository/Page_LoginAccountCreatedAndConnect/Page_Connect - Easy Claims/span_Claims")): Object: 'Object Repository/Page_LoginAccountCreatedAndConnect/Page_Connect - Easy Claims/span_Claims' is clicked on

31-10-2024T09:45:35 - [MESSAGE][PASSED] - Object: 'Object Repository/Page_LoginAccountCreatedAndConnect/Page_Connect - Easy Claims/span_Claims' is clicked on

31-10-2024T09:45:35 - [TEST_STEP][PASSED] - delay(5, STOP_ON_FAILURE): Delayed 5 second(s)

31-10-2024T09:45:40 - [MESSAGE][PASSED] - Delayed 5 second(s)

31-10-2024T09:45:40 - [TEST_STEP][PASSED] - click(findTestObject("Object Repository/Page_ClaimFiling - Easy Claims/Page_Home - Easy Claims/a_File Claim")): Object: 'Object Repository/Page_ClaimFiling - Easy Claims/Page_Home - Easy Claims/a_File Claim' is clicked on

31-10-2024T09:45:41 - [MESSAGE][PASSED] - Object: 'Object Repository/Page_ClaimFiling - Easy Claims/Page_Home - Easy Claims/a_File Claim' is clicked on

31-10-2024T09:45:41 - [TEST_STEP][PASSED] - navigateToUrl("http://172.30.1.26/OPSUI.EasyClaims.Legacy/Claim/Create"): Navigate to 'http://172.30.1.26/OPSUI.EasyClaims.Legacy/Claim/Create' successfully

31-10-2024T09:45:42 - [MESSAGE][PASSED] - Navigate to 'http://172.30.1.26/OPSUI.EasyClaims.Legacy/Claim/Create' successfully

31-10-2024T09:45:42 - [TEST_STEP][PASSED] - click(findTestObject("Object Repository/Page_ClaimFiling - Easy Claims/Page_File Claim - Easy Claims/input_PIN_MemberPIN")): Object: 'Object Repository/Page_ClaimFiling - Easy Claims/Page_File Claim - Easy Claims/input_PIN_MemberPIN' is clicked on

31-10-2024T09:45:43 - [MESSAGE][PASSED] - Object: 'Object Repository/Page_ClaimFiling - Easy Claims/Page_File Claim - Easy Claims/input_PIN_MemberPIN' is clicked on

31-10-2024T09:45:43 - [TEST_STEP][PASSED] - sendKeys(findTestObject("Object Repository/Page_ClaimFiling - Easy Claims/Page_File Claim - Easy Claims/input_PIN_MemberPIN"), "05-025405092-7"): Keys '05-025405092-7' sent to object: 'Object Repository/Page_ClaimFiling - Easy Claims/Page_File Claim - Easy Claims/input_PIN_MemberPIN'

31-10-2024T09:45:43 - [MESSAGE][PASSED] - Keys '05-025405092-7' sent to object: 'Object Repository/Page_ClaimFiling - Easy Claims/Page_File Claim - Easy Claims/input_PIN_MemberPIN'

31-10-2024T09:45:43 - [TEST_STEP][PASSED] - click(findTestObject("Object Repository/Page_ClaimFiling - Easy Claims/Page_File Claim - Easy Claims/div_MemberGender_DefaultMaleFemale")): Object: 'Object Repository/Page_ClaimFiling - Easy Claims/Page_File Claim - Easy Claims/div_MemberGender_DefaultMaleFemale' is clicked on

31-10-2024T09:45:44 - [MESSAGE][PASSED] - Object: 'Object Repository/Page_ClaimFiling - Easy Claims/Page_File Claim - Easy Claims/div_MemberGender_DefaultMaleFemale' is clicked on

31-10-2024T09:45:44 - [TEST_STEP][PASSED] - click(findTestObject("Object Repository/Page_ClaimFiling - Easy Claims/Page_File Claim - Easy Claims/div_kendo.syncReady(function()jQuery(Member_da9fb1")): Object: 'Object Repository/Page_ClaimFiling - Easy Claims/Page_File Claim - Easy Claims/div_kendo.syncReady(function()jQuery(Member_da9fb1' is clicked on

31-10-2024T09:45:44 - [MESSAGE][PASSED] - Object: 'Object Repository/Page_ClaimFiling - Easy Claims/Page_File Claim - Easy Claims/div_kendo.syncReady(function()jQuery(Member_da9fb1' is clicked on

31-10-2024T09:45:44 - [TEST_STEP][PASSED] - click(findTestObject("Object Repository/Page_ClaimFiling - Easy Claims/Page_File Claim - Easy Claims/input_PIN_fetchMemberBtn")): Object: 'Object Repository/Page_ClaimFiling - Easy Claims/Page_File Claim - Easy Claims/input_PIN_fetchMemberBtn' is clicked on

31-10-2024T09:45:44 - [MESSAGE][PASSED] - Object: 'Object Repository/Page_ClaimFiling - Easy Claims/Page_File Claim - Easy Claims/input_PIN_fetchMemberBtn' is clicked on

31-10-2024T09:45:44 - [TEST_STEP][PASSED] - click(findTestObject("Object Repository/Page_ClaimFiling - Easy Claims/Page_File Claim - Easy Claims/input_Male_MemberGender")): Object: 'Object Repository/Page_ClaimFiling - Easy Claims/Page_File Claim - Easy Claims/input_Male_MemberGender' is clicked on

31-10-2024T09:45:45 - [MESSAGE][PASSED] - Object: 'Object Repository/Page_ClaimFiling - Easy Claims/Page_File Claim - Easy Claims/input_Male_MemberGender' is clicked on

31-10-2024T09:45:45 - [TEST_STEP][PASSED] - sendKeys(findTestObject("Object Repository/Page_ClaimFiling - Easy Claims/Page_File Claim - Easy Claims/textarea_Mailing Address_MailingAddress"), "mail@gmail.com"): Keys 'mail@gmail.com' sent to object: 'Object Repository/Page_ClaimFiling - Easy Claims/Page_File Claim - Easy Claims/textarea_Mailing Address_MailingAddress'

31-10-2024T09:45:45 - [MESSAGE][PASSED] - Keys 'mail@gmail.com' sent to object: 'Object Repository/Page_ClaimFiling - Easy Claims/Page_File Claim - Easy Claims/textarea_Mailing Address_MailingAddress'

31-10-2024T09:45:45 - [TEST_STEP][PASSED] - click(findTestObject("Object Repository/Page_ClaimFiling - Easy Claims/Page_File Claim - Easy Claims/input_Zip Code_ZipCode")): Object: 'Object Repository/Page_ClaimFiling - Easy Claims/Page_File Claim - Easy Claims/input_Zip Code_ZipCode' is clicked on

31-10-2024T09:45:46 - [MESSAGE][PASSED] - Object: 'Object Repository/Page_ClaimFiling - Easy Claims/Page_File Claim - Easy Claims/input_Zip Code_ZipCode' is clicked on

31-10-2024T09:45:46 - [TEST_STEP][PASSED] - sendKeys(findTestObject("Object Repository/Page_ClaimFiling - Easy Claims/Page_File Claim - Easy Claims/input_Zip Code_ZipCode"), "1128"): Keys '1128' sent to object: 'Object Repository/Page_ClaimFiling - Easy Claims/Page_File Claim - Easy Claims/input_Zip Code_ZipCode'

31-10-2024T09:45:46 - [MESSAGE][PASSED] - Keys '1128' sent to object: 'Object Repository/Page_ClaimFiling - Easy Claims/Page_File Claim - Easy Claims/input_Zip Code_ZipCode'

31-10-2024T09:45:46 - [TEST_STEP][PASSED] - click(findTestObject("Object Repository/Page_ClaimFiling - Easy Claims/Page_File Claim - Easy Claims/span_Select One_k-select")): Object: 'Object Repository/Page_ClaimFiling - Easy Claims/Page_File Claim - Easy Claims/span_Select One_k-select' is clicked on

31-10-2024T09:45:46 - [MESSAGE][PASSED] - Object: 'Object Repository/Page_ClaimFiling - Easy Claims/Page_File Claim - Easy Claims/span_Select One_k-select' is clicked on

31-10-2024T09:45:46 - [TEST_STEP][PASSED] - click(findTestObject("Object Repository/Page_ClaimFiling - Easy Claims/Page_File Claim - Easy Claims/li_Individually Paying")): Object: 'Object Repository/Page_ClaimFiling - Easy Claims/Page_File Claim - Easy Claims/li_Individually Paying' is clicked on

31-10-2024T09:45:47 - [MESSAGE][PASSED] - Object: 'Object Repository/Page_ClaimFiling - Easy Claims/Page_File Claim - Easy Claims/li_Individually Paying' is clicked on

31-10-2024T09:45:47 - [TEST_STEP][PASSED] - click(findTestObject("Object Repository/Page_ClaimFiling - Easy Claims/Page_File Claim - Easy Claims/span_Select One_k-icon k-i-arrow-60-down")): Object: 'Object Repository/Page_ClaimFiling - Easy Claims/Page_File Claim - Easy Claims/span_Select One_k-icon k-i-arrow-60-down' is clicked on

31-10-2024T09:45:47 - [MESSAGE][PASSED] - Object: 'Object Repository/Page_ClaimFiling - Easy Claims/Page_File Claim - Easy Claims/span_Select One_k-icon k-i-arrow-60-down' is clicked on

31-10-2024T09:45:47 - [TEST_STEP][PASSED] - click(findTestObject("Object Repository/Page_ClaimFiling - Easy Claims/Page_File Claim - Easy Claims/li_Member (Self)")): Object: 'Object Repository/Page_ClaimFiling - Easy Claims/Page_File Claim - Easy Claims/li_Member (Self)' is clicked on

31-10-2024T09:45:48 - [MESSAGE][PASSED] - Object: 'Object Repository/Page_ClaimFiling - Easy Claims/Page_File Claim - Easy Claims/li_Member (Self)' is clicked on

31-10-2024T09:45:48 - [TEST_STEP][PASSED] - sendKeys(findTestObject("Object Repository/Page_ClaimFiling - Easy Claims/Page_File Claim - Easy Claims/input_Admission Date and Time_AdmissionDateTime"), "9/23/2024 12:00 AM"): Keys '9/23/2024 12:00 AM' sent to object: 'Object Repository/Page_ClaimFiling - Easy Claims/Page_File Claim - Easy Claims/input_Admission Date and Time_AdmissionDateTime'

31-10-2024T09:45:48 - [MESSAGE][PASSED] - Keys '9/23/2024 12:00 AM' sent to object: 'Object Repository/Page_ClaimFiling - Easy Claims/Page_File Claim - Easy Claims/input_Admission Date and Time_AdmissionDateTime'

31-10-2024T09:45:48 - [TEST_STEP][PASSED] - sendKeys(findTestObject("Object Repository/Page_ClaimFiling - Easy Claims/Page_File Claim - Easy Claims/input_Discharge Date and Time_DischargeDateTime"), "9/24/2024 11:00 PM"): Keys '9/24/2024 11:00 PM' sent to object: 'Object Repository/Page_ClaimFiling - Easy Claims/Page_File Claim - Easy Claims/input_Discharge Date and Time_DischargeDateTime'

31-10-2024T09:45:48 - [MESSAGE][PASSED] - Keys '9/24/2024 11:00 PM' sent to object: 'Object Repository/Page_ClaimFiling - Easy Claims/Page_File Claim - Easy Claims/input_Discharge Date and Time_DischargeDateTime'

31-10-2024T09:45:48 - [TEST_STEP][PASSED] - click(findTestObject("Object Repository/Page_ClaimFiling - Easy Claims/Page_File Claim - Easy Claims/input_Save for E-Claims_IsFinal")): Object: 'Object Repository/Page_ClaimFiling - Easy Claims/Page_File Claim - Easy Claims/input_Save for E-Claims_IsFinal' is clicked on

31-10-2024T09:45:49 - [MESSAGE][PASSED] - Object: 'Object Repository/Page_ClaimFiling - Easy Claims/Page_File Claim - Easy Claims/input_Save for E-Claims_IsFinal' is clicked on

31-10-2024T09:45:49 - [TEST_STEP][PASSED] - click(findTestObject("Object Repository/Page_ClaimFiling - Easy Claims/Page_File Claim - Easy Claims/input_Transmittal Number_TransmittalNo")): Object: 'Object Repository/Page_ClaimFiling - Easy Claims/Page_File Claim - Easy Claims/input_Transmittal Number_TransmittalNo' is clicked on

31-10-2024T09:45:49 - [MESSAGE][PASSED] - Object: 'Object Repository/Page_ClaimFiling - Easy Claims/Page_File Claim - Easy Claims/input_Transmittal Number_TransmittalNo' is clicked on

31-10-2024T09:45:49 - [TEST_STEP][PASSED] - sendKeys(findTestObject("Object Repository/Page_ClaimFiling - Easy Claims/Page_File Claim - Easy Claims/input_Transmittal Number_TransmittalNo"), "DRGTRANS10"): Keys 'DRGTRANS10' sent to object: 'Object Repository/Page_ClaimFiling - Easy Claims/Page_File Claim - Easy Claims/input_Transmittal Number_TransmittalNo'

31-10-2024T09:45:50 - [MESSAGE][PASSED] - Keys 'DRGTRANS10' sent to object: 'Object Repository/Page_ClaimFiling - Easy Claims/Page_File Claim - Easy Claims/input_Transmittal Number_TransmittalNo'

31-10-2024T09:45:50 - [TEST_STEP][PASSED] - doubleClick(findTestObject("Object Repository/Page_ClaimFiling - Easy Claims/Page_File Claim - Easy Claims/input_Transmittal Number_TransmittalNo")): Object: 'Object Repository/Page_ClaimFiling - Easy Claims/Page_File Claim - Easy Claims/input_Transmittal Number_TransmittalNo' is double clicked on

31-10-2024T09:45:50 - [MESSAGE][PASSED] - Object: 'Object Repository/Page_ClaimFiling - Easy Claims/Page_File Claim - Easy Claims/input_Transmittal Number_TransmittalNo' is double clicked on

31-10-2024T09:45:50 - [TEST_STEP][PASSED] - sendKeys(findTestObject("Object Repository/Page_ClaimFiling - Easy Claims/Page_File Claim - Easy Claims/input_Claim Number_ClaimNumber"), "DRGCLAIMS10"): Keys 'DRGCLAIMS10' sent to object: 'Object Repository/Page_ClaimFiling - Easy Claims/Page_File Claim - Easy Claims/input_Claim Number_ClaimNumber'

31-10-2024T09:45:50 - [MESSAGE][PASSED] - Keys 'DRGCLAIMS10' sent to object: 'Object Repository/Page_ClaimFiling - Easy Claims/Page_File Claim - Easy Claims/input_Claim Number_ClaimNumber'

31-10-2024T09:45:50 - [TEST_STEP][PASSED] - click(findTestObject("Object Repository/Page_ClaimFiling - Easy Claims/Page_File Claim - Easy Claims/input_Please ensure that all of the entered_eacd21")): Object: 'Object Repository/Page_ClaimFiling - Easy Claims/Page_File Claim - Easy Claims/input_Please ensure that all of the entered_eacd21' is clicked on

31-10-2024T09:45:51 - [MESSAGE][PASSED] - Object: 'Object Repository/Page_ClaimFiling - Easy Claims/Page_File Claim - Easy Claims/input_Please ensure that all of the entered_eacd21' is clicked on

31-10-2024T09:45:51 - [TEST_STEP][PASSED] - click(findTestObject("Object Repository/Page_ClaimFiling - Easy Claims/Page_PBEF - Easy Claims/input_Generating and printing of this form _08f184")): Object: 'Object Repository/Page_ClaimFiling - Easy Claims/Page_PBEF - Easy Claims/input_Generating and printing of this form _08f184' is clicked on

31-10-2024T09:45:52 - [MESSAGE][PASSED] - Object: 'Object Repository/Page_ClaimFiling - Easy Claims/Page_PBEF - Easy Claims/input_Generating and printing of this form _08f184' is clicked on

31-10-2024T09:45:52 - [TEST_STEP][PASSED] - click(findTestObject("Object Repository/Page_ClaimFiling - Easy Claims/Page_PBEF - Easy Claims/input_Generating and printing of this form _e07ca8")): Object: 'Object Repository/Page_ClaimFiling - Easy Claims/Page_PBEF - Easy Claims/input_Generating and printing of this form _e07ca8' is clicked on

31-10-2024T09:45:54 - [MESSAGE][PASSED] - Object: 'Object Repository/Page_ClaimFiling - Easy Claims/Page_PBEF - Easy Claims/input_Generating and printing of this form _e07ca8' is clicked on

31-10-2024T09:45:54 - [TEST_STEP][PASSED] - navigateToUrl("http://172.30.1.26/OPSUI.EasyClaims.Legacy/Claim/Eligibility?forEditing=False"): Navigate to 'http://172.30.1.26/OPSUI.EasyClaims.Legacy/Claim/Eligibility?forEditing=False' successfully

31-10-2024T09:45:55 - [MESSAGE][PASSED] - Navigate to 'http://172.30.1.26/OPSUI.EasyClaims.Legacy/Claim/Eligibility?forEditing=False' successfully

31-10-2024T09:45:55 - [TEST_STEP][PASSED] - click(findTestObject("Object Repository/Page_ClaimFiling - Easy Claims/Page_File Claim - Easy Claims/input_Please ensure that all of the entered_eacd21")): Object: 'Object Repository/Page_ClaimFiling - Easy Claims/Page_File Claim - Easy Claims/input_Please ensure that all of the entered_eacd21' is clicked on

31-10-2024T09:45:56 - [MESSAGE][PASSED] - Object: 'Object Repository/Page_ClaimFiling - Easy Claims/Page_File Claim - Easy Claims/input_Please ensure that all of the entered_eacd21' is clicked on]]></system-out>
         <system-err><![CDATA[]]></system-err>
      </testcase>
      <testcase name="Test Cases/EasyClaimLegacyFileClaiming_ConfinementInformation" time="17.592" classname="Test Cases/EasyClaimLegacyFileClaiming_ConfinementInformation" status="PASSED">
         <system-out><![CDATA[31-10-2024T09:45:56 - [TEST_CASE][PASSED] - Test Cases/EasyClaimLegacyFileClaiming_ConfinementInformation: Test Cases/EasyClaimLegacyFileClaiming_ConfinementInformation

31-10-2024T09:45:56 - [TEST_STEP][PASSED] - click(findTestObject("Object Repository/ClaimFiling_ConfinementInfo/Page_Confinement Information - Easy Claims/input_Yes_PatientReferred")): Object: 'Object Repository/ClaimFiling_ConfinementInfo/Page_Confinement Information - Easy Claims/input_Yes_PatientReferred' is clicked on

31-10-2024T09:45:57 - [MESSAGE][PASSED] - Object: 'Object Repository/ClaimFiling_ConfinementInfo/Page_Confinement Information - Easy Claims/input_Yes_PatientReferred' is clicked on

31-10-2024T09:45:57 - [TEST_STEP][PASSED] - click(findTestObject("Object Repository/ClaimFiling_ConfinementInfo/Page_Confinement Information - Easy Claims/input_Yes_IsEmergency")): Object: 'Object Repository/ClaimFiling_ConfinementInfo/Page_Confinement Information - Easy Claims/input_Yes_IsEmergency' is clicked on

31-10-2024T09:45:58 - [MESSAGE][PASSED] - Object: 'Object Repository/ClaimFiling_ConfinementInfo/Page_Confinement Information - Easy Claims/input_Yes_IsEmergency' is clicked on

31-10-2024T09:45:58 - [TEST_STEP][PASSED] - click(findTestObject("Object Repository/ClaimFiling_ConfinementInfo/Page_Confinement Information - Easy Claims/input_PatientType_Default_PatientType")): Object: 'Object Repository/ClaimFiling_ConfinementInfo/Page_Confinement Information - Easy Claims/input_PatientType_Default_PatientType' is clicked on

31-10-2024T09:45:58 - [MESSAGE][PASSED] - Object: 'Object Repository/ClaimFiling_ConfinementInfo/Page_Confinement Information - Easy Claims/input_PatientType_Default_PatientType' is clicked on

31-10-2024T09:45:58 - [TEST_STEP][PASSED] - click(findTestObject("Object Repository/ClaimFiling_ConfinementInfo/Page_Confinement Information - Easy Claims/span_Select One_k-icon k-i-arrow-60-down")): Object: 'Object Repository/ClaimFiling_ConfinementInfo/Page_Confinement Information - Easy Claims/span_Select One_k-icon k-i-arrow-60-down' is clicked on

31-10-2024T09:45:58 - [MESSAGE][PASSED] - Object: 'Object Repository/ClaimFiling_ConfinementInfo/Page_Confinement Information - Easy Claims/span_Select One_k-icon k-i-arrow-60-down' is clicked on

31-10-2024T09:45:58 - [TEST_STEP][PASSED] - click(findTestObject("Object Repository/ClaimFiling_ConfinementInfo/Page_Confinement Information - Easy Claims/li_Improved")): Object: 'Object Repository/ClaimFiling_ConfinementInfo/Page_Confinement Information - Easy Claims/li_Improved' is clicked on

31-10-2024T09:45:59 - [MESSAGE][PASSED] - Object: 'Object Repository/ClaimFiling_ConfinementInfo/Page_Confinement Information - Easy Claims/li_Improved' is clicked on

31-10-2024T09:45:59 - [TEST_STEP][PASSED] - click(findTestObject("Object Repository/ClaimFiling_ConfinementInfo/Page_Confinement Information - Easy Claims/span_Select One_k-icon k-i-arrow-60-down_1")): Object: 'Object Repository/ClaimFiling_ConfinementInfo/Page_Confinement Information - Easy Claims/span_Select One_k-icon k-i-arrow-60-down_1' is clicked on

31-10-2024T09:45:59 - [MESSAGE][PASSED] - Object: 'Object Repository/ClaimFiling_ConfinementInfo/Page_Confinement Information - Easy Claims/span_Select One_k-icon k-i-arrow-60-down_1' is clicked on

31-10-2024T09:45:59 - [TEST_STEP][PASSED] - click(findTestObject("Object Repository/ClaimFiling_ConfinementInfo/Page_Confinement Information - Easy Claims/li_Private")): Object: 'Object Repository/ClaimFiling_ConfinementInfo/Page_Confinement Information - Easy Claims/li_Private' is clicked on

31-10-2024T09:46:00 - [MESSAGE][PASSED] - Object: 'Object Repository/ClaimFiling_ConfinementInfo/Page_Confinement Information - Easy Claims/li_Private' is clicked on

31-10-2024T09:46:00 - [TEST_STEP][PASSED] - setText(findTestObject("Object Repository/ClaimFiling_ConfinementInfo/Page_Confinement Information - Easy Claims/textarea_Admission Diagnosis_AdmissionDiagnosis"), "ADMISSION"): Text 'ADMISSION' is set on object 'Object Repository/ClaimFiling_ConfinementInfo/Page_Confinement Information - Easy Claims/textarea_Admission Diagnosis_AdmissionDiagnosis'

31-10-2024T09:46:00 - [MESSAGE][PASSED] - Text 'ADMISSION' is set on object 'Object Repository/ClaimFiling_ConfinementInfo/Page_Confinement Information - Easy Claims/textarea_Admission Diagnosis_AdmissionDiagnosis'

31-10-2024T09:46:00 - [TEST_STEP][PASSED] - click(findTestObject("Object Repository/ClaimFiling_ConfinementInfo/Page_Confinement Information - Easy Claims/input_Please add at least one (1) Discharge_bd5a63")): Object: 'Object Repository/ClaimFiling_ConfinementInfo/Page_Confinement Information - Easy Claims/input_Please add at least one (1) Discharge_bd5a63' is clicked on

31-10-2024T09:46:01 - [MESSAGE][PASSED] - Object: 'Object Repository/ClaimFiling_ConfinementInfo/Page_Confinement Information - Easy Claims/input_Please add at least one (1) Discharge_bd5a63' is clicked on

31-10-2024T09:46:01 - [TEST_STEP][PASSED] - setText(findTestObject("Object Repository/ClaimFiling_ConfinementInfo/Page_Confinement Information - Easy Claims/textarea_Discharge Diagnosis_DischargeDiagnosis"), "DISCHARGE"): Text 'DISCHARGE' is set on object 'Object Repository/ClaimFiling_ConfinementInfo/Page_Confinement Information - Easy Claims/textarea_Discharge Diagnosis_DischargeDiagnosis'

31-10-2024T09:46:02 - [MESSAGE][PASSED] - Text 'DISCHARGE' is set on object 'Object Repository/ClaimFiling_ConfinementInfo/Page_Confinement Information - Easy Claims/textarea_Discharge Diagnosis_DischargeDiagnosis'

31-10-2024T09:46:02 - [TEST_STEP][PASSED] - click(findTestObject("Object Repository/ClaimFiling_ConfinementInfo/Page_Confinement Information - Easy Claims/a_Add ICD Code")): Object: 'Object Repository/ClaimFiling_ConfinementInfo/Page_Confinement Information - Easy Claims/a_Add ICD Code' is clicked on

31-10-2024T09:46:02 - [MESSAGE][PASSED] - Object: 'Object Repository/ClaimFiling_ConfinementInfo/Page_Confinement Information - Easy Claims/a_Add ICD Code' is clicked on

31-10-2024T09:46:02 - [TEST_STEP][PASSED] - setText(findTestObject("Object Repository/ClaimFiling_ConfinementInfo/Page_Confinement Information - Easy Claims/input_ICD Code_ICDCode_input"), "P91.3"): Text 'P91.3' is set on object 'Object Repository/ClaimFiling_ConfinementInfo/Page_Confinement Information - Easy Claims/input_ICD Code_ICDCode_input'

31-10-2024T09:46:03 - [MESSAGE][PASSED] - Text 'P91.3' is set on object 'Object Repository/ClaimFiling_ConfinementInfo/Page_Confinement Information - Easy Claims/input_ICD Code_ICDCode_input'

31-10-2024T09:46:03 - [TEST_STEP][PASSED] - sendKeys(findTestObject("Object Repository/ClaimFiling_ConfinementInfo/Page_Confinement Information - Easy Claims/input_ICD Code_ICDCode_input"), Keys.chord(ENTER)): Keys 'ENTER + ' sent to object: 'Object Repository/ClaimFiling_ConfinementInfo/Page_Confinement Information - Easy Claims/input_ICD Code_ICDCode_input'

31-10-2024T09:46:04 - [MESSAGE][PASSED] - Keys 'ENTER + ' sent to object: 'Object Repository/ClaimFiling_ConfinementInfo/Page_Confinement Information - Easy Claims/input_ICD Code_ICDCode_input'

31-10-2024T09:46:04 - [TEST_STEP][PASSED] - click(findTestObject("Object Repository/ClaimFiling_ConfinementInfo/Page_Confinement Information - Easy Claims/a_Save")): Object: 'Object Repository/ClaimFiling_ConfinementInfo/Page_Confinement Information - Easy Claims/a_Save' is clicked on

31-10-2024T09:46:05 - [MESSAGE][PASSED] - Object: 'Object Repository/ClaimFiling_ConfinementInfo/Page_Confinement Information - Easy Claims/a_Save' is clicked on

31-10-2024T09:46:05 - [TEST_STEP][PASSED] - click(findTestObject("Object Repository/ClaimFiling_ConfinementInfo/Page_Confinement Information - Easy Claims/a_Add RVS Code")): Object: 'Object Repository/ClaimFiling_ConfinementInfo/Page_Confinement Information - Easy Claims/a_Add RVS Code' is clicked on

31-10-2024T09:46:05 - [MESSAGE][PASSED] - Object: 'Object Repository/ClaimFiling_ConfinementInfo/Page_Confinement Information - Easy Claims/a_Add RVS Code' is clicked on

31-10-2024T09:46:05 - [TEST_STEP][PASSED] - setText(findTestObject("Object Repository/ClaimFiling_ConfinementInfo/Page_Confinement Information - Easy Claims/input_RVS Code_RVSCode_input"), "MCP01"): Text 'MCP01' is set on object 'Object Repository/ClaimFiling_ConfinementInfo/Page_Confinement Information - Easy Claims/input_RVS Code_RVSCode_input'

31-10-2024T09:46:06 - [MESSAGE][PASSED] - Text 'MCP01' is set on object 'Object Repository/ClaimFiling_ConfinementInfo/Page_Confinement Information - Easy Claims/input_RVS Code_RVSCode_input'

31-10-2024T09:46:06 - [TEST_STEP][PASSED] - sendKeys(findTestObject("Object Repository/ClaimFiling_ConfinementInfo/Page_Confinement Information - Easy Claims/input_RVS Code_RVSCode_input"), Keys.chord(ENTER)): Keys 'ENTER + ' sent to object: 'Object Repository/ClaimFiling_ConfinementInfo/Page_Confinement Information - Easy Claims/input_RVS Code_RVSCode_input'

31-10-2024T09:46:07 - [MESSAGE][PASSED] - Keys 'ENTER + ' sent to object: 'Object Repository/ClaimFiling_ConfinementInfo/Page_Confinement Information - Easy Claims/input_RVS Code_RVSCode_input'

31-10-2024T09:46:07 - [TEST_STEP][PASSED] - setText(findTestObject("Object Repository/ClaimFiling_ConfinementInfo/Page_Confinement Information - Easy Claims/textarea_Related Procedure_RelatedProcedure"), "RELATED"): Text 'RELATED' is set on object 'Object Repository/ClaimFiling_ConfinementInfo/Page_Confinement Information - Easy Claims/textarea_Related Procedure_RelatedProcedure'

31-10-2024T09:46:08 - [MESSAGE][PASSED] - Text 'RELATED' is set on object 'Object Repository/ClaimFiling_ConfinementInfo/Page_Confinement Information - Easy Claims/textarea_Related Procedure_RelatedProcedure'

31-10-2024T09:46:08 - [TEST_STEP][PASSED] - click(findTestObject("Object Repository/ClaimFiling_ConfinementInfo/Page_Confinement Information - Easy Claims/span_Select One_k-icon k-i-arrow-60-down_1_2")): Object: 'Object Repository/ClaimFiling_ConfinementInfo/Page_Confinement Information - Easy Claims/span_Select One_k-icon k-i-arrow-60-down_1_2' is clicked on

31-10-2024T09:46:08 - [MESSAGE][PASSED] - Object: 'Object Repository/ClaimFiling_ConfinementInfo/Page_Confinement Information - Easy Claims/span_Select One_k-icon k-i-arrow-60-down_1_2' is clicked on

31-10-2024T09:46:08 - [TEST_STEP][PASSED] - delay(1): Delayed 1 second(s)

31-10-2024T09:46:09 - [MESSAGE][PASSED] - Delayed 1 second(s)

31-10-2024T09:46:09 - [TEST_STEP][PASSED] - waitForElementVisible(findTestObject("Object Repository/ClaimFiling_ConfinementInfo/Page_Confinement Information - Easy Claims/span_Right"), 2): Object 'Object Repository/ClaimFiling_ConfinementInfo/Page_Confinement Information - Easy Claims/span_Right' is visible

31-10-2024T09:46:09 - [MESSAGE][PASSED] - Object 'Object Repository/ClaimFiling_ConfinementInfo/Page_Confinement Information - Easy Claims/span_Right' is visible

31-10-2024T09:46:09 - [TEST_STEP][PASSED] - click(findTestObject("Object Repository/ClaimFiling_ConfinementInfo/Page_Confinement Information - Easy Claims/span_Right")): Object: 'Object Repository/ClaimFiling_ConfinementInfo/Page_Confinement Information - Easy Claims/span_Right' is clicked on

31-10-2024T09:46:10 - [MESSAGE][PASSED] - Object: 'Object Repository/ClaimFiling_ConfinementInfo/Page_Confinement Information - Easy Claims/span_Right' is clicked on

31-10-2024T09:46:10 - [TEST_STEP][PASSED] - sendKeys(findTestObject("Object Repository/ClaimFiling_ConfinementInfo/Page_Confinement Information - Easy Claims/input_Procedure Date_ProcedureDate"), "09/24/2024"): Keys '09/24/2024' sent to object: 'Object Repository/ClaimFiling_ConfinementInfo/Page_Confinement Information - Easy Claims/input_Procedure Date_ProcedureDate'

31-10-2024T09:46:10 - [MESSAGE][PASSED] - Keys '09/24/2024' sent to object: 'Object Repository/ClaimFiling_ConfinementInfo/Page_Confinement Information - Easy Claims/input_Procedure Date_ProcedureDate'

31-10-2024T09:46:10 - [TEST_STEP][PASSED] - sendKeys(findTestObject("Object Repository/ClaimFiling_ConfinementInfo/Page_Confinement Information - Easy Claims/input_Procedure Date_ProcedureDate"), Keys.chord(ENTER)): Keys 'ENTER + ' sent to object: 'Object Repository/ClaimFiling_ConfinementInfo/Page_Confinement Information - Easy Claims/input_Procedure Date_ProcedureDate'

31-10-2024T09:46:10 - [MESSAGE][PASSED] - Keys 'ENTER + ' sent to object: 'Object Repository/ClaimFiling_ConfinementInfo/Page_Confinement Information - Easy Claims/input_Procedure Date_ProcedureDate'

31-10-2024T09:46:10 - [TEST_STEP][PASSED] - click(findTestObject("Object Repository/ClaimFiling_ConfinementInfo/Page_Confinement Information - Easy Claims/a_Save")): Object: 'Object Repository/ClaimFiling_ConfinementInfo/Page_Confinement Information - Easy Claims/a_Save' is clicked on

31-10-2024T09:46:11 - [MESSAGE][PASSED] - Object: 'Object Repository/ClaimFiling_ConfinementInfo/Page_Confinement Information - Easy Claims/a_Save' is clicked on

31-10-2024T09:46:11 - [TEST_STEP][PASSED] - click(findTestObject("Object Repository/ClaimFiling_ConfinementInfo/Page_Confinement Information - Easy Claims/input_Please update the RVS Procedure Date(_50687d")): Object: 'Object Repository/ClaimFiling_ConfinementInfo/Page_Confinement Information - Easy Claims/input_Please update the RVS Procedure Date(_50687d' is clicked on

31-10-2024T09:46:12 - [MESSAGE][PASSED] - Object: 'Object Repository/ClaimFiling_ConfinementInfo/Page_Confinement Information - Easy Claims/input_Please update the RVS Procedure Date(_50687d' is clicked on

31-10-2024T09:46:12 - [TEST_STEP][PASSED] - click(findTestObject("Object Repository/ClaimFiling_ConfinementInfo/Page_Confinement Information - Easy Claims/input_Right Eye IOL Expiry Date_SaveConfine_8606f5")): Object: 'Object Repository/ClaimFiling_ConfinementInfo/Page_Confinement Information - Easy Claims/input_Right Eye IOL Expiry Date_SaveConfine_8606f5' is clicked on

31-10-2024T09:46:12 - [MESSAGE][PASSED] - Object: 'Object Repository/ClaimFiling_ConfinementInfo/Page_Confinement Information - Easy Claims/input_Right Eye IOL Expiry Date_SaveConfine_8606f5' is clicked on

31-10-2024T09:46:12 - [TEST_STEP][PASSED] - navigateToUrl("http://172.30.1.26/OPSUI.EasyClaims.Legacy/Claim/FeesChargesDetails?forEditing=True"): Navigate to 'http://172.30.1.26/OPSUI.EasyClaims.Legacy/Claim/FeesChargesDetails?forEditing=True' successfully

31-10-2024T09:46:13 - [MESSAGE][PASSED] - Navigate to 'http://172.30.1.26/OPSUI.EasyClaims.Legacy/Claim/FeesChargesDetails?forEditing=True' successfully]]></system-out>
         <system-err><![CDATA[]]></system-err>
      </testcase>
      <system-out><![CDATA[31-10-2024T09:44:48 - [TEST_SUITE][FAILED] - EC Legacy Regression Testing, OPSUI(eSOA Enhancement): Test Cases/EasyClaimLegacyFileClaiming_CheckEligibility FAILED.
Reason:
com.kms.katalon.core.exception.StepFailedException: Unable to click on object 'Object Repository/Page_ClaimFiling - Easy Claims/Page_File Claim - Easy Claims/li_Individually Paying'
	at com.kms.katalon.core.webui.keyword.internal.WebUIKeywordMain.stepFailed(WebUIKeywordMain.groovy:117)
	at com.kms.katalon.core.webui.keyword.internal.WebUIKeywordMain.runKeyword(WebUIKeywordMain.groovy:43)
	at com.kms.katalon.core.webui.keyword.builtin.ClickKeyword.click(ClickKeyword.groovy:74)
	at com.kms.katalon.core.webui.keyword.builtin.ClickKeyword.execute(ClickKeyword.groovy:40)
	at com.kms.katalon.core.keyword.internal.KeywordExecutor.executeKeywordForPlatform(KeywordExecutor.groovy:74)
	at com.kms.katalon.core.webui.keyword.WebUiBuiltInKeywords.click(WebUiBuiltInKeywords.groovy:659)
	at EasyClaimLegacyFileClaiming_CheckEligibility.run(EasyClaimLegacyFileClaiming_CheckEligibility:51)
	at com.kms.katalon.core.main.ScriptEngine.run(ScriptEngine.java:194)
	at com.kms.katalon.core.main.ScriptEngine.runScriptAsRawText(ScriptEngine.java:119)
	at com.kms.katalon.core.main.TestCaseExecutor.runScript(TestCaseExecutor.java:448)
	at com.kms.katalon.core.main.TestCaseExecutor.doExecute(TestCaseExecutor.java:439)
	at com.kms.katalon.core.main.TestCaseExecutor.processExecutionPhase(TestCaseExecutor.java:418)
	at com.kms.katalon.core.main.TestCaseExecutor.accessMainPhase(TestCaseExecutor.java:410)
	at com.kms.katalon.core.main.TestCaseExecutor.execute(TestCaseExecutor.java:285)
	at com.kms.katalon.core.common.CommonExecutor.accessTestCaseMainPhase(CommonExecutor.java:65)
	at com.kms.katalon.core.main.TestSuiteExecutor.accessTestSuiteMainPhase(TestSuiteExecutor.java:150)
	at com.kms.katalon.core.main.TestSuiteExecutor.execute(TestSuiteExecutor.java:106)
	at com.kms.katalon.core.main.TestCaseMain.startTestSuite(TestCaseMain.java:180)
	at TempTestSuite1730339082633.run(TempTestSuite1730339082633.groovy:35)
	at java.base/jdk.internal.reflect.NativeMethodAccessorImpl.invoke0(Native Method)
	at java.base/jdk.internal.reflect.NativeMethodAccessorImpl.invoke(NativeMethodAccessorImpl.java:77)
	at java.base/jdk.internal.reflect.DelegatingMethodAccessorImpl.invoke(DelegatingMethodAccessorImpl.java:43)
Caused by: org.openqa.selenium.ElementNotInteractableException: element not interactable
  (Session info: chrome=130.0.6723.91)
Build info: version: '3.141.59', revision: 'unknown', time: 'unknown'
System info: host: 'ENIC-KSANTOS', ip: '10.81.234.3', os.name: 'Windows 10', os.arch: 'amd64', os.version: '10.0', java.version: '17.0.7'
Driver info: com.kms.katalon.selenium.driver.CChromeDriver
Capabilities {acceptInsecureCerts: false, browserName: chrome, browserVersion: 130.0.6723.91, chrome: {chromedriverVersion: 130.0.6723.69 (3ec172b971b9..., userDataDir: C:\Users\pfeniza\AppData\Lo...}, fedcm:accounts: true, goog:chromeOptions: {debuggerAddress: localhost:51683}, javascriptEnabled: true, networkConnectionEnabled: false, pageLoadStrategy: normal, platform: WINDOWS, platformName: WINDOWS, proxy: Proxy(), setWindowRect: true, strictFileInteractability: false, timeouts: {implicit: 0, pageLoad: 300000, script: 30000}, unhandledPromptBehavior: dismiss and notify, webauthn:extension:credBlob: true, webauthn:extension:largeBlob: true, webauthn:extension:minPinLength: true, webauthn:extension:prf: true, webauthn:virtualAuthenticators: true}
Session ID: cf48ea9d5b31da71309ba1ccfb816728
	at java.base/jdk.internal.reflect.NativeConstructorAccessorImpl.newInstance0(Native Method)
	at java.base/jdk.internal.reflect.NativeConstructorAccessorImpl.newInstance(NativeConstructorAccessorImpl.java:77)
	at java.base/jdk.internal.reflect.DelegatingConstructorAccessorImpl.newInstance(DelegatingConstructorAccessorImpl.java:45)
	at org.openqa.selenium.remote.http.W3CHttpResponseCodec.createException(W3CHttpResponseCodec.java:187)
	at org.openqa.selenium.remote.http.W3CHttpResponseCodec.decode(W3CHttpResponseCodec.java:122)
	at org.openqa.selenium.remote.http.W3CHttpResponseCodec.decode(W3CHttpResponseCodec.java:49)
	at org.openqa.selenium.remote.HttpCommandExecutor.execute(HttpCommandExecutor.java:158)
	at org.openqa.selenium.remote.service.DriverCommandExecutor.execute(DriverCommandExecutor.java:83)
	at org.openqa.selenium.remote.RemoteWebDriver.execute(RemoteWebDriver.java:552)
	at com.kms.katalon.selenium.driver.CChromeDriver.execute(CChromeDriver.java:19)
	at org.openqa.selenium.remote.RemoteWebElement.execute(RemoteWebElement.java:285)
	at org.openqa.selenium.remote.RemoteWebElement.click(RemoteWebElement.java:84)
	at jdk.internal.reflect.GeneratedMethodAccessor12.invoke(Unknown Source)
	at java.base/jdk.internal.reflect.DelegatingMethodAccessorImpl.invoke(DelegatingMethodAccessorImpl.java:43)
	at org.openqa.selenium.support.events.EventFiringWebDriver$EventFiringWebElement.lambda$new$0(EventFiringWebDriver.java:404)
	at jdk.proxy2/jdk.proxy2.$Proxy21.click(Unknown Source)
	at org.openqa.selenium.support.events.EventFiringWebDriver$EventFiringWebElement.click(EventFiringWebDriver.java:417)
	at org.openqa.selenium.WebElement$click.call(Unknown Source)
	at com.kms.katalon.core.webui.keyword.builtin.ClickKeyword.clickUntilSuccessWithTimeout(ClickKeyword.groovy:81)
	at com.kms.katalon.core.webui.keyword.builtin.ClickKeyword.clickUntilSuccessWithTimeout(ClickKeyword.groovy)
	at jdk.internal.reflect.GeneratedMethodAccessor10.invoke(Unknown Source)
	at java.base/jdk.internal.reflect.DelegatingMethodAccessorImpl.invoke(DelegatingMethodAccessorImpl.java:43)
	at com.kms.katalon.core.webui.keyword.builtin.ClickKeyword$_click_closure1.doCall(ClickKeyword.groovy:67)
	at com.kms.katalon.core.webui.keyword.builtin.ClickKeyword$_click_closure1.call(ClickKeyword.groovy)
	at com.kms.katalon.core.webui.keyword.internal.WebUIKeywordMain.runKeyword(WebUIKeywordMain.groovy:35)
	... 20 more]]></system-out>
      <system-err><![CDATA[31-10-2024T09:44:48 - [TEST_SUITE][FAILED] - EC Legacy Regression Testing, OPSUI(eSOA Enhancement): Test Cases/EasyClaimLegacyFileClaiming_CheckEligibility FAILED.
Reason:
com.kms.katalon.core.exception.StepFailedException: Unable to click on object 'Object Repository/Page_ClaimFiling - Easy Claims/Page_File Claim - Easy Claims/li_Individually Paying'
	at com.kms.katalon.core.webui.keyword.internal.WebUIKeywordMain.stepFailed(WebUIKeywordMain.groovy:117)
	at com.kms.katalon.core.webui.keyword.internal.WebUIKeywordMain.runKeyword(WebUIKeywordMain.groovy:43)
	at com.kms.katalon.core.webui.keyword.builtin.ClickKeyword.click(ClickKeyword.groovy:74)
	at com.kms.katalon.core.webui.keyword.builtin.ClickKeyword.execute(ClickKeyword.groovy:40)
	at com.kms.katalon.core.keyword.internal.KeywordExecutor.executeKeywordForPlatform(KeywordExecutor.groovy:74)
	at com.kms.katalon.core.webui.keyword.WebUiBuiltInKeywords.click(WebUiBuiltInKeywords.groovy:659)
	at EasyClaimLegacyFileClaiming_CheckEligibility.run(EasyClaimLegacyFileClaiming_CheckEligibility:51)
	at com.kms.katalon.core.main.ScriptEngine.run(ScriptEngine.java:194)
	at com.kms.katalon.core.main.ScriptEngine.runScriptAsRawText(ScriptEngine.java:119)
	at com.kms.katalon.core.main.TestCaseExecutor.runScript(TestCaseExecutor.java:448)
	at com.kms.katalon.core.main.TestCaseExecutor.doExecute(TestCaseExecutor.java:439)
	at com.kms.katalon.core.main.TestCaseExecutor.processExecutionPhase(TestCaseExecutor.java:418)
	at com.kms.katalon.core.main.TestCaseExecutor.accessMainPhase(TestCaseExecutor.java:410)
	at com.kms.katalon.core.main.TestCaseExecutor.execute(TestCaseExecutor.java:285)
	at com.kms.katalon.core.common.CommonExecutor.accessTestCaseMainPhase(CommonExecutor.java:65)
	at com.kms.katalon.core.main.TestSuiteExecutor.accessTestSuiteMainPhase(TestSuiteExecutor.java:150)
	at com.kms.katalon.core.main.TestSuiteExecutor.execute(TestSuiteExecutor.java:106)
	at com.kms.katalon.core.main.TestCaseMain.startTestSuite(TestCaseMain.java:180)
	at TempTestSuite1730339082633.run(TempTestSuite1730339082633.groovy:35)
	at java.base/jdk.internal.reflect.NativeMethodAccessorImpl.invoke0(Native Method)
	at java.base/jdk.internal.reflect.NativeMethodAccessorImpl.invoke(NativeMethodAccessorImpl.java:77)
	at java.base/jdk.internal.reflect.DelegatingMethodAccessorImpl.invoke(DelegatingMethodAccessorImpl.java:43)
Caused by: org.openqa.selenium.ElementNotInteractableException: element not interactable
  (Session info: chrome=130.0.6723.91)
Build info: version: '3.141.59', revision: 'unknown', time: 'unknown'
System info: host: 'ENIC-KSANTOS', ip: '10.81.234.3', os.name: 'Windows 10', os.arch: 'amd64', os.version: '10.0', java.version: '17.0.7'
Driver info: com.kms.katalon.selenium.driver.CChromeDriver
Capabilities {acceptInsecureCerts: false, browserName: chrome, browserVersion: 130.0.6723.91, chrome: {chromedriverVersion: 130.0.6723.69 (3ec172b971b9..., userDataDir: C:\Users\pfeniza\AppData\Lo...}, fedcm:accounts: true, goog:chromeOptions: {debuggerAddress: localhost:51683}, javascriptEnabled: true, networkConnectionEnabled: false, pageLoadStrategy: normal, platform: WINDOWS, platformName: WINDOWS, proxy: Proxy(), setWindowRect: true, strictFileInteractability: false, timeouts: {implicit: 0, pageLoad: 300000, script: 30000}, unhandledPromptBehavior: dismiss and notify, webauthn:extension:credBlob: true, webauthn:extension:largeBlob: true, webauthn:extension:minPinLength: true, webauthn:extension:prf: true, webauthn:virtualAuthenticators: true}
Session ID: cf48ea9d5b31da71309ba1ccfb816728
	at java.base/jdk.internal.reflect.NativeConstructorAccessorImpl.newInstance0(Native Method)
	at java.base/jdk.internal.reflect.NativeConstructorAccessorImpl.newInstance(NativeConstructorAccessorImpl.java:77)
	at java.base/jdk.internal.reflect.DelegatingConstructorAccessorImpl.newInstance(DelegatingConstructorAccessorImpl.java:45)
	at org.openqa.selenium.remote.http.W3CHttpResponseCodec.createException(W3CHttpResponseCodec.java:187)
	at org.openqa.selenium.remote.http.W3CHttpResponseCodec.decode(W3CHttpResponseCodec.java:122)
	at org.openqa.selenium.remote.http.W3CHttpResponseCodec.decode(W3CHttpResponseCodec.java:49)
	at org.openqa.selenium.remote.HttpCommandExecutor.execute(HttpCommandExecutor.java:158)
	at org.openqa.selenium.remote.service.DriverCommandExecutor.execute(DriverCommandExecutor.java:83)
	at org.openqa.selenium.remote.RemoteWebDriver.execute(RemoteWebDriver.java:552)
	at com.kms.katalon.selenium.driver.CChromeDriver.execute(CChromeDriver.java:19)
	at org.openqa.selenium.remote.RemoteWebElement.execute(RemoteWebElement.java:285)
	at org.openqa.selenium.remote.RemoteWebElement.click(RemoteWebElement.java:84)
	at jdk.internal.reflect.GeneratedMethodAccessor12.invoke(Unknown Source)
	at java.base/jdk.internal.reflect.DelegatingMethodAccessorImpl.invoke(DelegatingMethodAccessorImpl.java:43)
	at org.openqa.selenium.support.events.EventFiringWebDriver$EventFiringWebElement.lambda$new$0(EventFiringWebDriver.java:404)
	at jdk.proxy2/jdk.proxy2.$Proxy21.click(Unknown Source)
	at org.openqa.selenium.support.events.EventFiringWebDriver$EventFiringWebElement.click(EventFiringWebDriver.java:417)
	at org.openqa.selenium.WebElement$click.call(Unknown Source)
	at com.kms.katalon.core.webui.keyword.builtin.ClickKeyword.clickUntilSuccessWithTimeout(ClickKeyword.groovy:81)
	at com.kms.katalon.core.webui.keyword.builtin.ClickKeyword.clickUntilSuccessWithTimeout(ClickKeyword.groovy)
	at jdk.internal.reflect.GeneratedMethodAccessor10.invoke(Unknown Source)
	at java.base/jdk.internal.reflect.DelegatingMethodAccessorImpl.invoke(DelegatingMethodAccessorImpl.java:43)
	at com.kms.katalon.core.webui.keyword.builtin.ClickKeyword$_click_closure1.doCall(ClickKeyword.groovy:67)
	at com.kms.katalon.core.webui.keyword.builtin.ClickKeyword$_click_closure1.call(ClickKeyword.groovy)
	at com.kms.katalon.core.webui.keyword.internal.WebUIKeywordMain.runKeyword(WebUIKeywordMain.groovy:35)
	... 20 more]]></system-err>
   </testsuite>
</testsuites>
