<?xml version="1.0" encoding="UTF-8"?>
<testsuites name="EC Legacy Regression Testing, OPSUI" time="55.171" tests="3" failures="0" errors="0">
   <testsuite name="EC Legacy Regression Testing, OPSUI" tests="3" failures="0" errors="0" time="55.171" skipped="0" timestamp="25-09-2024T17:02:34" hostname="pfeniza - ENIC-KSANTOS.eurogroup.local" id="Test Suites/EC Legacy Regression Testing, OPSUI">
      <properties>
         <property name="deviceName" value=""/>
         <property name="devicePlatform"/>
         <property name="logFolder" value="C:\\Users\\pfeniza\\git\\katalon-platform\\Reports\\20240925_170228\\EC Legacy Regression Testing, OPSUI\\20240925_170228"/>
         <property name="logFiles" value="C:\\Users\\pfeniza\\git\\katalon-platform\\Reports\\20240925_170228\\EC Legacy Regression Testing, OPSUI\\20240925_170228\\execution0.log"/>
         <property name="attachments" value=""/>
         <property name="hostName" value="pfeniza - ENIC-KSANTOS.eurogroup.local"/>
         <property name="os" value="Windows 10 64bit"/>
         <property name="katalonVersion" value="9.7.2.223"/>
         <property name="browser" value="Chrome 129.0.0.0"/>
         <property name="hostAddress" value="10.81.234.6"/>
         <property name="sessionId" value="b5cc987006c861a35ac8a8c299fb0bbd"/>
         <property name="seleniumVersion" value="3.141.59"/>
         <property name="proxyInformation" value="ProxyInformation { proxyOption=NO_PROXY, proxyServerType=HTTP, username=, password=********, proxyServerAddress=, proxyServerPort=0, executionList=&quot;&quot;, isApplyToDesiredCapabilities=true }"/>
         <property name="platform" value="Windows 10"/>
      </properties>
      <testcase name="Test Cases/EasyClaimLegacyLogin" time="4.533" classname="Test Cases/EasyClaimLegacyLogin" status="PASSED">
         <system-out><![CDATA[25-09-2024T17:02:34 - [TEST_CASE][PASSED] - Test Cases/EasyClaimLegacyLogin: Test Cases/EasyClaimLegacyLogin

25-09-2024T17:02:35 - [TEST_STEP][PASSED] - openBrowser(""): Browser is opened with url: ''

25-09-2024T17:02:35 - [MESSAGE][INFO] - Starting 'Chrome' driver

25-09-2024T17:02:35 - [MESSAGE][INFO] - Action delay is set to 0 milliseconds

25-09-2024T17:02:36 - [MESSAGE][PASSED] - Browser is opened with url: ''

25-09-2024T17:02:36 - [TEST_STEP][PASSED] - navigateToUrl("http://172.30.1.26/OPSUI.EasyClaims.Legacy/Account/Login?ReturnUrl=%2FOPSUI.EasyClaims.Legacy%2F"): Navigate to 'http://172.30.1.26/OPSUI.EasyClaims.Legacy/Account/Login?ReturnUrl=%2FOPSUI.EasyClaims.Legacy%2F' successfully

25-09-2024T17:02:37 - [MESSAGE][PASSED] - Navigate to 'http://172.30.1.26/OPSUI.EasyClaims.Legacy/Account/Login?ReturnUrl=%2FOPSUI.EasyClaims.Legacy%2F' successfully

25-09-2024T17:02:37 - [TEST_STEP][PASSED] - maximizeWindow(): Current window maximized

25-09-2024T17:02:37 - [MESSAGE][PASSED] - Current window maximized

25-09-2024T17:02:37 - [TEST_STEP][PASSED] - setText(findTestObject("Object Repository/Page_Login - Easy Claims/input_Username_Username"), "patcheadmin2"): Text 'patcheadmin2' is set on object 'Object Repository/Page_Login - Easy Claims/input_Username_Username'

25-09-2024T17:02:38 - [MESSAGE][PASSED] - Text 'patcheadmin2' is set on object 'Object Repository/Page_Login - Easy Claims/input_Username_Username'

25-09-2024T17:02:38 - [TEST_STEP][PASSED] - setEncryptedText(findTestObject("Object Repository/Page_Login - Easy Claims/input_Password_Password"), "nwr9I1qT+J0GbQ++JlYjHw=="): Text ****** has been set on object 'Object Repository/Page_Login - Easy Claims/input_Password_Password'

25-09-2024T17:02:38 - [MESSAGE][PASSED] - Text ****** has been set on object 'Object Repository/Page_Login - Easy Claims/input_Password_Password'

25-09-2024T17:02:39 - [TEST_STEP][PASSED] - sendKeys(findTestObject("Object Repository/Page_Login - Easy Claims/input_Password_Password"), Keys.chord(ENTER)): Keys 'ENTER + ' sent to object: 'Object Repository/Page_Login - Easy Claims/input_Password_Password'

25-09-2024T17:02:39 - [MESSAGE][PASSED] - Keys 'ENTER + ' sent to object: 'Object Repository/Page_Login - Easy Claims/input_Password_Password']]></system-out>
         <system-err><![CDATA[]]></system-err>
      </testcase>
      <testcase name="Test Cases/EasyClaimLegacyConnect" time="12.737" classname="Test Cases/EasyClaimLegacyConnect" status="PASSED">
         <system-out><![CDATA[25-09-2024T17:02:39 - [TEST_CASE][PASSED] - Test Cases/EasyClaimLegacyConnect: Test Cases/EasyClaimLegacyConnect

25-09-2024T17:02:39 - [TEST_STEP][PASSED] - callTestCase(findTestCase("EasyClaimLegacyLogin"), [:], STOP_ON_FAILURE): Call Test Case 'Test Cases/EasyClaimLegacyLogin' successfully

25-09-2024T17:02:39 - [TEST_CASE][PASSED] - Test Cases/EasyClaimLegacyLogin: Test Cases/EasyClaimLegacyLogin

25-09-2024T17:02:39 - [TEST_STEP][PASSED] - openBrowser(""): Browser is opened with url: ''

25-09-2024T17:02:39 - [MESSAGE][WARNING] - A browser is already opened. Closing browser and opening a new one

25-09-2024T17:02:39 - [MESSAGE][INFO] - Starting 'Chrome' driver

25-09-2024T17:02:39 - [MESSAGE][INFO] - Action delay is set to 0 milliseconds

25-09-2024T17:02:40 - [MESSAGE][PASSED] - Browser is opened with url: ''

25-09-2024T17:02:40 - [TEST_STEP][PASSED] - navigateToUrl("http://172.30.1.26/OPSUI.EasyClaims.Legacy/Account/Login?ReturnUrl=%2FOPSUI.EasyClaims.Legacy%2F"): Navigate to 'http://172.30.1.26/OPSUI.EasyClaims.Legacy/Account/Login?ReturnUrl=%2FOPSUI.EasyClaims.Legacy%2F' successfully

25-09-2024T17:02:41 - [MESSAGE][PASSED] - Navigate to 'http://172.30.1.26/OPSUI.EasyClaims.Legacy/Account/Login?ReturnUrl=%2FOPSUI.EasyClaims.Legacy%2F' successfully

25-09-2024T17:02:41 - [TEST_STEP][PASSED] - maximizeWindow(): Current window maximized

25-09-2024T17:02:41 - [MESSAGE][PASSED] - Current window maximized

25-09-2024T17:02:41 - [TEST_STEP][PASSED] - setText(findTestObject("Object Repository/Page_Login - Easy Claims/input_Username_Username"), "patcheadmin2"): Text 'patcheadmin2' is set on object 'Object Repository/Page_Login - Easy Claims/input_Username_Username'

25-09-2024T17:02:41 - [MESSAGE][PASSED] - Text 'patcheadmin2' is set on object 'Object Repository/Page_Login - Easy Claims/input_Username_Username'

25-09-2024T17:02:41 - [TEST_STEP][PASSED] - setEncryptedText(findTestObject("Object Repository/Page_Login - Easy Claims/input_Password_Password"), "nwr9I1qT+J0GbQ++JlYjHw=="): Text ****** has been set on object 'Object Repository/Page_Login - Easy Claims/input_Password_Password'

25-09-2024T17:02:42 - [MESSAGE][PASSED] - Text ****** has been set on object 'Object Repository/Page_Login - Easy Claims/input_Password_Password'

25-09-2024T17:02:42 - [TEST_STEP][PASSED] - sendKeys(findTestObject("Object Repository/Page_Login - Easy Claims/input_Password_Password"), Keys.chord(ENTER)): Keys 'ENTER + ' sent to object: 'Object Repository/Page_Login - Easy Claims/input_Password_Password'

25-09-2024T17:02:42 - [MESSAGE][PASSED] - Keys 'ENTER + ' sent to object: 'Object Repository/Page_Login - Easy Claims/input_Password_Password'

25-09-2024T17:02:42 - [MESSAGE][PASSED] - Call Test Case 'Test Cases/EasyClaimLegacyLogin' successfully

25-09-2024T17:02:42 - [TEST_STEP][PASSED] - setText(findTestObject("Object Repository/Page_Connect - Easy Claims/input_Username_Username"), "PRO01_BDH_IJCM_01"): Text 'PRO01_BDH_IJCM_01' is set on object 'Object Repository/Page_Connect - Easy Claims/input_Username_Username'

25-09-2024T17:02:45 - [MESSAGE][PASSED] - Text 'PRO01_BDH_IJCM_01' is set on object 'Object Repository/Page_Connect - Easy Claims/input_Username_Username'

25-09-2024T17:02:45 - [TEST_STEP][PASSED] - setEncryptedText(findTestObject("Object Repository/Page_Connect - Easy Claims/input_Password_Password"), "P22/mDurbpKTCUGWnKJ+/Q=="): Text ****** has been set on object 'Object Repository/Page_Connect - Easy Claims/input_Password_Password'

25-09-2024T17:02:46 - [MESSAGE][PASSED] - Text ****** has been set on object 'Object Repository/Page_Connect - Easy Claims/input_Password_Password'

25-09-2024T17:02:46 - [TEST_STEP][PASSED] - click(findTestObject("Object Repository/Page_Connect - Easy Claims/input_Password_k-button k-primary")): Object: 'Object Repository/Page_Connect - Easy Claims/input_Password_k-button k-primary' is clicked on

25-09-2024T17:02:46 - [MESSAGE][PASSED] - Object: 'Object Repository/Page_Connect - Easy Claims/input_Password_k-button k-primary' is clicked on

25-09-2024T17:02:46 - [TEST_STEP][PASSED] - navigateToUrl("http://172.30.1.26/OPSUI.EasyClaims.Legacy/"): Navigate to 'http://172.30.1.26/OPSUI.EasyClaims.Legacy/' successfully

25-09-2024T17:02:47 - [MESSAGE][PASSED] - Navigate to 'http://172.30.1.26/OPSUI.EasyClaims.Legacy/' successfully

25-09-2024T17:02:47 - [TEST_STEP][PASSED] - delay(5): Delayed 5 second(s)

25-09-2024T17:02:52 - [MESSAGE][PASSED] - Delayed 5 second(s)]]></system-out>
         <system-err><![CDATA[]]></system-err>
      </testcase>
      <testcase name="Test Cases/EasyClaimLegacyFileClaiming" time="37.725" classname="Test Cases/EasyClaimLegacyFileClaiming" status="PASSED">
         <system-out><![CDATA[25-09-2024T17:02:52 - [TEST_CASE][PASSED] - Test Cases/EasyClaimLegacyFileClaiming: Test Cases/EasyClaimLegacyFileClaiming

25-09-2024T17:02:52 - [TEST_STEP][PASSED] - callTestCase(findTestCase("EasyClaimLegacyConnect"), [:], STOP_ON_FAILURE): Call Test Case 'Test Cases/EasyClaimLegacyConnect' successfully

25-09-2024T17:02:52 - [TEST_CASE][PASSED] - Test Cases/EasyClaimLegacyConnect: Test Cases/EasyClaimLegacyConnect

25-09-2024T17:02:52 - [TEST_STEP][PASSED] - callTestCase(findTestCase("EasyClaimLegacyLogin"), [:], STOP_ON_FAILURE): Call Test Case 'Test Cases/EasyClaimLegacyLogin' successfully

25-09-2024T17:02:52 - [TEST_CASE][PASSED] - Test Cases/EasyClaimLegacyLogin: Test Cases/EasyClaimLegacyLogin

25-09-2024T17:02:52 - [TEST_STEP][PASSED] - openBrowser(""): Browser is opened with url: ''

25-09-2024T17:02:52 - [MESSAGE][WARNING] - A browser is already opened. Closing browser and opening a new one

25-09-2024T17:02:52 - [MESSAGE][INFO] - Starting 'Chrome' driver

25-09-2024T17:02:52 - [MESSAGE][INFO] - Action delay is set to 0 milliseconds

25-09-2024T17:02:53 - [MESSAGE][PASSED] - Browser is opened with url: ''

25-09-2024T17:02:53 - [TEST_STEP][PASSED] - navigateToUrl("http://172.30.1.26/OPSUI.EasyClaims.Legacy/Account/Login?ReturnUrl=%2FOPSUI.EasyClaims.Legacy%2F"): Navigate to 'http://172.30.1.26/OPSUI.EasyClaims.Legacy/Account/Login?ReturnUrl=%2FOPSUI.EasyClaims.Legacy%2F' successfully

25-09-2024T17:02:53 - [MESSAGE][PASSED] - Navigate to 'http://172.30.1.26/OPSUI.EasyClaims.Legacy/Account/Login?ReturnUrl=%2FOPSUI.EasyClaims.Legacy%2F' successfully

25-09-2024T17:02:53 - [TEST_STEP][PASSED] - maximizeWindow(): Current window maximized

25-09-2024T17:02:53 - [MESSAGE][PASSED] - Current window maximized

25-09-2024T17:02:53 - [TEST_STEP][PASSED] - setText(findTestObject("Object Repository/Page_Login - Easy Claims/input_Username_Username"), "patcheadmin2"): Text 'patcheadmin2' is set on object 'Object Repository/Page_Login - Easy Claims/input_Username_Username'

25-09-2024T17:02:54 - [MESSAGE][PASSED] - Text 'patcheadmin2' is set on object 'Object Repository/Page_Login - Easy Claims/input_Username_Username'

25-09-2024T17:02:54 - [TEST_STEP][PASSED] - setEncryptedText(findTestObject("Object Repository/Page_Login - Easy Claims/input_Password_Password"), "nwr9I1qT+J0GbQ++JlYjHw=="): Text ****** has been set on object 'Object Repository/Page_Login - Easy Claims/input_Password_Password'

25-09-2024T17:02:54 - [MESSAGE][PASSED] - Text ****** has been set on object 'Object Repository/Page_Login - Easy Claims/input_Password_Password'

25-09-2024T17:02:54 - [TEST_STEP][PASSED] - sendKeys(findTestObject("Object Repository/Page_Login - Easy Claims/input_Password_Password"), Keys.chord(ENTER)): Keys 'ENTER + ' sent to object: 'Object Repository/Page_Login - Easy Claims/input_Password_Password'

25-09-2024T17:02:55 - [MESSAGE][PASSED] - Keys 'ENTER + ' sent to object: 'Object Repository/Page_Login - Easy Claims/input_Password_Password'

25-09-2024T17:02:55 - [MESSAGE][PASSED] - Call Test Case 'Test Cases/EasyClaimLegacyLogin' successfully

25-09-2024T17:02:55 - [TEST_STEP][PASSED] - setText(findTestObject("Object Repository/Page_Connect - Easy Claims/input_Username_Username"), "PRO01_BDH_IJCM_01"): Text 'PRO01_BDH_IJCM_01' is set on object 'Object Repository/Page_Connect - Easy Claims/input_Username_Username'

25-09-2024T17:03:03 - [MESSAGE][PASSED] - Text 'PRO01_BDH_IJCM_01' is set on object 'Object Repository/Page_Connect - Easy Claims/input_Username_Username'

25-09-2024T17:03:03 - [TEST_STEP][PASSED] - setEncryptedText(findTestObject("Object Repository/Page_Connect - Easy Claims/input_Password_Password"), "P22/mDurbpKTCUGWnKJ+/Q=="): Text ****** has been set on object 'Object Repository/Page_Connect - Easy Claims/input_Password_Password'

25-09-2024T17:03:03 - [MESSAGE][PASSED] - Text ****** has been set on object 'Object Repository/Page_Connect - Easy Claims/input_Password_Password'

25-09-2024T17:03:03 - [TEST_STEP][PASSED] - click(findTestObject("Object Repository/Page_Connect - Easy Claims/input_Password_k-button k-primary")): Object: 'Object Repository/Page_Connect - Easy Claims/input_Password_k-button k-primary' is clicked on

25-09-2024T17:03:04 - [MESSAGE][PASSED] - Object: 'Object Repository/Page_Connect - Easy Claims/input_Password_k-button k-primary' is clicked on

25-09-2024T17:03:04 - [TEST_STEP][PASSED] - navigateToUrl("http://172.30.1.26/OPSUI.EasyClaims.Legacy/"): Navigate to 'http://172.30.1.26/OPSUI.EasyClaims.Legacy/' successfully

25-09-2024T17:03:04 - [MESSAGE][PASSED] - Navigate to 'http://172.30.1.26/OPSUI.EasyClaims.Legacy/' successfully

25-09-2024T17:03:04 - [TEST_STEP][PASSED] - delay(5): Delayed 5 second(s)

25-09-2024T17:03:09 - [MESSAGE][PASSED] - Delayed 5 second(s)

25-09-2024T17:03:09 - [MESSAGE][PASSED] - Call Test Case 'Test Cases/EasyClaimLegacyConnect' successfully

25-09-2024T17:03:09 - [TEST_STEP][PASSED] - click(findTestObject("Object Repository/Page_ClaimFiling - Easy Claims/Page_Home - Easy Claims/a_File Claim")): Object: 'Object Repository/Page_ClaimFiling - Easy Claims/Page_Home - Easy Claims/a_File Claim' is clicked on

25-09-2024T17:03:11 - [MESSAGE][PASSED] - Object: 'Object Repository/Page_ClaimFiling - Easy Claims/Page_Home - Easy Claims/a_File Claim' is clicked on

25-09-2024T17:03:11 - [TEST_STEP][PASSED] - navigateToUrl("http://172.30.1.26/OPSUI.EasyClaims.Legacy/Claim/Create"): Navigate to 'http://172.30.1.26/OPSUI.EasyClaims.Legacy/Claim/Create' successfully

25-09-2024T17:03:14 - [MESSAGE][PASSED] - Navigate to 'http://172.30.1.26/OPSUI.EasyClaims.Legacy/Claim/Create' successfully

25-09-2024T17:03:14 - [TEST_STEP][PASSED] - click(findTestObject("Object Repository/Page_ClaimFiling - Easy Claims/Page_File Claim - Easy Claims/input_PIN_MemberPIN")): Object: 'Object Repository/Page_ClaimFiling - Easy Claims/Page_File Claim - Easy Claims/input_PIN_MemberPIN' is clicked on

25-09-2024T17:03:15 - [MESSAGE][PASSED] - Object: 'Object Repository/Page_ClaimFiling - Easy Claims/Page_File Claim - Easy Claims/input_PIN_MemberPIN' is clicked on

25-09-2024T17:03:15 - [TEST_STEP][PASSED] - sendKeys(findTestObject("Object Repository/Page_ClaimFiling - Easy Claims/Page_File Claim - Easy Claims/input_PIN_MemberPIN"), "05-201174650-0"): Keys '05-201174650-0' sent to object: 'Object Repository/Page_ClaimFiling - Easy Claims/Page_File Claim - Easy Claims/input_PIN_MemberPIN'

25-09-2024T17:03:15 - [MESSAGE][PASSED] - Keys '05-201174650-0' sent to object: 'Object Repository/Page_ClaimFiling - Easy Claims/Page_File Claim - Easy Claims/input_PIN_MemberPIN'

25-09-2024T17:03:15 - [TEST_STEP][PASSED] - click(findTestObject("Object Repository/Page_ClaimFiling - Easy Claims/Page_File Claim - Easy Claims/div_MemberGender_DefaultMaleFemale")): Object: 'Object Repository/Page_ClaimFiling - Easy Claims/Page_File Claim - Easy Claims/div_MemberGender_DefaultMaleFemale' is clicked on

25-09-2024T17:03:16 - [MESSAGE][PASSED] - Object: 'Object Repository/Page_ClaimFiling - Easy Claims/Page_File Claim - Easy Claims/div_MemberGender_DefaultMaleFemale' is clicked on

25-09-2024T17:03:16 - [TEST_STEP][PASSED] - click(findTestObject("Object Repository/Page_ClaimFiling - Easy Claims/Page_File Claim - Easy Claims/div_kendo.syncReady(function()jQuery(Member_da9fb1")): Object: 'Object Repository/Page_ClaimFiling - Easy Claims/Page_File Claim - Easy Claims/div_kendo.syncReady(function()jQuery(Member_da9fb1' is clicked on

25-09-2024T17:03:16 - [MESSAGE][PASSED] - Object: 'Object Repository/Page_ClaimFiling - Easy Claims/Page_File Claim - Easy Claims/div_kendo.syncReady(function()jQuery(Member_da9fb1' is clicked on

25-09-2024T17:03:16 - [TEST_STEP][PASSED] - click(findTestObject("Object Repository/Page_ClaimFiling - Easy Claims/Page_File Claim - Easy Claims/input_PIN_fetchMemberBtn")): Object: 'Object Repository/Page_ClaimFiling - Easy Claims/Page_File Claim - Easy Claims/input_PIN_fetchMemberBtn' is clicked on

25-09-2024T17:03:16 - [MESSAGE][PASSED] - Object: 'Object Repository/Page_ClaimFiling - Easy Claims/Page_File Claim - Easy Claims/input_PIN_fetchMemberBtn' is clicked on

25-09-2024T17:03:16 - [TEST_STEP][PASSED] - click(findTestObject("Object Repository/Page_ClaimFiling - Easy Claims/Page_File Claim - Easy Claims/input_Male_MemberGender")): Object: 'Object Repository/Page_ClaimFiling - Easy Claims/Page_File Claim - Easy Claims/input_Male_MemberGender' is clicked on

25-09-2024T17:03:18 - [MESSAGE][PASSED] - Object: 'Object Repository/Page_ClaimFiling - Easy Claims/Page_File Claim - Easy Claims/input_Male_MemberGender' is clicked on

25-09-2024T17:03:18 - [TEST_STEP][PASSED] - click(findTestObject("Object Repository/Page_ClaimFiling - Easy Claims/Page_File Claim - Easy Claims/input_Date of Birth_MemberBirthDate")): Object: 'Object Repository/Page_ClaimFiling - Easy Claims/Page_File Claim - Easy Claims/input_Date of Birth_MemberBirthDate' is clicked on

25-09-2024T17:03:19 - [MESSAGE][PASSED] - Object: 'Object Repository/Page_ClaimFiling - Easy Claims/Page_File Claim - Easy Claims/input_Date of Birth_MemberBirthDate' is clicked on

25-09-2024T17:03:19 - [TEST_STEP][PASSED] - setText(findTestObject("Object Repository/Page_ClaimFiling - Easy Claims/Page_File Claim - Easy Claims/input_Date of Birth_MemberBirthDate"), "1/24/1964"): Text '1/24/1964' is set on object 'Object Repository/Page_ClaimFiling - Easy Claims/Page_File Claim - Easy Claims/input_Date of Birth_MemberBirthDate'

25-09-2024T17:03:19 - [MESSAGE][PASSED] - Text '1/24/1964' is set on object 'Object Repository/Page_ClaimFiling - Easy Claims/Page_File Claim - Easy Claims/input_Date of Birth_MemberBirthDate'

25-09-2024T17:03:19 - [TEST_STEP][PASSED] - sendKeys(findTestObject("Object Repository/Page_ClaimFiling - Easy Claims/Page_File Claim - Easy Claims/textarea_Mailing Address_MailingAddress"), "mail@gmail.com"): Keys 'mail@gmail.com' sent to object: 'Object Repository/Page_ClaimFiling - Easy Claims/Page_File Claim - Easy Claims/textarea_Mailing Address_MailingAddress'

25-09-2024T17:03:20 - [MESSAGE][PASSED] - Keys 'mail@gmail.com' sent to object: 'Object Repository/Page_ClaimFiling - Easy Claims/Page_File Claim - Easy Claims/textarea_Mailing Address_MailingAddress'

25-09-2024T17:03:20 - [TEST_STEP][PASSED] - click(findTestObject("Object Repository/Page_ClaimFiling - Easy Claims/Page_File Claim - Easy Claims/input_Zip Code_ZipCode")): Object: 'Object Repository/Page_ClaimFiling - Easy Claims/Page_File Claim - Easy Claims/input_Zip Code_ZipCode' is clicked on

25-09-2024T17:03:20 - [MESSAGE][PASSED] - Object: 'Object Repository/Page_ClaimFiling - Easy Claims/Page_File Claim - Easy Claims/input_Zip Code_ZipCode' is clicked on

25-09-2024T17:03:20 - [TEST_STEP][PASSED] - sendKeys(findTestObject("Object Repository/Page_ClaimFiling - Easy Claims/Page_File Claim - Easy Claims/input_Zip Code_ZipCode"), "1128"): Keys '1128' sent to object: 'Object Repository/Page_ClaimFiling - Easy Claims/Page_File Claim - Easy Claims/input_Zip Code_ZipCode'

25-09-2024T17:03:20 - [MESSAGE][PASSED] - Keys '1128' sent to object: 'Object Repository/Page_ClaimFiling - Easy Claims/Page_File Claim - Easy Claims/input_Zip Code_ZipCode'

25-09-2024T17:03:20 - [TEST_STEP][PASSED] - click(findTestObject("Object Repository/Page_ClaimFiling - Easy Claims/Page_File Claim - Easy Claims/span_Select One_k-select")): Object: 'Object Repository/Page_ClaimFiling - Easy Claims/Page_File Claim - Easy Claims/span_Select One_k-select' is clicked on

25-09-2024T17:03:21 - [MESSAGE][PASSED] - Object: 'Object Repository/Page_ClaimFiling - Easy Claims/Page_File Claim - Easy Claims/span_Select One_k-select' is clicked on

25-09-2024T17:03:21 - [TEST_STEP][PASSED] - click(findTestObject("Object Repository/Page_ClaimFiling - Easy Claims/Page_File Claim - Easy Claims/li_Individually Paying")): Object: 'Object Repository/Page_ClaimFiling - Easy Claims/Page_File Claim - Easy Claims/li_Individually Paying' is clicked on

25-09-2024T17:03:21 - [MESSAGE][PASSED] - Object: 'Object Repository/Page_ClaimFiling - Easy Claims/Page_File Claim - Easy Claims/li_Individually Paying' is clicked on

25-09-2024T17:03:21 - [TEST_STEP][PASSED] - click(findTestObject("Object Repository/Page_ClaimFiling - Easy Claims/Page_File Claim - Easy Claims/span_Select One_k-icon k-i-arrow-60-down")): Object: 'Object Repository/Page_ClaimFiling - Easy Claims/Page_File Claim - Easy Claims/span_Select One_k-icon k-i-arrow-60-down' is clicked on

25-09-2024T17:03:22 - [MESSAGE][PASSED] - Object: 'Object Repository/Page_ClaimFiling - Easy Claims/Page_File Claim - Easy Claims/span_Select One_k-icon k-i-arrow-60-down' is clicked on

25-09-2024T17:03:22 - [TEST_STEP][PASSED] - click(findTestObject("Object Repository/Page_ClaimFiling - Easy Claims/Page_File Claim - Easy Claims/li_Member (Self)")): Object: 'Object Repository/Page_ClaimFiling - Easy Claims/Page_File Claim - Easy Claims/li_Member (Self)' is clicked on

25-09-2024T17:03:22 - [MESSAGE][PASSED] - Object: 'Object Repository/Page_ClaimFiling - Easy Claims/Page_File Claim - Easy Claims/li_Member (Self)' is clicked on

25-09-2024T17:03:22 - [TEST_STEP][PASSED] - sendKeys(findTestObject("Object Repository/Page_ClaimFiling - Easy Claims/Page_File Claim - Easy Claims/input_Admission Date and Time_AdmissionDateTime"), "9/23/2024 12:00 AM"): Keys '9/23/2024 12:00 AM' sent to object: 'Object Repository/Page_ClaimFiling - Easy Claims/Page_File Claim - Easy Claims/input_Admission Date and Time_AdmissionDateTime'

25-09-2024T17:03:23 - [MESSAGE][PASSED] - Keys '9/23/2024 12:00 AM' sent to object: 'Object Repository/Page_ClaimFiling - Easy Claims/Page_File Claim - Easy Claims/input_Admission Date and Time_AdmissionDateTime'

25-09-2024T17:03:23 - [TEST_STEP][PASSED] - sendKeys(findTestObject("Object Repository/Page_ClaimFiling - Easy Claims/Page_File Claim - Easy Claims/input_Discharge Date and Time_DischargeDateTime"), "9/24/2024 11:00 PM"): Keys '9/24/2024 11:00 PM' sent to object: 'Object Repository/Page_ClaimFiling - Easy Claims/Page_File Claim - Easy Claims/input_Discharge Date and Time_DischargeDateTime'

25-09-2024T17:03:23 - [MESSAGE][PASSED] - Keys '9/24/2024 11:00 PM' sent to object: 'Object Repository/Page_ClaimFiling - Easy Claims/Page_File Claim - Easy Claims/input_Discharge Date and Time_DischargeDateTime'

25-09-2024T17:03:23 - [TEST_STEP][PASSED] - click(findTestObject("Object Repository/Page_ClaimFiling - Easy Claims/Page_File Claim - Easy Claims/input_Save for E-Claims_IsFinal")): Object: 'Object Repository/Page_ClaimFiling - Easy Claims/Page_File Claim - Easy Claims/input_Save for E-Claims_IsFinal' is clicked on

25-09-2024T17:03:23 - [MESSAGE][PASSED] - Object: 'Object Repository/Page_ClaimFiling - Easy Claims/Page_File Claim - Easy Claims/input_Save for E-Claims_IsFinal' is clicked on

25-09-2024T17:03:23 - [TEST_STEP][PASSED] - click(findTestObject("Object Repository/Page_ClaimFiling - Easy Claims/Page_File Claim - Easy Claims/input_Transmittal Number_TransmittalNo")): Object: 'Object Repository/Page_ClaimFiling - Easy Claims/Page_File Claim - Easy Claims/input_Transmittal Number_TransmittalNo' is clicked on

25-09-2024T17:03:24 - [MESSAGE][PASSED] - Object: 'Object Repository/Page_ClaimFiling - Easy Claims/Page_File Claim - Easy Claims/input_Transmittal Number_TransmittalNo' is clicked on

25-09-2024T17:03:24 - [TEST_STEP][PASSED] - sendKeys(findTestObject("Object Repository/Page_ClaimFiling - Easy Claims/Page_File Claim - Easy Claims/input_Transmittal Number_TransmittalNo"), "TRANSS1212"): Keys 'TRANSS1212' sent to object: 'Object Repository/Page_ClaimFiling - Easy Claims/Page_File Claim - Easy Claims/input_Transmittal Number_TransmittalNo'

25-09-2024T17:03:24 - [MESSAGE][PASSED] - Keys 'TRANSS1212' sent to object: 'Object Repository/Page_ClaimFiling - Easy Claims/Page_File Claim - Easy Claims/input_Transmittal Number_TransmittalNo'

25-09-2024T17:03:24 - [TEST_STEP][PASSED] - doubleClick(findTestObject("Object Repository/Page_ClaimFiling - Easy Claims/Page_File Claim - Easy Claims/input_Transmittal Number_TransmittalNo")): Object: 'Object Repository/Page_ClaimFiling - Easy Claims/Page_File Claim - Easy Claims/input_Transmittal Number_TransmittalNo' is double clicked on

25-09-2024T17:03:25 - [MESSAGE][PASSED] - Object: 'Object Repository/Page_ClaimFiling - Easy Claims/Page_File Claim - Easy Claims/input_Transmittal Number_TransmittalNo' is double clicked on

25-09-2024T17:03:25 - [TEST_STEP][PASSED] - sendKeys(findTestObject("Object Repository/Page_ClaimFiling - Easy Claims/Page_File Claim - Easy Claims/input_Claim Number_ClaimNumber"), "CLAIMM1212"): Keys 'CLAIMM1212' sent to object: 'Object Repository/Page_ClaimFiling - Easy Claims/Page_File Claim - Easy Claims/input_Claim Number_ClaimNumber'

25-09-2024T17:03:25 - [MESSAGE][PASSED] - Keys 'CLAIMM1212' sent to object: 'Object Repository/Page_ClaimFiling - Easy Claims/Page_File Claim - Easy Claims/input_Claim Number_ClaimNumber'

25-09-2024T17:03:25 - [TEST_STEP][PASSED] - click(findTestObject("Object Repository/Page_ClaimFiling - Easy Claims/Page_File Claim - Easy Claims/input_Please ensure that all of the entered_eacd21")): Object: 'Object Repository/Page_ClaimFiling - Easy Claims/Page_File Claim - Easy Claims/input_Please ensure that all of the entered_eacd21' is clicked on

25-09-2024T17:03:25 - [MESSAGE][PASSED] - Object: 'Object Repository/Page_ClaimFiling - Easy Claims/Page_File Claim - Easy Claims/input_Please ensure that all of the entered_eacd21' is clicked on

25-09-2024T17:03:25 - [TEST_STEP][PASSED] - click(findTestObject("Object Repository/Page_ClaimFiling - Easy Claims/Page_PBEF - Easy Claims/input_Generating and printing of this form _08f184")): Object: 'Object Repository/Page_ClaimFiling - Easy Claims/Page_PBEF - Easy Claims/input_Generating and printing of this form _08f184' is clicked on

25-09-2024T17:03:27 - [MESSAGE][PASSED] - Object: 'Object Repository/Page_ClaimFiling - Easy Claims/Page_PBEF - Easy Claims/input_Generating and printing of this form _08f184' is clicked on

25-09-2024T17:03:27 - [TEST_STEP][PASSED] - click(findTestObject("Object Repository/Page_ClaimFiling - Easy Claims/Page_PBEF - Easy Claims/input_Generating and printing of this form _e07ca8")): Object: 'Object Repository/Page_ClaimFiling - Easy Claims/Page_PBEF - Easy Claims/input_Generating and printing of this form _e07ca8' is clicked on

25-09-2024T17:03:28 - [MESSAGE][PASSED] - Object: 'Object Repository/Page_ClaimFiling - Easy Claims/Page_PBEF - Easy Claims/input_Generating and printing of this form _e07ca8' is clicked on

25-09-2024T17:03:28 - [TEST_STEP][PASSED] - navigateToUrl("http://172.30.1.26/OPSUI.EasyClaims.Legacy/Claim/Eligibility?forEditing=False"): Navigate to 'http://172.30.1.26/OPSUI.EasyClaims.Legacy/Claim/Eligibility?forEditing=False' successfully

25-09-2024T17:03:28 - [MESSAGE][PASSED] - Navigate to 'http://172.30.1.26/OPSUI.EasyClaims.Legacy/Claim/Eligibility?forEditing=False' successfully

25-09-2024T17:03:28 - [TEST_STEP][PASSED] - click(findTestObject("Object Repository/Page_ClaimFiling - Easy Claims/Page_File Claim - Easy Claims/input_Please ensure that all of the entered_eacd21")): Object: 'Object Repository/Page_ClaimFiling - Easy Claims/Page_File Claim - Easy Claims/input_Please ensure that all of the entered_eacd21' is clicked on

25-09-2024T17:03:29 - [MESSAGE][PASSED] - Object: 'Object Repository/Page_ClaimFiling - Easy Claims/Page_File Claim - Easy Claims/input_Please ensure that all of the entered_eacd21' is clicked on]]></system-out>
         <system-err><![CDATA[]]></system-err>
      </testcase>
      <system-out><![CDATA[25-09-2024T17:02:34 - [TEST_SUITE][PASSED] - EC Legacy Regression Testing, OPSUI: Test Cases/EasyClaimLegacyFileClaiming]]></system-out>
      <system-err><![CDATA[]]></system-err>
   </testsuite>
</testsuites>
