<?xml version="1.0" encoding="UTF-8"?>
<testsuites name="EC Legacy Regression Testing, OPSUI(eSOA)" time="24.181" tests="1" failures="0" errors="0">
   <testsuite name="EC Legacy Regression Testing, OPSUI(eSOA)" tests="1" failures="0" errors="0" time="24.181" skipped="0" timestamp="01-10-2024T14:30:50" hostname="pfeniza - ENIC-KSANTOS.eurogroup.local" id="Test Suites/EC Legacy Regression Testing, OPSUI(eSOA)">
      <properties>
         <property name="deviceName" value=""/>
         <property name="devicePlatform"/>
         <property name="logFolder" value="C:\\Users\\pfeniza\\git\\katalon-platform\\Reports\\20241001_143039\\EC Legacy Regression Testing, OPSUI(eSOA)\\20241001_143039"/>
         <property name="logFiles" value="C:\\Users\\pfeniza\\git\\katalon-platform\\Reports\\20241001_143039\\EC Legacy Regression Testing, OPSUI(eSOA)\\20241001_143039\\execution0.log"/>
         <property name="attachments" value=""/>
         <property name="hostName" value="pfeniza - ENIC-KSANTOS.eurogroup.local"/>
         <property name="os" value="Windows 10 64bit"/>
         <property name="katalonVersion" value="9.7.2.223"/>
         <property name="browser" value="Chrome 129.0.0.0"/>
         <property name="hostAddress" value="10.81.234.5"/>
         <property name="sessionId" value="407ae6e6af57fe3c8e642bd53d8b613b"/>
         <property name="seleniumVersion" value="3.141.59"/>
         <property name="proxyInformation" value="ProxyInformation { proxyOption=NO_PROXY, proxyServerType=HTTP, username=, password=********, proxyServerAddress=, proxyServerPort=0, executionList=&quot;&quot;, isApplyToDesiredCapabilities=true }"/>
         <property name="platform" value="Windows 10"/>
      </properties>
      <testcase name="Test Cases/EasyClaimLegacyLoginAndHospitalAndUser" time="24.018" classname="Test Cases/EasyClaimLegacyLoginAndHospitalAndUser" status="PASSED">
         <system-out><![CDATA[01-10-2024T14:30:50 - [TEST_CASE][PASSED] - Test Cases/EasyClaimLegacyLoginAndHospitalAndUser: Test Cases/EasyClaimLegacyLoginAndHospitalAndUser

01-10-2024T14:30:51 - [TEST_STEP][PASSED] - openBrowser(""): Browser is opened with url: ''

01-10-2024T14:30:51 - [MESSAGE][INFO] - Starting 'Chrome' driver

01-10-2024T14:30:51 - [MESSAGE][INFO] - Action delay is set to 0 milliseconds

01-10-2024T14:30:52 - [MESSAGE][PASSED] - Browser is opened with url: ''

01-10-2024T14:30:52 - [TEST_STEP][PASSED] - navigateToUrl("http://172.30.1.26/OPSUI.EasyClaims.Legacy/Account/Login?ReturnUrl=%2FOPSUI.EasyClaims.Legacy%2F"): Navigate to 'http://172.30.1.26/OPSUI.EasyClaims.Legacy/Account/Login?ReturnUrl=%2FOPSUI.EasyClaims.Legacy%2F' successfully

01-10-2024T14:30:54 - [MESSAGE][PASSED] - Navigate to 'http://172.30.1.26/OPSUI.EasyClaims.Legacy/Account/Login?ReturnUrl=%2FOPSUI.EasyClaims.Legacy%2F' successfully

01-10-2024T14:30:54 - [TEST_STEP][PASSED] - maximizeWindow(): Current window maximized

01-10-2024T14:30:54 - [MESSAGE][PASSED] - Current window maximized

01-10-2024T14:30:54 - [TEST_STEP][PASSED] - setText(findTestObject("Object Repository/Page_Login - Easy Claims/input_Username_Username"), "admin"): Text 'admin' is set on object 'Object Repository/Page_Login - Easy Claims/input_Username_Username'

01-10-2024T14:30:54 - [MESSAGE][PASSED] - Text 'admin' is set on object 'Object Repository/Page_Login - Easy Claims/input_Username_Username'

01-10-2024T14:30:54 - [TEST_STEP][PASSED] - setEncryptedText(findTestObject("Object Repository/Page_Login - Easy Claims/input_Password_Password"), "iFGeFYmXIrUhQZHvW7P22w=="): Text ****** has been set on object 'Object Repository/Page_Login - Easy Claims/input_Password_Password'

01-10-2024T14:30:55 - [MESSAGE][PASSED] - Text ****** has been set on object 'Object Repository/Page_Login - Easy Claims/input_Password_Password'

01-10-2024T14:30:55 - [TEST_STEP][PASSED] - sendKeys(findTestObject("Object Repository/Page_Login - Easy Claims/input_Password_Password"), Keys.chord(ENTER)): Keys 'ENTER + ' sent to object: 'Object Repository/Page_Login - Easy Claims/input_Password_Password'

01-10-2024T14:30:55 - [MESSAGE][PASSED] - Keys 'ENTER + ' sent to object: 'Object Repository/Page_Login - Easy Claims/input_Password_Password'

01-10-2024T14:30:55 - [TEST_STEP][PASSED] - click(findTestObject("Object Repository/Page_Login - Easy Claims/Page_Connect - Easy Claims/span_Control Panel")): Object: 'Object Repository/Page_Login - Easy Claims/Page_Connect - Easy Claims/span_Control Panel' is clicked on

01-10-2024T14:30:59 - [MESSAGE][PASSED] - Object: 'Object Repository/Page_Login - Easy Claims/Page_Connect - Easy Claims/span_Control Panel' is clicked on

01-10-2024T14:30:59 - [TEST_STEP][PASSED] - navigateToUrl("http://172.30.1.26/OPSUI.EasyClaims.Legacy/ControlPanel"): Navigate to 'http://172.30.1.26/OPSUI.EasyClaims.Legacy/ControlPanel' successfully

01-10-2024T14:30:59 - [MESSAGE][PASSED] - Navigate to 'http://172.30.1.26/OPSUI.EasyClaims.Legacy/ControlPanel' successfully

01-10-2024T14:30:59 - [TEST_STEP][PASSED] - click(findTestObject("Object Repository/Page_Login - Easy Claims/Page_Control Panel - Easy Claims/span_Hospital Information (offline mode)")): Object: 'Object Repository/Page_Login - Easy Claims/Page_Control Panel - Easy Claims/span_Hospital Information (offline mode)' is clicked on

01-10-2024T14:31:02 - [MESSAGE][PASSED] - Object: 'Object Repository/Page_Login - Easy Claims/Page_Control Panel - Easy Claims/span_Hospital Information (offline mode)' is clicked on

01-10-2024T14:31:02 - [TEST_STEP][PASSED] - click(findTestObject("Object Repository/Page_Login - Easy Claims/Page_Control Panel - Easy Claims/input_b1 l1 bf homes, exchange 05 PAGPARTIA_a9fde9")): Object: 'Object Repository/Page_Login - Easy Claims/Page_Control Panel - Easy Claims/input_b1 l1 bf homes, exchange 05 PAGPARTIA_a9fde9' is clicked on

01-10-2024T14:31:02 - [MESSAGE][PASSED] - Object: 'Object Repository/Page_Login - Easy Claims/Page_Control Panel - Easy Claims/input_b1 l1 bf homes, exchange 05 PAGPARTIA_a9fde9' is clicked on

01-10-2024T14:31:02 - [TEST_STEP][PASSED] - setText(findTestObject("Object Repository/Page_Login - Easy Claims/Page_Control Panel - Easy Claims/input_Username_ConnectUserName"), "CAR_SPCH_JCT_001"): Text 'CAR_SPCH_JCT_001' is set on object 'Object Repository/Page_Login - Easy Claims/Page_Control Panel - Easy Claims/input_Username_ConnectUserName'

01-10-2024T14:31:03 - [MESSAGE][PASSED] - Text 'CAR_SPCH_JCT_001' is set on object 'Object Repository/Page_Login - Easy Claims/Page_Control Panel - Easy Claims/input_Username_ConnectUserName'

01-10-2024T14:31:03 - [TEST_STEP][PASSED] - setEncryptedText(findTestObject("Object Repository/Page_Login - Easy Claims/Page_Control Panel - Easy Claims/input_Password_ConnectPassword"), "P22/mDurbpKTCUGWnKJ+/Q=="): Text ****** has been set on object 'Object Repository/Page_Login - Easy Claims/Page_Control Panel - Easy Claims/input_Password_ConnectPassword'

01-10-2024T14:31:03 - [MESSAGE][PASSED] - Text ****** has been set on object 'Object Repository/Page_Login - Easy Claims/Page_Control Panel - Easy Claims/input_Password_ConnectPassword'

01-10-2024T14:31:03 - [TEST_STEP][PASSED] - click(findTestObject("Object Repository/Page_Login - Easy Claims/Page_Control Panel - Easy Claims/input_Password_k-button k-primary")): Object: 'Object Repository/Page_Login - Easy Claims/Page_Control Panel - Easy Claims/input_Password_k-button k-primary' is clicked on

01-10-2024T14:31:03 - [MESSAGE][PASSED] - Object: 'Object Repository/Page_Login - Easy Claims/Page_Control Panel - Easy Claims/input_Password_k-button k-primary' is clicked on

01-10-2024T14:31:03 - [TEST_STEP][PASSED] - click(findTestObject("Object Repository/Page_Login - Easy Claims/Page_Control Panel - Easy Claims/div_Hospital Code                          _698c28")): Object: 'Object Repository/Page_Login - Easy Claims/Page_Control Panel - Easy Claims/div_Hospital Code                          _698c28' is clicked on

01-10-2024T14:31:07 - [MESSAGE][PASSED] - Object: 'Object Repository/Page_Login - Easy Claims/Page_Control Panel - Easy Claims/div_Hospital Code                          _698c28' is clicked on

01-10-2024T14:31:07 - [TEST_STEP][PASSED] - setText(findTestObject("Object Repository/Page_Login - Easy Claims/Page_Control Panel - Easy Claims/input_Hospital Email_Hospital.HospitalEmail"), "peter@gmail.com"): Text 'peter@gmail.com' is set on object 'Object Repository/Page_Login - Easy Claims/Page_Control Panel - Easy Claims/input_Hospital Email_Hospital.HospitalEmail'

01-10-2024T14:31:07 - [MESSAGE][PASSED] - Text 'peter@gmail.com' is set on object 'Object Repository/Page_Login - Easy Claims/Page_Control Panel - Easy Claims/input_Hospital Email_Hospital.HospitalEmail'

01-10-2024T14:31:07 - [TEST_STEP][PASSED] - click(findTestObject("Object Repository/Page_Login - Easy Claims/Page_Control Panel - Easy Claims/div_Hospital Code                          _698c28")): Object: 'Object Repository/Page_Login - Easy Claims/Page_Control Panel - Easy Claims/div_Hospital Code                          _698c28' is clicked on

01-10-2024T14:31:08 - [MESSAGE][PASSED] - Object: 'Object Repository/Page_Login - Easy Claims/Page_Control Panel - Easy Claims/div_Hospital Code                          _698c28' is clicked on

01-10-2024T14:31:08 - [TEST_STEP][PASSED] - click(findTestObject("Object Repository/Page_Login - Easy Claims/Page_Control Panel - Easy Claims/li")): Object: 'Object Repository/Page_Login - Easy Claims/Page_Control Panel - Easy Claims/li' is clicked on

01-10-2024T14:31:08 - [MESSAGE][PASSED] - Object: 'Object Repository/Page_Login - Easy Claims/Page_Control Panel - Easy Claims/li' is clicked on

01-10-2024T14:31:08 - [TEST_STEP][PASSED] - click(findTestObject("Object Repository/Page_Login - Easy Claims/Page_Control Panel - Easy Claims/span_User Management")): Object: 'Object Repository/Page_Login - Easy Claims/Page_Control Panel - Easy Claims/span_User Management' is clicked on

01-10-2024T14:31:09 - [MESSAGE][PASSED] - Object: 'Object Repository/Page_Login - Easy Claims/Page_Control Panel - Easy Claims/span_User Management' is clicked on

01-10-2024T14:31:09 - [TEST_STEP][PASSED] - click(findTestObject("Object Repository/Page_Login - Easy Claims/Page_Control Panel - Easy Claims/input_samplegmail.com_addUserBtn")): Object: 'Object Repository/Page_Login - Easy Claims/Page_Control Panel - Easy Claims/input_samplegmail.com_addUserBtn' is clicked on

01-10-2024T14:31:09 - [MESSAGE][PASSED] - Object: 'Object Repository/Page_Login - Easy Claims/Page_Control Panel - Easy Claims/input_samplegmail.com_addUserBtn' is clicked on

01-10-2024T14:31:09 - [TEST_STEP][PASSED] - click(findTestObject("Object Repository/Page_Login - Easy Claims/Page_Control Panel - Easy Claims/span_SELECT ONE_k-icon k-i-arrow-60-down")): Object: 'Object Repository/Page_Login - Easy Claims/Page_Control Panel - Easy Claims/span_SELECT ONE_k-icon k-i-arrow-60-down' is clicked on

01-10-2024T14:31:10 - [MESSAGE][PASSED] - Object: 'Object Repository/Page_Login - Easy Claims/Page_Control Panel - Easy Claims/span_SELECT ONE_k-icon k-i-arrow-60-down' is clicked on

01-10-2024T14:31:10 - [TEST_STEP][PASSED] - click(findTestObject("Object Repository/Page_Login - Easy Claims/Page_Control Panel - Easy Claims/li_St. Peter Claver Hospital")): Object: 'Object Repository/Page_Login - Easy Claims/Page_Control Panel - Easy Claims/li_St. Peter Claver Hospital' is clicked on

01-10-2024T14:31:10 - [MESSAGE][PASSED] - Object: 'Object Repository/Page_Login - Easy Claims/Page_Control Panel - Easy Claims/li_St. Peter Claver Hospital' is clicked on

01-10-2024T14:31:10 - [TEST_STEP][PASSED] - setText(findTestObject("Object Repository/Page_Login - Easy Claims/Page_Control Panel - Easy Claims/input_Username_Username"), "patcheadmin3"): Text 'patcheadmin3' is set on object 'Object Repository/Page_Login - Easy Claims/Page_Control Panel - Easy Claims/input_Username_Username'

01-10-2024T14:31:11 - [MESSAGE][PASSED] - Text 'patcheadmin3' is set on object 'Object Repository/Page_Login - Easy Claims/Page_Control Panel - Easy Claims/input_Username_Username'

01-10-2024T14:31:11 - [TEST_STEP][PASSED] - setEncryptedText(findTestObject("Object Repository/Page_Login - Easy Claims/Page_Control Panel - Easy Claims/input_Password_Password"), "nwr9I1qT+J0GbQ++JlYjHw=="): Text ****** has been set on object 'Object Repository/Page_Login - Easy Claims/Page_Control Panel - Easy Claims/input_Password_Password'

01-10-2024T14:31:12 - [MESSAGE][PASSED] - Text ****** has been set on object 'Object Repository/Page_Login - Easy Claims/Page_Control Panel - Easy Claims/input_Password_Password'

01-10-2024T14:31:12 - [TEST_STEP][PASSED] - setEncryptedText(findTestObject("Object Repository/Page_Login - Easy Claims/Page_Control Panel - Easy Claims/input_Confirm password_ConfirmPassword"), "nwr9I1qT+J0GbQ++JlYjHw=="): Text ****** has been set on object 'Object Repository/Page_Login - Easy Claims/Page_Control Panel - Easy Claims/input_Confirm password_ConfirmPassword'

01-10-2024T14:31:12 - [MESSAGE][PASSED] - Text ****** has been set on object 'Object Repository/Page_Login - Easy Claims/Page_Control Panel - Easy Claims/input_Confirm password_ConfirmPassword'

01-10-2024T14:31:12 - [TEST_STEP][PASSED] - setText(findTestObject("Object Repository/Page_Login - Easy Claims/Page_Control Panel - Easy Claims/input_Email_Email"), "sample@gmail.com"): Text 'sample@gmail.com' is set on object 'Object Repository/Page_Login - Easy Claims/Page_Control Panel - Easy Claims/input_Email_Email'

01-10-2024T14:31:12 - [MESSAGE][PASSED] - Text 'sample@gmail.com' is set on object 'Object Repository/Page_Login - Easy Claims/Page_Control Panel - Easy Claims/input_Email_Email'

01-10-2024T14:31:12 - [TEST_STEP][PASSED] - click(findTestObject("Object Repository/Page_Login - Easy Claims/Page_Control Panel - Easy Claims/input_Roles_k-input k-readonly")): Object: 'Object Repository/Page_Login - Easy Claims/Page_Control Panel - Easy Claims/input_Roles_k-input k-readonly' is clicked on

01-10-2024T14:31:13 - [MESSAGE][PASSED] - Object: 'Object Repository/Page_Login - Easy Claims/Page_Control Panel - Easy Claims/input_Roles_k-input k-readonly' is clicked on

01-10-2024T14:31:13 - [TEST_STEP][PASSED] - sendKeys(findTestObject("Object Repository/Page_Login - Easy Claims/Page_Control Panel - Easy Claims/input_Roles_k-input k-readonly"), Keys.chord(ENTER)): Keys 'ENTER + ' sent to object: 'Object Repository/Page_Login - Easy Claims/Page_Control Panel - Easy Claims/input_Roles_k-input k-readonly'

01-10-2024T14:31:13 - [MESSAGE][PASSED] - Keys 'ENTER + ' sent to object: 'Object Repository/Page_Login - Easy Claims/Page_Control Panel - Easy Claims/input_Roles_k-input k-readonly'

01-10-2024T14:31:13 - [TEST_STEP][PASSED] - click(findTestObject("Object Repository/Page_Login - Easy Claims/Page_Control Panel - Easy Claims/div_Admin_flex-list-action")): Object: 'Object Repository/Page_Login - Easy Claims/Page_Control Panel - Easy Claims/div_Admin_flex-list-action' is clicked on

01-10-2024T14:31:14 - [MESSAGE][PASSED] - Object: 'Object Repository/Page_Login - Easy Claims/Page_Control Panel - Easy Claims/div_Admin_flex-list-action' is clicked on

01-10-2024T14:31:14 - [TEST_STEP][PASSED] - click(findTestObject("Object Repository/Page_Login - Easy Claims/Page_Control Panel - Easy Claims/li_1")): Object: 'Object Repository/Page_Login - Easy Claims/Page_Control Panel - Easy Claims/li_1' is clicked on

01-10-2024T14:31:14 - [MESSAGE][PASSED] - Object: 'Object Repository/Page_Login - Easy Claims/Page_Control Panel - Easy Claims/li_1' is clicked on]]></system-out>
         <system-err><![CDATA[]]></system-err>
      </testcase>
      <system-out><![CDATA[01-10-2024T14:30:50 - [TEST_SUITE][PASSED] - EC Legacy Regression Testing, OPSUI(eSOA): Test Cases/EasyClaimLegacyLoginAndHospitalAndUser]]></system-out>
      <system-err><![CDATA[]]></system-err>
   </testsuite>
</testsuites>
