<?xml version="1.0" encoding="UTF-8"?>
<testsuites name="EC Legacy Regression Testing, OPSUI(eSOA Enhancement)" time="69.91" tests="5" failures="0" errors="0">
   <testsuite name="EC Legacy Regression Testing, OPSUI(eSOA Enhancement)" tests="5" failures="0" errors="0" time="69.91" skipped="0" timestamp="12-11-2024T15:46:08" hostname="pfeniza - ENIC-KSANTOS.eurogroup.local" id="Test Suites/EC Legacy Regression Testing, OPSUI(eSOA Enhancement)">
      <properties>
         <property name="deviceName" value=""/>
         <property name="devicePlatform"/>
         <property name="logFolder" value="C:\\Users\\pfeniza\\git\\katalon-platform\\Reports\\20241112_154555\\EC Legacy Regression Testing, OPSUI(eSOA Enhancement)\\20241112_154555"/>
         <property name="logFiles" value="C:\\Users\\pfeniza\\git\\katalon-platform\\Reports\\20241112_154555\\EC Legacy Regression Testing, OPSUI(eSOA Enhancement)\\20241112_154555\\execution0.log"/>
         <property name="attachments" value=""/>
         <property name="hostName" value="pfeniza - ENIC-KSANTOS.eurogroup.local"/>
         <property name="os" value="Windows 10 64bit"/>
         <property name="katalonVersion" value="9.7.2.223"/>
         <property name="browser" value="Chrome 130.0.0.0"/>
         <property name="hostAddress" value="10.81.234.132"/>
         <property name="sessionId" value="044ee3302c7b4f8624f67307bf0635ee"/>
         <property name="seleniumVersion" value="3.141.59"/>
         <property name="proxyInformation" value="ProxyInformation { proxyOption=NO_PROXY, proxyServerType=HTTP, username=, password=********, proxyServerAddress=, proxyServerPort=0, executionList=&quot;&quot;, isApplyToDesiredCapabilities=true }"/>
         <property name="platform" value="Windows 10"/>
      </properties>
      <testcase name="Test Cases/EasyClaimLegacyLoginAndHospitalAndUser" time="30.167" classname="Test Cases/EasyClaimLegacyLoginAndHospitalAndUser" status="PASSED">
         <system-out><![CDATA[12-11-2024T15:46:08 - [TEST_CASE][PASSED] - Test Cases/EasyClaimLegacyLoginAndHospitalAndUser: Test Cases/EasyClaimLegacyLoginAndHospitalAndUser

12-11-2024T15:46:09 - [TEST_STEP][PASSED] - openBrowser(""): Browser is opened with url: ''

12-11-2024T15:46:09 - [MESSAGE][INFO] - Starting 'Chrome' driver

12-11-2024T15:46:09 - [MESSAGE][INFO] - Action delay is set to 0 milliseconds

12-11-2024T15:46:10 - [MESSAGE][PASSED] - Browser is opened with url: ''

12-11-2024T15:46:10 - [TEST_STEP][PASSED] - navigateToUrl(NavigateLoginPage): Navigate to 'http://172.30.1.26/OPSUI.EasyClaims.Legacy/Account/Login?ReturnUrl=%2FOPSUI.EasyClaims.Legacy%2F' successfully

12-11-2024T15:46:11 - [MESSAGE][PASSED] - Navigate to 'http://172.30.1.26/OPSUI.EasyClaims.Legacy/Account/Login?ReturnUrl=%2FOPSUI.EasyClaims.Legacy%2F' successfully

12-11-2024T15:46:11 - [TEST_STEP][PASSED] - maximizeWindow(): Current window maximized

12-11-2024T15:46:11 - [MESSAGE][PASSED] - Current window maximized

12-11-2024T15:46:11 - [TEST_STEP][PASSED] - setText(findTestObject("Object Repository/Page_Login, User, Hospital - Easy Claims/input_Username_Username"), Username): Text 'patche@admin
' is set on object 'Object Repository/Page_Login, User, Hospital - Easy Claims/input_Username_Username'

12-11-2024T15:46:12 - [MESSAGE][PASSED] - Text 'patche@admin
' is set on object 'Object Repository/Page_Login, User, Hospital - Easy Claims/input_Username_Username'

12-11-2024T15:46:12 - [TEST_STEP][PASSED] - setText(findTestObject("Object Repository/Page_Login, User, Hospital - Easy Claims/input_Password_Password"), Password): Text '123123123' is set on object 'Object Repository/Page_Login, User, Hospital - Easy Claims/input_Password_Password'

12-11-2024T15:46:13 - [MESSAGE][PASSED] - Text '123123123' is set on object 'Object Repository/Page_Login, User, Hospital - Easy Claims/input_Password_Password'

12-11-2024T15:46:13 - [TEST_STEP][PASSED] - sendKeys(findTestObject("Object Repository/Page_Login, User, Hospital - Easy Claims/input_Password_Password"), Keys.chord(ENTER)): Keys 'ENTER + ' sent to object: 'Object Repository/Page_Login, User, Hospital - Easy Claims/input_Password_Password'

12-11-2024T15:46:13 - [MESSAGE][PASSED] - Keys 'ENTER + ' sent to object: 'Object Repository/Page_Login, User, Hospital - Easy Claims/input_Password_Password'

12-11-2024T15:46:13 - [TEST_STEP][PASSED] - click(findTestObject("Object Repository/Page_Login, User, Hospital - Easy Claims/Page_Connect - Easy Claims/span_Control Panel")): Object: 'Object Repository/Page_Login, User, Hospital - Easy Claims/Page_Connect - Easy Claims/span_Control Panel' is clicked on

12-11-2024T15:46:16 - [MESSAGE][PASSED] - Object: 'Object Repository/Page_Login, User, Hospital - Easy Claims/Page_Connect - Easy Claims/span_Control Panel' is clicked on

12-11-2024T15:46:16 - [TEST_STEP][PASSED] - delay(3): Delayed 3 second(s)

12-11-2024T15:46:19 - [MESSAGE][PASSED] - Delayed 3 second(s)

12-11-2024T15:46:19 - [TEST_STEP][PASSED] - navigateToUrl(NavigateControlPanel): Navigate to 'http://172.30.1.26/OPSUI.EasyClaims.Legacy/ControlPanel' successfully

12-11-2024T15:46:19 - [MESSAGE][PASSED] - Navigate to 'http://172.30.1.26/OPSUI.EasyClaims.Legacy/ControlPanel' successfully

12-11-2024T15:46:19 - [TEST_STEP][PASSED] - click(findTestObject("Object Repository/Page_Login, User, Hospital - Easy Claims/Page_Control Panel - Easy Claims/span_Hospital Information (offline mode)")): Object: 'Object Repository/Page_Login, User, Hospital - Easy Claims/Page_Control Panel - Easy Claims/span_Hospital Information (offline mode)' is clicked on

12-11-2024T15:46:21 - [MESSAGE][PASSED] - Object: 'Object Repository/Page_Login, User, Hospital - Easy Claims/Page_Control Panel - Easy Claims/span_Hospital Information (offline mode)' is clicked on

12-11-2024T15:46:21 - [TEST_STEP][PASSED] - click(findTestObject("Object Repository/Page_Login, User, Hospital - Easy Claims/Page_Control Panel - Easy Claims/input_b1 l1 bf homes, exchange 05 PAGPARTIA_a9fde9")): Object: 'Object Repository/Page_Login, User, Hospital - Easy Claims/Page_Control Panel - Easy Claims/input_b1 l1 bf homes, exchange 05 PAGPARTIA_a9fde9' is clicked on

12-11-2024T15:46:21 - [MESSAGE][PASSED] - Object: 'Object Repository/Page_Login, User, Hospital - Easy Claims/Page_Control Panel - Easy Claims/input_b1 l1 bf homes, exchange 05 PAGPARTIA_a9fde9' is clicked on

12-11-2024T15:46:21 - [TEST_STEP][PASSED] - setText(findTestObject("Object Repository/Page_Login, User, Hospital - Easy Claims/Page_Control Panel - Easy Claims/input_Username_ConnectUserName"), HospitalUser): Text 'PRO01_BDH_IJCM_01' is set on object 'Object Repository/Page_Login, User, Hospital - Easy Claims/Page_Control Panel - Easy Claims/input_Username_ConnectUserName'

12-11-2024T15:46:22 - [MESSAGE][PASSED] - Text 'PRO01_BDH_IJCM_01' is set on object 'Object Repository/Page_Login, User, Hospital - Easy Claims/Page_Control Panel - Easy Claims/input_Username_ConnectUserName'

12-11-2024T15:46:22 - [TEST_STEP][PASSED] - setText(findTestObject("Object Repository/Page_Login, User, Hospital - Easy Claims/Page_Control Panel - Easy Claims/input_Password_ConnectPassword"), HospitalPass): Text 'Passw0rdxxx123' is set on object 'Object Repository/Page_Login, User, Hospital - Easy Claims/Page_Control Panel - Easy Claims/input_Password_ConnectPassword'

12-11-2024T15:46:23 - [MESSAGE][PASSED] - Text 'Passw0rdxxx123' is set on object 'Object Repository/Page_Login, User, Hospital - Easy Claims/Page_Control Panel - Easy Claims/input_Password_ConnectPassword'

12-11-2024T15:46:23 - [TEST_STEP][PASSED] - click(findTestObject("Object Repository/Page_Login, User, Hospital - Easy Claims/Page_Control Panel - Easy Claims/input_Password_k-button k-primary")): Object: 'Object Repository/Page_Login, User, Hospital - Easy Claims/Page_Control Panel - Easy Claims/input_Password_k-button k-primary' is clicked on

12-11-2024T15:46:23 - [MESSAGE][PASSED] - Object: 'Object Repository/Page_Login, User, Hospital - Easy Claims/Page_Control Panel - Easy Claims/input_Password_k-button k-primary' is clicked on

12-11-2024T15:46:23 - [TEST_STEP][PASSED] - click(findTestObject("Object Repository/Page_Login, User, Hospital - Easy Claims/Page_Control Panel - Easy Claims/div_Hospital Code                          _698c28")): Object: 'Object Repository/Page_Login, User, Hospital - Easy Claims/Page_Control Panel - Easy Claims/div_Hospital Code                          _698c28' is clicked on

12-11-2024T15:46:29 - [MESSAGE][PASSED] - Object: 'Object Repository/Page_Login, User, Hospital - Easy Claims/Page_Control Panel - Easy Claims/div_Hospital Code                          _698c28' is clicked on

12-11-2024T15:46:29 - [TEST_STEP][PASSED] - setText(findTestObject("Object Repository/Page_Login, User, Hospital - Easy Claims/Page_Control Panel - Easy Claims/input_Hospital Email_Hospital.HospitalEmail"), HospitalEmail): Text 'peter@gmail.com' is set on object 'Object Repository/Page_Login, User, Hospital - Easy Claims/Page_Control Panel - Easy Claims/input_Hospital Email_Hospital.HospitalEmail'

12-11-2024T15:46:30 - [MESSAGE][PASSED] - Text 'peter@gmail.com' is set on object 'Object Repository/Page_Login, User, Hospital - Easy Claims/Page_Control Panel - Easy Claims/input_Hospital Email_Hospital.HospitalEmail'

12-11-2024T15:46:30 - [TEST_STEP][PASSED] - click(findTestObject("Object Repository/Page_Login, User, Hospital - Easy Claims/Page_Control Panel - Easy Claims/div_Hospital Code                          _698c28")): Object: 'Object Repository/Page_Login, User, Hospital - Easy Claims/Page_Control Panel - Easy Claims/div_Hospital Code                          _698c28' is clicked on

12-11-2024T15:46:30 - [MESSAGE][PASSED] - Object: 'Object Repository/Page_Login, User, Hospital - Easy Claims/Page_Control Panel - Easy Claims/div_Hospital Code                          _698c28' is clicked on

12-11-2024T15:46:30 - [TEST_STEP][PASSED] - click(findTestObject("Object Repository/Page_Login, User, Hospital - Easy Claims/Page_Control Panel - Easy Claims/li")): Object: 'Object Repository/Page_Login, User, Hospital - Easy Claims/Page_Control Panel - Easy Claims/li' is clicked on

12-11-2024T15:46:31 - [MESSAGE][PASSED] - Object: 'Object Repository/Page_Login, User, Hospital - Easy Claims/Page_Control Panel - Easy Claims/li' is clicked on

12-11-2024T15:46:31 - [TEST_STEP][PASSED] - click(findTestObject("Object Repository/Page_Login, User, Hospital - Easy Claims/Page_Control Panel - Easy Claims/span_User Management")): Object: 'Object Repository/Page_Login, User, Hospital - Easy Claims/Page_Control Panel - Easy Claims/span_User Management' is clicked on

12-11-2024T15:46:31 - [MESSAGE][PASSED] - Object: 'Object Repository/Page_Login, User, Hospital - Easy Claims/Page_Control Panel - Easy Claims/span_User Management' is clicked on

12-11-2024T15:46:31 - [TEST_STEP][PASSED] - click(findTestObject("Object Repository/Page_Login, User, Hospital - Easy Claims/Page_Control Panel - Easy Claims/input_samplegmail.com_addUserBtn")): Object: 'Object Repository/Page_Login, User, Hospital - Easy Claims/Page_Control Panel - Easy Claims/input_samplegmail.com_addUserBtn' is clicked on

12-11-2024T15:46:32 - [MESSAGE][PASSED] - Object: 'Object Repository/Page_Login, User, Hospital - Easy Claims/Page_Control Panel - Easy Claims/input_samplegmail.com_addUserBtn' is clicked on

12-11-2024T15:46:32 - [TEST_STEP][PASSED] - click(findTestObject("Object Repository/Page_Login, User, Hospital - Easy Claims/Page_Control Panel - Easy Claims/span_SELECT ONE_k-icon k-i-arrow-60-down")): Object: 'Object Repository/Page_Login, User, Hospital - Easy Claims/Page_Control Panel - Easy Claims/span_SELECT ONE_k-icon k-i-arrow-60-down' is clicked on

12-11-2024T15:46:32 - [MESSAGE][PASSED] - Object: 'Object Repository/Page_Login, User, Hospital - Easy Claims/Page_Control Panel - Easy Claims/span_SELECT ONE_k-icon k-i-arrow-60-down' is clicked on

12-11-2024T15:46:32 - [TEST_STEP][PASSED] - click(findTestObject("Page_Login, User, Hospital - Easy Claims/Page_Control Panel - Easy Claims/li_Bayambang District Hospital")): Object: 'Object Repository/Page_Login, User, Hospital - Easy Claims/Page_Control Panel - Easy Claims/li_Bayambang District Hospital' is clicked on

12-11-2024T15:46:33 - [MESSAGE][PASSED] - Object: 'Object Repository/Page_Login, User, Hospital - Easy Claims/Page_Control Panel - Easy Claims/li_Bayambang District Hospital' is clicked on

12-11-2024T15:46:33 - [TEST_STEP][PASSED] - setText(findTestObject("Object Repository/Page_Login, User, Hospital - Easy Claims/Page_Control Panel - Easy Claims/input_Username_Username"), CreatingUserAcc): Text 'patcheadmin3' is set on object 'Object Repository/Page_Login, User, Hospital - Easy Claims/Page_Control Panel - Easy Claims/input_Username_Username'

12-11-2024T15:46:34 - [MESSAGE][PASSED] - Text 'patcheadmin3' is set on object 'Object Repository/Page_Login, User, Hospital - Easy Claims/Page_Control Panel - Easy Claims/input_Username_Username'

12-11-2024T15:46:34 - [TEST_STEP][PASSED] - setText(findTestObject("Object Repository/Page_Login, User, Hospital - Easy Claims/Page_Control Panel - Easy Claims/input_Password_Password"), CreatingPassword): Text '123123123' is set on object 'Object Repository/Page_Login, User, Hospital - Easy Claims/Page_Control Panel - Easy Claims/input_Password_Password'

12-11-2024T15:46:34 - [MESSAGE][PASSED] - Text '123123123' is set on object 'Object Repository/Page_Login, User, Hospital - Easy Claims/Page_Control Panel - Easy Claims/input_Password_Password'

12-11-2024T15:46:34 - [TEST_STEP][PASSED] - setText(findTestObject("Object Repository/Page_Login, User, Hospital - Easy Claims/Page_Control Panel - Easy Claims/input_Confirm password_ConfirmPassword"), CreatingConfirmPassword): Text '123123123' is set on object 'Object Repository/Page_Login, User, Hospital - Easy Claims/Page_Control Panel - Easy Claims/input_Confirm password_ConfirmPassword'

12-11-2024T15:46:35 - [MESSAGE][PASSED] - Text '123123123' is set on object 'Object Repository/Page_Login, User, Hospital - Easy Claims/Page_Control Panel - Easy Claims/input_Confirm password_ConfirmPassword'

12-11-2024T15:46:35 - [TEST_STEP][PASSED] - setText(findTestObject("Object Repository/Page_Login, User, Hospital - Easy Claims/Page_Control Panel - Easy Claims/input_Email_Email"), CreatingUserEmail): Text 'sample@gmail.com' is set on object 'Object Repository/Page_Login, User, Hospital - Easy Claims/Page_Control Panel - Easy Claims/input_Email_Email'

12-11-2024T15:46:35 - [MESSAGE][PASSED] - Text 'sample@gmail.com' is set on object 'Object Repository/Page_Login, User, Hospital - Easy Claims/Page_Control Panel - Easy Claims/input_Email_Email'

12-11-2024T15:46:35 - [TEST_STEP][PASSED] - click(findTestObject("Object Repository/Page_Login, User, Hospital - Easy Claims/Page_Control Panel - Easy Claims/input_Roles_k-input k-readonly")): Object: 'Object Repository/Page_Login, User, Hospital - Easy Claims/Page_Control Panel - Easy Claims/input_Roles_k-input k-readonly' is clicked on

12-11-2024T15:46:35 - [MESSAGE][PASSED] - Object: 'Object Repository/Page_Login, User, Hospital - Easy Claims/Page_Control Panel - Easy Claims/input_Roles_k-input k-readonly' is clicked on

12-11-2024T15:46:35 - [TEST_STEP][PASSED] - sendKeys(findTestObject("Object Repository/Page_Login, User, Hospital - Easy Claims/Page_Control Panel - Easy Claims/input_Roles_k-input k-readonly"), Keys.chord(ENTER)): Keys 'ENTER + ' sent to object: 'Object Repository/Page_Login, User, Hospital - Easy Claims/Page_Control Panel - Easy Claims/input_Roles_k-input k-readonly'

12-11-2024T15:46:36 - [MESSAGE][PASSED] - Keys 'ENTER + ' sent to object: 'Object Repository/Page_Login, User, Hospital - Easy Claims/Page_Control Panel - Easy Claims/input_Roles_k-input k-readonly'

12-11-2024T15:46:36 - [TEST_STEP][PASSED] - click(findTestObject("Object Repository/Page_Login, User, Hospital - Easy Claims/Page_Control Panel - Easy Claims/div_Admin_flex-list-action")): Object: 'Object Repository/Page_Login, User, Hospital - Easy Claims/Page_Control Panel - Easy Claims/div_Admin_flex-list-action' is clicked on

12-11-2024T15:46:37 - [MESSAGE][PASSED] - Object: 'Object Repository/Page_Login, User, Hospital - Easy Claims/Page_Control Panel - Easy Claims/div_Admin_flex-list-action' is clicked on

12-11-2024T15:46:37 - [TEST_STEP][PASSED] - click(findTestObject("Object Repository/Page_Login, User, Hospital - Easy Claims/Page_Control Panel - Easy Claims/li_1")): Object: 'Object Repository/Page_Login, User, Hospital - Easy Claims/Page_Control Panel - Easy Claims/li_1' is clicked on

12-11-2024T15:46:37 - [MESSAGE][PASSED] - Object: 'Object Repository/Page_Login, User, Hospital - Easy Claims/Page_Control Panel - Easy Claims/li_1' is clicked on

12-11-2024T15:46:37 - [TEST_STEP][PASSED] - click(findTestObject("Object Repository/Page_Login, User, Hospital - Easy Claims/Page_Control Panel - Easy Claims/span_Log off")): Object: 'Object Repository/Page_Login, User, Hospital - Easy Claims/Page_Control Panel - Easy Claims/span_Log off' is clicked on

12-11-2024T15:46:38 - [MESSAGE][PASSED] - Object: 'Object Repository/Page_Login, User, Hospital - Easy Claims/Page_Control Panel - Easy Claims/span_Log off' is clicked on]]></system-out>
         <system-err><![CDATA[]]></system-err>
      </testcase>
      <testcase name="Test Cases/EasyClaimLoginCreatedAccountAndConnect(OfflineFilling)" time="2.078" classname="Test Cases/EasyClaimLoginCreatedAccountAndConnect(OfflineFilling)" status="PASSED">
         <system-out><![CDATA[12-11-2024T15:46:39 - [TEST_CASE][PASSED] - Test Cases/EasyClaimLoginCreatedAccountAndConnect(OfflineFilling): Test Cases/EasyClaimLoginCreatedAccountAndConnect(OfflineFilling)

12-11-2024T15:46:39 - [TEST_STEP][PASSED] - navigateToUrl(UrlLogin): Navigate to 'http://172.30.1.26/OPSUI.EasyClaims.Legacy/Account/Login?ReturnUrl=%2FOPSUI.EasyClaims.Legacy%2F' successfully

12-11-2024T15:46:39 - [MESSAGE][PASSED] - Navigate to 'http://172.30.1.26/OPSUI.EasyClaims.Legacy/Account/Login?ReturnUrl=%2FOPSUI.EasyClaims.Legacy%2F' successfully

12-11-2024T15:46:39 - [TEST_STEP][PASSED] - setText(findTestObject("Object Repository/Page_LoginAccountCreatedAndConnect/Page_Login - Easy Claims/input_Username_Username"), CreatedUser): Text 'patcheadmin3' is set on object 'Object Repository/Page_LoginAccountCreatedAndConnect/Page_Login - Easy Claims/input_Username_Username'

12-11-2024T15:46:40 - [MESSAGE][PASSED] - Text 'patcheadmin3' is set on object 'Object Repository/Page_LoginAccountCreatedAndConnect/Page_Login - Easy Claims/input_Username_Username'

12-11-2024T15:46:40 - [TEST_STEP][PASSED] - setText(findTestObject("Object Repository/Page_LoginAccountCreatedAndConnect/Page_Login - Easy Claims/input_Password_Password"), CreatedPass): Text '123123123' is set on object 'Object Repository/Page_LoginAccountCreatedAndConnect/Page_Login - Easy Claims/input_Password_Password'

12-11-2024T15:46:40 - [MESSAGE][PASSED] - Text '123123123' is set on object 'Object Repository/Page_LoginAccountCreatedAndConnect/Page_Login - Easy Claims/input_Password_Password'

12-11-2024T15:46:40 - [TEST_STEP][PASSED] - click(findTestObject("Object Repository/Page_LoginAccountCreatedAndConnect/Page_Login - Easy Claims/input_Password_submitBtn")): Object: 'Object Repository/Page_LoginAccountCreatedAndConnect/Page_Login - Easy Claims/input_Password_submitBtn' is clicked on

12-11-2024T15:46:41 - [MESSAGE][PASSED] - Object: 'Object Repository/Page_LoginAccountCreatedAndConnect/Page_Login - Easy Claims/input_Password_submitBtn' is clicked on]]></system-out>
         <system-err><![CDATA[]]></system-err>
      </testcase>
      <testcase name="Test Cases/EasyClaimLegacyFileClaiming_CheckEligibility(OfflineFiling)" time="16.722" classname="Test Cases/EasyClaimLegacyFileClaiming_CheckEligibility(OfflineFiling)" status="PASSED">
         <system-out><![CDATA[12-11-2024T15:46:41 - [TEST_CASE][PASSED] - Test Cases/EasyClaimLegacyFileClaiming_CheckEligibility(OfflineFiling): Test Cases/EasyClaimLegacyFileClaiming_CheckEligibility(OfflineFiling)

12-11-2024T15:46:41 - [TEST_STEP][PASSED] - click(findTestObject("Object Repository/Page_LoginAccountCreatedAndConnect/Page_Connect - Easy Claims/span_Claims")): Object: 'Object Repository/Page_LoginAccountCreatedAndConnect/Page_Connect - Easy Claims/span_Claims' is clicked on

12-11-2024T15:46:42 - [MESSAGE][PASSED] - Object: 'Object Repository/Page_LoginAccountCreatedAndConnect/Page_Connect - Easy Claims/span_Claims' is clicked on

12-11-2024T15:46:42 - [TEST_STEP][PASSED] - delay(5, STOP_ON_FAILURE): Delayed 5 second(s)

12-11-2024T15:46:47 - [MESSAGE][PASSED] - Delayed 5 second(s)

12-11-2024T15:46:47 - [TEST_STEP][PASSED] - click(findTestObject("Object Repository/Page_ClaimFiling - Easy Claims/Page_Home - Easy Claims/a_File Claim")): Object: 'Object Repository/Page_ClaimFiling - Easy Claims/Page_Home - Easy Claims/a_File Claim' is clicked on

12-11-2024T15:46:47 - [MESSAGE][PASSED] - Object: 'Object Repository/Page_ClaimFiling - Easy Claims/Page_Home - Easy Claims/a_File Claim' is clicked on

12-11-2024T15:46:47 - [TEST_STEP][PASSED] - navigateToUrl(NavClaimFiling): Navigate to 'http://172.30.1.26/OPSUI.EasyClaims.Legacy/Claim/Create' successfully

12-11-2024T15:46:48 - [MESSAGE][PASSED] - Navigate to 'http://172.30.1.26/OPSUI.EasyClaims.Legacy/Claim/Create' successfully

12-11-2024T15:46:48 - [TEST_STEP][PASSED] - click(findTestObject("Object Repository/Page_ClaimFiling - Easy Claims(Offline)/Page_File Claim - Easy Claims/input_PIN_MemberPIN")): Object: 'Object Repository/Page_ClaimFiling - Easy Claims(Offline)/Page_File Claim - Easy Claims/input_PIN_MemberPIN' is clicked on

12-11-2024T15:46:49 - [MESSAGE][PASSED] - Object: 'Object Repository/Page_ClaimFiling - Easy Claims(Offline)/Page_File Claim - Easy Claims/input_PIN_MemberPIN' is clicked on

12-11-2024T15:46:49 - [TEST_STEP][PASSED] - sendKeys(findTestObject("Object Repository/Page_ClaimFiling - Easy Claims(Offline)/Page_File Claim - Easy Claims/input_PIN_MemberPIN"), pPIN): Keys '05-025405092-7' sent to object: 'Object Repository/Page_ClaimFiling - Easy Claims(Offline)/Page_File Claim - Easy Claims/input_PIN_MemberPIN'

12-11-2024T15:46:49 - [MESSAGE][PASSED] - Keys '05-025405092-7' sent to object: 'Object Repository/Page_ClaimFiling - Easy Claims(Offline)/Page_File Claim - Easy Claims/input_PIN_MemberPIN'

12-11-2024T15:46:49 - [TEST_STEP][PASSED] - click(findTestObject("Object Repository/Page_ClaimFiling - Easy Claims(Offline)/Page_File Claim - Easy Claims/div_MemberGender_DefaultMaleFemale")): Object: 'Object Repository/Page_ClaimFiling - Easy Claims(Offline)/Page_File Claim - Easy Claims/div_MemberGender_DefaultMaleFemale' is clicked on

12-11-2024T15:46:49 - [MESSAGE][PASSED] - Object: 'Object Repository/Page_ClaimFiling - Easy Claims(Offline)/Page_File Claim - Easy Claims/div_MemberGender_DefaultMaleFemale' is clicked on

12-11-2024T15:46:49 - [TEST_STEP][PASSED] - click(findTestObject("Object Repository/Page_ClaimFiling - Easy Claims(Offline)/Page_File Claim - Easy Claims/div_kendo.syncReady(function()jQuery(Member_da9fb1")): Object: 'Object Repository/Page_ClaimFiling - Easy Claims(Offline)/Page_File Claim - Easy Claims/div_kendo.syncReady(function()jQuery(Member_da9fb1' is clicked on

12-11-2024T15:46:49 - [MESSAGE][PASSED] - Object: 'Object Repository/Page_ClaimFiling - Easy Claims(Offline)/Page_File Claim - Easy Claims/div_kendo.syncReady(function()jQuery(Member_da9fb1' is clicked on

12-11-2024T15:46:49 - [TEST_STEP][PASSED] - click(findTestObject("Object Repository/Page_ClaimFiling - Easy Claims(Offline)/Page_File Claim - Easy Claims/input_Male_MemberGender")): Object: 'Object Repository/Page_ClaimFiling - Easy Claims(Offline)/Page_File Claim - Easy Claims/input_Male_MemberGender' is clicked on

12-11-2024T15:46:50 - [MESSAGE][PASSED] - Object: 'Object Repository/Page_ClaimFiling - Easy Claims(Offline)/Page_File Claim - Easy Claims/input_Male_MemberGender' is clicked on

12-11-2024T15:46:50 - [TEST_STEP][PASSED] - sendKeys(findTestObject("Object Repository/Page_ClaimFiling - Easy Claims(Offline)/Page_File Claim - Easy Claims/textarea_Mailing Address_MailingAddress"), pMailingAdd): Keys 'Example Mailing' sent to object: 'Object Repository/Page_ClaimFiling - Easy Claims(Offline)/Page_File Claim - Easy Claims/textarea_Mailing Address_MailingAddress'

12-11-2024T15:46:50 - [MESSAGE][PASSED] - Keys 'Example Mailing' sent to object: 'Object Repository/Page_ClaimFiling - Easy Claims(Offline)/Page_File Claim - Easy Claims/textarea_Mailing Address_MailingAddress'

12-11-2024T15:46:50 - [TEST_STEP][PASSED] - click(findTestObject("Object Repository/Page_ClaimFiling - Easy Claims(Offline)/Page_File Claim - Easy Claims/input_Zip Code_ZipCode")): Object: 'Object Repository/Page_ClaimFiling - Easy Claims(Offline)/Page_File Claim - Easy Claims/input_Zip Code_ZipCode' is clicked on

12-11-2024T15:46:50 - [MESSAGE][PASSED] - Object: 'Object Repository/Page_ClaimFiling - Easy Claims(Offline)/Page_File Claim - Easy Claims/input_Zip Code_ZipCode' is clicked on

12-11-2024T15:46:50 - [TEST_STEP][PASSED] - sendKeys(findTestObject("Object Repository/Page_ClaimFiling - Easy Claims(Offline)/Page_File Claim - Easy Claims/input_Zip Code_ZipCode"), pZipCode): Keys '1128
' sent to object: 'Object Repository/Page_ClaimFiling - Easy Claims(Offline)/Page_File Claim - Easy Claims/input_Zip Code_ZipCode'

12-11-2024T15:46:51 - [MESSAGE][PASSED] - Keys '1128
' sent to object: 'Object Repository/Page_ClaimFiling - Easy Claims(Offline)/Page_File Claim - Easy Claims/input_Zip Code_ZipCode'

12-11-2024T15:46:51 - [TEST_STEP][PASSED] - click(findTestObject("Object Repository/Page_ClaimFiling - Easy Claims(Offline)/Page_File Claim - Easy Claims/span_Select One_k-select")): Object: 'Object Repository/Page_ClaimFiling - Easy Claims(Offline)/Page_File Claim - Easy Claims/span_Select One_k-select' is clicked on

12-11-2024T15:46:51 - [MESSAGE][PASSED] - Object: 'Object Repository/Page_ClaimFiling - Easy Claims(Offline)/Page_File Claim - Easy Claims/span_Select One_k-select' is clicked on

12-11-2024T15:46:51 - [TEST_STEP][PASSED] - click(findTestObject("Object Repository/Page_ClaimFiling - Easy Claims(Offline)/Page_File Claim - Easy Claims/li_Individually Paying")): Object: 'Object Repository/Page_ClaimFiling - Easy Claims(Offline)/Page_File Claim - Easy Claims/li_Individually Paying' is clicked on

12-11-2024T15:46:51 - [MESSAGE][PASSED] - Object: 'Object Repository/Page_ClaimFiling - Easy Claims(Offline)/Page_File Claim - Easy Claims/li_Individually Paying' is clicked on

12-11-2024T15:46:51 - [TEST_STEP][PASSED] - click(findTestObject("Object Repository/Page_ClaimFiling - Easy Claims(Offline)/Page_File Claim - Easy Claims/span_Select One_k-icon k-i-arrow-60-down")): Object: 'Object Repository/Page_ClaimFiling - Easy Claims(Offline)/Page_File Claim - Easy Claims/span_Select One_k-icon k-i-arrow-60-down' is clicked on

12-11-2024T15:46:52 - [MESSAGE][PASSED] - Object: 'Object Repository/Page_ClaimFiling - Easy Claims(Offline)/Page_File Claim - Easy Claims/span_Select One_k-icon k-i-arrow-60-down' is clicked on

12-11-2024T15:46:52 - [TEST_STEP][PASSED] - click(findTestObject("Object Repository/Page_ClaimFiling - Easy Claims(Offline)/Page_File Claim - Easy Claims/li_Member (Self)")): Object: 'Object Repository/Page_ClaimFiling - Easy Claims(Offline)/Page_File Claim - Easy Claims/li_Member (Self)' is clicked on

12-11-2024T15:46:52 - [MESSAGE][PASSED] - Object: 'Object Repository/Page_ClaimFiling - Easy Claims(Offline)/Page_File Claim - Easy Claims/li_Member (Self)' is clicked on

12-11-2024T15:46:52 - [TEST_STEP][PASSED] - sendKeys(findTestObject("Object Repository/Page_ClaimFiling - Easy Claims(Offline)/Page_File Claim - Easy Claims/input_Admission Date and Time_AdmissionDateTime"), pAddmissionD): Keys '9/23/2024 12:00 AM' sent to object: 'Object Repository/Page_ClaimFiling - Easy Claims(Offline)/Page_File Claim - Easy Claims/input_Admission Date and Time_AdmissionDateTime'

12-11-2024T15:46:53 - [MESSAGE][PASSED] - Keys '9/23/2024 12:00 AM' sent to object: 'Object Repository/Page_ClaimFiling - Easy Claims(Offline)/Page_File Claim - Easy Claims/input_Admission Date and Time_AdmissionDateTime'

12-11-2024T15:46:53 - [TEST_STEP][PASSED] - sendKeys(findTestObject("Object Repository/Page_ClaimFiling - Easy Claims(Offline)/Page_File Claim - Easy Claims/input_Discharge Date and Time_DischargeDateTime"), pDischargeD): Keys '9/24/2024 11:00 PM' sent to object: 'Object Repository/Page_ClaimFiling - Easy Claims(Offline)/Page_File Claim - Easy Claims/input_Discharge Date and Time_DischargeDateTime'

12-11-2024T15:46:53 - [MESSAGE][PASSED] - Keys '9/24/2024 11:00 PM' sent to object: 'Object Repository/Page_ClaimFiling - Easy Claims(Offline)/Page_File Claim - Easy Claims/input_Discharge Date and Time_DischargeDateTime'

12-11-2024T15:46:53 - [TEST_STEP][PASSED] - click(findTestObject("Object Repository/Page_ClaimFiling - Easy Claims(Offline)/Page_File Claim - Easy Claims/input_Save for E-Claims_IsFinal")): Object: 'Object Repository/Page_ClaimFiling - Easy Claims(Offline)/Page_File Claim - Easy Claims/input_Save for E-Claims_IsFinal' is clicked on

12-11-2024T15:46:54 - [MESSAGE][PASSED] - Object: 'Object Repository/Page_ClaimFiling - Easy Claims(Offline)/Page_File Claim - Easy Claims/input_Save for E-Claims_IsFinal' is clicked on

12-11-2024T15:46:54 - [TEST_STEP][PASSED] - click(findTestObject("Object Repository/Page_ClaimFiling - Easy Claims(Offline)/Page_File Claim - Easy Claims/input_Transmittal Number_TransmittalNo")): Object: 'Object Repository/Page_ClaimFiling - Easy Claims(Offline)/Page_File Claim - Easy Claims/input_Transmittal Number_TransmittalNo' is clicked on

12-11-2024T15:46:54 - [MESSAGE][PASSED] - Object: 'Object Repository/Page_ClaimFiling - Easy Claims(Offline)/Page_File Claim - Easy Claims/input_Transmittal Number_TransmittalNo' is clicked on

12-11-2024T15:46:54 - [TEST_STEP][PASSED] - sendKeys(findTestObject("Object Repository/Page_ClaimFiling - Easy Claims(Offline)/Page_File Claim - Easy Claims/input_Transmittal Number_TransmittalNo"), pTransNo): Keys 'DRGTRANS10' sent to object: 'Object Repository/Page_ClaimFiling - Easy Claims(Offline)/Page_File Claim - Easy Claims/input_Transmittal Number_TransmittalNo'

12-11-2024T15:46:54 - [MESSAGE][PASSED] - Keys 'DRGTRANS10' sent to object: 'Object Repository/Page_ClaimFiling - Easy Claims(Offline)/Page_File Claim - Easy Claims/input_Transmittal Number_TransmittalNo'

12-11-2024T15:46:54 - [TEST_STEP][PASSED] - doubleClick(findTestObject("Object Repository/Page_ClaimFiling - Easy Claims(Offline)/Page_File Claim - Easy Claims/input_Transmittal Number_TransmittalNo")): Object: 'Object Repository/Page_ClaimFiling - Easy Claims(Offline)/Page_File Claim - Easy Claims/input_Transmittal Number_TransmittalNo' is double clicked on

12-11-2024T15:46:55 - [MESSAGE][PASSED] - Object: 'Object Repository/Page_ClaimFiling - Easy Claims(Offline)/Page_File Claim - Easy Claims/input_Transmittal Number_TransmittalNo' is double clicked on

12-11-2024T15:46:55 - [TEST_STEP][PASSED] - sendKeys(findTestObject("Object Repository/Page_ClaimFiling - Easy Claims(Offline)/Page_File Claim - Easy Claims/input_Claim Number_ClaimNumber"), pClaimsNo): Keys 'DRGCLAIMS10' sent to object: 'Object Repository/Page_ClaimFiling - Easy Claims(Offline)/Page_File Claim - Easy Claims/input_Claim Number_ClaimNumber'

12-11-2024T15:46:55 - [MESSAGE][PASSED] - Keys 'DRGCLAIMS10' sent to object: 'Object Repository/Page_ClaimFiling - Easy Claims(Offline)/Page_File Claim - Easy Claims/input_Claim Number_ClaimNumber'

12-11-2024T15:46:55 - [TEST_STEP][PASSED] - setText(findTestObject("Object Repository/Page_ClaimFiling - Easy Claims(Offline)/Page_File Claim - Easy Claims/input_The Member Last Name field is require_ace58e"), pLastN): Text 'ZACARIAS' is set on object 'Object Repository/Page_ClaimFiling - Easy Claims(Offline)/Page_File Claim - Easy Claims/input_The Member Last Name field is require_ace58e'

12-11-2024T15:46:56 - [MESSAGE][PASSED] - Text 'ZACARIAS' is set on object 'Object Repository/Page_ClaimFiling - Easy Claims(Offline)/Page_File Claim - Easy Claims/input_The Member Last Name field is require_ace58e'

12-11-2024T15:46:56 - [TEST_STEP][PASSED] - setText(findTestObject("Object Repository/Page_ClaimFiling - Easy Claims(Offline)/Page_File Claim - Easy Claims/input_The Member First Name field is requir_80ac0e"), pFirstN): Text 'MILDRED' is set on object 'Object Repository/Page_ClaimFiling - Easy Claims(Offline)/Page_File Claim - Easy Claims/input_The Member First Name field is requir_80ac0e'

12-11-2024T15:46:56 - [MESSAGE][PASSED] - Text 'MILDRED' is set on object 'Object Repository/Page_ClaimFiling - Easy Claims(Offline)/Page_File Claim - Easy Claims/input_The Member First Name field is requir_80ac0e'

12-11-2024T15:46:56 - [TEST_STEP][PASSED] - setText(findTestObject("Object Repository/Page_ClaimFiling - Easy Claims(Offline)/Page_File Claim - Easy Claims/input_Member Name_MemberLastName"), pLastN): Text 'ZACARIAS' is set on object 'Object Repository/Page_ClaimFiling - Easy Claims(Offline)/Page_File Claim - Easy Claims/input_Member Name_MemberLastName'

12-11-2024T15:46:57 - [MESSAGE][PASSED] - Text 'ZACARIAS' is set on object 'Object Repository/Page_ClaimFiling - Easy Claims(Offline)/Page_File Claim - Easy Claims/input_Member Name_MemberLastName'

12-11-2024T15:46:57 - [TEST_STEP][PASSED] - sendKeys(findTestObject("Object Repository/Page_ClaimFiling - Easy Claims(Offline)/Page_File Claim - Easy Claims/input_Date of Birth_MemberBirthDate"), pBOD): Keys '5/21/1998' sent to object: 'Object Repository/Page_ClaimFiling - Easy Claims(Offline)/Page_File Claim - Easy Claims/input_Date of Birth_MemberBirthDate'

12-11-2024T15:46:57 - [MESSAGE][PASSED] - Keys '5/21/1998' sent to object: 'Object Repository/Page_ClaimFiling - Easy Claims(Offline)/Page_File Claim - Easy Claims/input_Date of Birth_MemberBirthDate'

12-11-2024T15:46:57 - [TEST_STEP][PASSED] - click(findTestObject("Object Repository/Page_ClaimFiling - Easy Claims(Offline)/Page_File Claim - Easy Claims/input_Please ensure that all of the entered_eacd21")): Object: 'Object Repository/Page_ClaimFiling - Easy Claims(Offline)/Page_File Claim - Easy Claims/input_Please ensure that all of the entered_eacd21' is clicked on

12-11-2024T15:46:57 - [MESSAGE][PASSED] - Object: 'Object Repository/Page_ClaimFiling - Easy Claims(Offline)/Page_File Claim - Easy Claims/input_Please ensure that all of the entered_eacd21' is clicked on]]></system-out>
         <system-err><![CDATA[]]></system-err>
      </testcase>
      <testcase name="Test Cases/EasyClaimLegacyFileClaiming_ConfinementInformation" time="16.547" classname="Test Cases/EasyClaimLegacyFileClaiming_ConfinementInformation" status="PASSED">
         <system-out><![CDATA[12-11-2024T15:46:57 - [TEST_CASE][PASSED] - Test Cases/EasyClaimLegacyFileClaiming_ConfinementInformation: Test Cases/EasyClaimLegacyFileClaiming_ConfinementInformation

12-11-2024T15:46:57 - [TEST_STEP][PASSED] - click(findTestObject("Object Repository/ClaimFiling_ConfinementInfo/Page_Confinement Information - Easy Claims/input_Yes_PatientReferred")): Object: 'Object Repository/ClaimFiling_ConfinementInfo/Page_Confinement Information - Easy Claims/input_Yes_PatientReferred' is clicked on

12-11-2024T15:46:58 - [MESSAGE][PASSED] - Object: 'Object Repository/ClaimFiling_ConfinementInfo/Page_Confinement Information - Easy Claims/input_Yes_PatientReferred' is clicked on

12-11-2024T15:46:58 - [TEST_STEP][PASSED] - click(findTestObject("Object Repository/ClaimFiling_ConfinementInfo/Page_Confinement Information - Easy Claims/input_Yes_IsEmergency")): Object: 'Object Repository/ClaimFiling_ConfinementInfo/Page_Confinement Information - Easy Claims/input_Yes_IsEmergency' is clicked on

12-11-2024T15:46:59 - [MESSAGE][PASSED] - Object: 'Object Repository/ClaimFiling_ConfinementInfo/Page_Confinement Information - Easy Claims/input_Yes_IsEmergency' is clicked on

12-11-2024T15:46:59 - [TEST_STEP][PASSED] - click(findTestObject("Object Repository/ClaimFiling_ConfinementInfo/Page_Confinement Information - Easy Claims/input_PatientType_Default_PatientType")): Object: 'Object Repository/ClaimFiling_ConfinementInfo/Page_Confinement Information - Easy Claims/input_PatientType_Default_PatientType' is clicked on

12-11-2024T15:46:59 - [MESSAGE][PASSED] - Object: 'Object Repository/ClaimFiling_ConfinementInfo/Page_Confinement Information - Easy Claims/input_PatientType_Default_PatientType' is clicked on

12-11-2024T15:46:59 - [TEST_STEP][PASSED] - click(findTestObject("Object Repository/ClaimFiling_ConfinementInfo/Page_Confinement Information - Easy Claims/span_Select One_k-icon k-i-arrow-60-down")): Object: 'Object Repository/ClaimFiling_ConfinementInfo/Page_Confinement Information - Easy Claims/span_Select One_k-icon k-i-arrow-60-down' is clicked on

12-11-2024T15:46:59 - [MESSAGE][PASSED] - Object: 'Object Repository/ClaimFiling_ConfinementInfo/Page_Confinement Information - Easy Claims/span_Select One_k-icon k-i-arrow-60-down' is clicked on

12-11-2024T15:46:59 - [TEST_STEP][PASSED] - click(findTestObject("Object Repository/ClaimFiling_ConfinementInfo/Page_Confinement Information - Easy Claims/li_Improved")): Object: 'Object Repository/ClaimFiling_ConfinementInfo/Page_Confinement Information - Easy Claims/li_Improved' is clicked on

12-11-2024T15:47:00 - [MESSAGE][PASSED] - Object: 'Object Repository/ClaimFiling_ConfinementInfo/Page_Confinement Information - Easy Claims/li_Improved' is clicked on

12-11-2024T15:47:00 - [TEST_STEP][PASSED] - click(findTestObject("Object Repository/ClaimFiling_ConfinementInfo/Page_Confinement Information - Easy Claims/span_Select One_k-icon k-i-arrow-60-down_1")): Object: 'Object Repository/ClaimFiling_ConfinementInfo/Page_Confinement Information - Easy Claims/span_Select One_k-icon k-i-arrow-60-down_1' is clicked on

12-11-2024T15:47:00 - [MESSAGE][PASSED] - Object: 'Object Repository/ClaimFiling_ConfinementInfo/Page_Confinement Information - Easy Claims/span_Select One_k-icon k-i-arrow-60-down_1' is clicked on

12-11-2024T15:47:00 - [TEST_STEP][PASSED] - click(findTestObject("Object Repository/ClaimFiling_ConfinementInfo/Page_Confinement Information - Easy Claims/li_Private")): Object: 'Object Repository/ClaimFiling_ConfinementInfo/Page_Confinement Information - Easy Claims/li_Private' is clicked on

12-11-2024T15:47:01 - [MESSAGE][PASSED] - Object: 'Object Repository/ClaimFiling_ConfinementInfo/Page_Confinement Information - Easy Claims/li_Private' is clicked on

12-11-2024T15:47:01 - [TEST_STEP][PASSED] - setText(findTestObject("Object Repository/ClaimFiling_ConfinementInfo/Page_Confinement Information - Easy Claims/textarea_Admission Diagnosis_AdmissionDiagnosis"), pAdmissionDiagnosis): Text 'ADMISSION' is set on object 'Object Repository/ClaimFiling_ConfinementInfo/Page_Confinement Information - Easy Claims/textarea_Admission Diagnosis_AdmissionDiagnosis'

12-11-2024T15:47:02 - [MESSAGE][PASSED] - Text 'ADMISSION' is set on object 'Object Repository/ClaimFiling_ConfinementInfo/Page_Confinement Information - Easy Claims/textarea_Admission Diagnosis_AdmissionDiagnosis'

12-11-2024T15:47:02 - [TEST_STEP][PASSED] - click(findTestObject("Object Repository/ClaimFiling_ConfinementInfo/Page_Confinement Information - Easy Claims/input_Please add at least one (1) Discharge_bd5a63")): Object: 'Object Repository/ClaimFiling_ConfinementInfo/Page_Confinement Information - Easy Claims/input_Please add at least one (1) Discharge_bd5a63' is clicked on

12-11-2024T15:47:02 - [MESSAGE][PASSED] - Object: 'Object Repository/ClaimFiling_ConfinementInfo/Page_Confinement Information - Easy Claims/input_Please add at least one (1) Discharge_bd5a63' is clicked on

12-11-2024T15:47:02 - [TEST_STEP][PASSED] - setText(findTestObject("Object Repository/ClaimFiling_ConfinementInfo/Page_Confinement Information - Easy Claims/textarea_Discharge Diagnosis_DischargeDiagnosis"), pDischargeDiagnosis): Text 'DISCHARGE' is set on object 'Object Repository/ClaimFiling_ConfinementInfo/Page_Confinement Information - Easy Claims/textarea_Discharge Diagnosis_DischargeDiagnosis'

12-11-2024T15:47:03 - [MESSAGE][PASSED] - Text 'DISCHARGE' is set on object 'Object Repository/ClaimFiling_ConfinementInfo/Page_Confinement Information - Easy Claims/textarea_Discharge Diagnosis_DischargeDiagnosis'

12-11-2024T15:47:03 - [TEST_STEP][PASSED] - click(findTestObject("Object Repository/ClaimFiling_ConfinementInfo/Page_Confinement Information - Easy Claims/a_Add ICD Code")): Object: 'Object Repository/ClaimFiling_ConfinementInfo/Page_Confinement Information - Easy Claims/a_Add ICD Code' is clicked on

12-11-2024T15:47:03 - [MESSAGE][PASSED] - Object: 'Object Repository/ClaimFiling_ConfinementInfo/Page_Confinement Information - Easy Claims/a_Add ICD Code' is clicked on

12-11-2024T15:47:03 - [TEST_STEP][PASSED] - setText(findTestObject("Object Repository/ClaimFiling_ConfinementInfo/Page_Confinement Information - Easy Claims/input_ICD Code_ICDCode_input"), pIcdCode): Text 'P91.3' is set on object 'Object Repository/ClaimFiling_ConfinementInfo/Page_Confinement Information - Easy Claims/input_ICD Code_ICDCode_input'

12-11-2024T15:47:04 - [MESSAGE][PASSED] - Text 'P91.3' is set on object 'Object Repository/ClaimFiling_ConfinementInfo/Page_Confinement Information - Easy Claims/input_ICD Code_ICDCode_input'

12-11-2024T15:47:04 - [TEST_STEP][PASSED] - sendKeys(findTestObject("Object Repository/ClaimFiling_ConfinementInfo/Page_Confinement Information - Easy Claims/input_ICD Code_ICDCode_input"), Keys.chord(ENTER)): Keys 'ENTER + ' sent to object: 'Object Repository/ClaimFiling_ConfinementInfo/Page_Confinement Information - Easy Claims/input_ICD Code_ICDCode_input'

12-11-2024T15:47:05 - [MESSAGE][PASSED] - Keys 'ENTER + ' sent to object: 'Object Repository/ClaimFiling_ConfinementInfo/Page_Confinement Information - Easy Claims/input_ICD Code_ICDCode_input'

12-11-2024T15:47:05 - [TEST_STEP][PASSED] - click(findTestObject("Object Repository/ClaimFiling_ConfinementInfo/Page_Confinement Information - Easy Claims/a_Save")): Object: 'Object Repository/ClaimFiling_ConfinementInfo/Page_Confinement Information - Easy Claims/a_Save' is clicked on

12-11-2024T15:47:05 - [MESSAGE][PASSED] - Object: 'Object Repository/ClaimFiling_ConfinementInfo/Page_Confinement Information - Easy Claims/a_Save' is clicked on

12-11-2024T15:47:05 - [TEST_STEP][PASSED] - click(findTestObject("Object Repository/ClaimFiling_ConfinementInfo/Page_Confinement Information - Easy Claims/a_Add RVS Code")): Object: 'Object Repository/ClaimFiling_ConfinementInfo/Page_Confinement Information - Easy Claims/a_Add RVS Code' is clicked on

12-11-2024T15:47:06 - [MESSAGE][PASSED] - Object: 'Object Repository/ClaimFiling_ConfinementInfo/Page_Confinement Information - Easy Claims/a_Add RVS Code' is clicked on

12-11-2024T15:47:06 - [TEST_STEP][PASSED] - setText(findTestObject("Object Repository/ClaimFiling_ConfinementInfo/Page_Confinement Information - Easy Claims/input_RVS Code_RVSCode_input"), pRvsCode): Text 'MCP01' is set on object 'Object Repository/ClaimFiling_ConfinementInfo/Page_Confinement Information - Easy Claims/input_RVS Code_RVSCode_input'

12-11-2024T15:47:07 - [MESSAGE][PASSED] - Text 'MCP01' is set on object 'Object Repository/ClaimFiling_ConfinementInfo/Page_Confinement Information - Easy Claims/input_RVS Code_RVSCode_input'

12-11-2024T15:47:07 - [TEST_STEP][PASSED] - sendKeys(findTestObject("Object Repository/ClaimFiling_ConfinementInfo/Page_Confinement Information - Easy Claims/input_RVS Code_RVSCode_input"), Keys.chord(ENTER)): Keys 'ENTER + ' sent to object: 'Object Repository/ClaimFiling_ConfinementInfo/Page_Confinement Information - Easy Claims/input_RVS Code_RVSCode_input'

12-11-2024T15:47:08 - [MESSAGE][PASSED] - Keys 'ENTER + ' sent to object: 'Object Repository/ClaimFiling_ConfinementInfo/Page_Confinement Information - Easy Claims/input_RVS Code_RVSCode_input'

12-11-2024T15:47:08 - [TEST_STEP][PASSED] - setText(findTestObject("Object Repository/ClaimFiling_ConfinementInfo/Page_Confinement Information - Easy Claims/textarea_Related Procedure_RelatedProcedure"), pRelatedProc): Text 'RELATED' is set on object 'Object Repository/ClaimFiling_ConfinementInfo/Page_Confinement Information - Easy Claims/textarea_Related Procedure_RelatedProcedure'

12-11-2024T15:47:09 - [MESSAGE][PASSED] - Text 'RELATED' is set on object 'Object Repository/ClaimFiling_ConfinementInfo/Page_Confinement Information - Easy Claims/textarea_Related Procedure_RelatedProcedure'

12-11-2024T15:47:09 - [TEST_STEP][PASSED] - click(findTestObject("Object Repository/ClaimFiling_ConfinementInfo/Page_Confinement Information - Easy Claims/span_Select One_k-icon k-i-arrow-60-down_1_2")): Object: 'Object Repository/ClaimFiling_ConfinementInfo/Page_Confinement Information - Easy Claims/span_Select One_k-icon k-i-arrow-60-down_1_2' is clicked on

12-11-2024T15:47:09 - [MESSAGE][PASSED] - Object: 'Object Repository/ClaimFiling_ConfinementInfo/Page_Confinement Information - Easy Claims/span_Select One_k-icon k-i-arrow-60-down_1_2' is clicked on

12-11-2024T15:47:09 - [TEST_STEP][PASSED] - delay(1): Delayed 1 second(s)

12-11-2024T15:47:10 - [MESSAGE][PASSED] - Delayed 1 second(s)

12-11-2024T15:47:10 - [TEST_STEP][PASSED] - waitForElementVisible(findTestObject("Object Repository/ClaimFiling_ConfinementInfo/Page_Confinement Information - Easy Claims/span_Right"), 2): Object 'Object Repository/ClaimFiling_ConfinementInfo/Page_Confinement Information - Easy Claims/span_Right' is visible

12-11-2024T15:47:10 - [MESSAGE][PASSED] - Object 'Object Repository/ClaimFiling_ConfinementInfo/Page_Confinement Information - Easy Claims/span_Right' is visible

12-11-2024T15:47:10 - [TEST_STEP][PASSED] - click(findTestObject("Object Repository/ClaimFiling_ConfinementInfo/Page_Confinement Information - Easy Claims/span_Right")): Object: 'Object Repository/ClaimFiling_ConfinementInfo/Page_Confinement Information - Easy Claims/span_Right' is clicked on

12-11-2024T15:47:11 - [MESSAGE][PASSED] - Object: 'Object Repository/ClaimFiling_ConfinementInfo/Page_Confinement Information - Easy Claims/span_Right' is clicked on

12-11-2024T15:47:11 - [TEST_STEP][PASSED] - sendKeys(findTestObject("Object Repository/ClaimFiling_ConfinementInfo/Page_Confinement Information - Easy Claims/input_Procedure Date_ProcedureDate"), pProcedureDate): Keys '09/24/2024' sent to object: 'Object Repository/ClaimFiling_ConfinementInfo/Page_Confinement Information - Easy Claims/input_Procedure Date_ProcedureDate'

12-11-2024T15:47:11 - [MESSAGE][PASSED] - Keys '09/24/2024' sent to object: 'Object Repository/ClaimFiling_ConfinementInfo/Page_Confinement Information - Easy Claims/input_Procedure Date_ProcedureDate'

12-11-2024T15:47:11 - [TEST_STEP][PASSED] - sendKeys(findTestObject("Object Repository/ClaimFiling_ConfinementInfo/Page_Confinement Information - Easy Claims/input_Procedure Date_ProcedureDate"), Keys.chord(ENTER)): Keys 'ENTER + ' sent to object: 'Object Repository/ClaimFiling_ConfinementInfo/Page_Confinement Information - Easy Claims/input_Procedure Date_ProcedureDate'

12-11-2024T15:47:11 - [MESSAGE][PASSED] - Keys 'ENTER + ' sent to object: 'Object Repository/ClaimFiling_ConfinementInfo/Page_Confinement Information - Easy Claims/input_Procedure Date_ProcedureDate'

12-11-2024T15:47:11 - [TEST_STEP][PASSED] - click(findTestObject("Object Repository/ClaimFiling_ConfinementInfo/Page_Confinement Information - Easy Claims/a_Save")): Object: 'Object Repository/ClaimFiling_ConfinementInfo/Page_Confinement Information - Easy Claims/a_Save' is clicked on

12-11-2024T15:47:12 - [MESSAGE][PASSED] - Object: 'Object Repository/ClaimFiling_ConfinementInfo/Page_Confinement Information - Easy Claims/a_Save' is clicked on

12-11-2024T15:47:12 - [TEST_STEP][PASSED] - click(findTestObject("Object Repository/ClaimFiling_ConfinementInfo/Page_Confinement Information - Easy Claims/input_Please update the RVS Procedure Date(_50687d")): Object: 'Object Repository/ClaimFiling_ConfinementInfo/Page_Confinement Information - Easy Claims/input_Please update the RVS Procedure Date(_50687d' is clicked on

12-11-2024T15:47:13 - [MESSAGE][PASSED] - Object: 'Object Repository/ClaimFiling_ConfinementInfo/Page_Confinement Information - Easy Claims/input_Please update the RVS Procedure Date(_50687d' is clicked on

12-11-2024T15:47:13 - [TEST_STEP][PASSED] - click(findTestObject("Object Repository/ClaimFiling_ConfinementInfo/Page_Confinement Information - Easy Claims/input_Right Eye IOL Expiry Date_SaveConfine_8606f5")): Object: 'Object Repository/ClaimFiling_ConfinementInfo/Page_Confinement Information - Easy Claims/input_Right Eye IOL Expiry Date_SaveConfine_8606f5' is clicked on

12-11-2024T15:47:13 - [MESSAGE][PASSED] - Object: 'Object Repository/ClaimFiling_ConfinementInfo/Page_Confinement Information - Easy Claims/input_Right Eye IOL Expiry Date_SaveConfine_8606f5' is clicked on

12-11-2024T15:47:13 - [TEST_STEP][PASSED] - navigateToUrl(NavFeesAndCharges): Navigate to 'http://172.30.1.26/OPSUI.EasyClaims.Legacy/Claim/FeesChargesDetails?forEditing=False' successfully

12-11-2024T15:47:14 - [MESSAGE][PASSED] - Navigate to 'http://172.30.1.26/OPSUI.EasyClaims.Legacy/Claim/FeesChargesDetails?forEditing=False' successfully]]></system-out>
         <system-err><![CDATA[]]></system-err>
      </testcase>
      <testcase name="Test Cases/EasyClaimLegacyFileClaiming_FeesAndCharges" time="4.221" classname="Test Cases/EasyClaimLegacyFileClaiming_FeesAndCharges" status="PASSED">
         <system-out><![CDATA[12-11-2024T15:47:14 - [TEST_CASE][PASSED] - Test Cases/EasyClaimLegacyFileClaiming_FeesAndCharges: Test Cases/EasyClaimLegacyFileClaiming_FeesAndCharges

12-11-2024T15:47:14 - [TEST_STEP][PASSED] - click(findTestObject("Object Repository/Page_FeesAndCharges/Page_Fees and Charges - Easy Claims/span_Type_k-icon k-i-arrow-60-down")): Object: 'Object Repository/Page_FeesAndCharges/Page_Fees and Charges - Easy Claims/span_Type_k-icon k-i-arrow-60-down' is clicked on

12-11-2024T15:47:16 - [MESSAGE][PASSED] - Object: 'Object Repository/Page_FeesAndCharges/Page_Fees and Charges - Easy Claims/span_Type_k-icon k-i-arrow-60-down' is clicked on

12-11-2024T15:47:16 - [TEST_STEP][PASSED] - click(findTestObject("Object Repository/Page_FeesAndCharges/Page_Fees and Charges - Easy Claims/li_ICD Code")): Object: 'Object Repository/Page_FeesAndCharges/Page_Fees and Charges - Easy Claims/li_ICD Code' is clicked on

12-11-2024T15:47:16 - [MESSAGE][PASSED] - Object: 'Object Repository/Page_FeesAndCharges/Page_Fees and Charges - Easy Claims/li_ICD Code' is clicked on

12-11-2024T15:47:16 - [TEST_STEP][PASSED] - setText(findTestObject("Object Repository/Page_FeesAndCharges/Page_Fees and Charges - Easy Claims/input_ICD Code_FirstCaseRate.ItemCode_input"), "p91.3"): Text 'p91.3' is set on object 'Object Repository/Page_FeesAndCharges/Page_Fees and Charges - Easy Claims/input_ICD Code_FirstCaseRate.ItemCode_input'

12-11-2024T15:47:17 - [MESSAGE][PASSED] - Text 'p91.3' is set on object 'Object Repository/Page_FeesAndCharges/Page_Fees and Charges - Easy Claims/input_ICD Code_FirstCaseRate.ItemCode_input'

12-11-2024T15:47:17 - [TEST_STEP][PASSED] - sendKeys(findTestObject("Object Repository/Page_FeesAndCharges/Page_Fees and Charges - Easy Claims/input_ICD Code_FirstCaseRate.ItemCode_input"), Keys.chord(ENTER)): Keys 'ENTER + ' sent to object: 'Object Repository/Page_FeesAndCharges/Page_Fees and Charges - Easy Claims/input_ICD Code_FirstCaseRate.ItemCode_input'

12-11-2024T15:47:18 - [MESSAGE][PASSED] - Keys 'ENTER + ' sent to object: 'Object Repository/Page_FeesAndCharges/Page_Fees and Charges - Easy Claims/input_ICD Code_FirstCaseRate.ItemCode_input']]></system-out>
         <system-err><![CDATA[]]></system-err>
      </testcase>
      <system-out><![CDATA[12-11-2024T15:46:08 - [TEST_SUITE][PASSED] - EC Legacy Regression Testing, OPSUI(eSOA Enhancement): Test Cases/EasyClaimLegacyFileClaiming_FeesAndCharges]]></system-out>
      <system-err><![CDATA[]]></system-err>
   </testsuite>
</testsuites>
