<?xml version="1.0" encoding="UTF-8"?>
<testsuites name="EC Legacy Regression Testing, DRG(eSOA Enhancement)" time="47.712" tests="3" failures="0" errors="0">
   <testsuite name="EC Legacy Regression Testing, DRG(eSOA Enhancement)" tests="3" failures="0" errors="0" time="47.712" skipped="0" timestamp="03-10-2024T09:12:08" hostname="pfeniza - ENIC-KSANTOS.eurogroup.local" id="Test Suites/EC Legacy Regression Testing, DRG(eSOA Enhancement)">
      <properties>
         <property name="deviceName" value=""/>
         <property name="devicePlatform"/>
         <property name="logFolder" value="C:\\Users\\pfeniza\\git\\katalon-platform\\Reports\\20241003_091201\\EC Legacy Regression Testing, DRG(eSOA Enhancement)\\20241003_091201"/>
         <property name="logFiles" value="C:\\Users\\pfeniza\\git\\katalon-platform\\Reports\\20241003_091201\\EC Legacy Regression Testing, DRG(eSOA Enhancement)\\20241003_091201\\execution0.log"/>
         <property name="attachments" value=""/>
         <property name="hostName" value="pfeniza - ENIC-KSANTOS.eurogroup.local"/>
         <property name="os" value="Windows 10 64bit"/>
         <property name="katalonVersion" value="9.7.2.223"/>
         <property name="browser" value="Chrome 129.0.0.0"/>
         <property name="hostAddress" value="10.81.234.6"/>
         <property name="sessionId" value="383c28ae2d958d6c5b14689077645f15"/>
         <property name="seleniumVersion" value="3.141.59"/>
         <property name="proxyInformation" value="ProxyInformation { proxyOption=NO_PROXY, proxyServerType=HTTP, username=, password=********, proxyServerAddress=, proxyServerPort=0, executionList=&quot;&quot;, isApplyToDesiredCapabilities=true }"/>
         <property name="platform" value="Windows 10"/>
      </properties>
      <testcase name="Test Cases/EasyClaimLegacyLoginAndHospitalAndUser" time="23.261" classname="Test Cases/EasyClaimLegacyLoginAndHospitalAndUser" status="PASSED">
         <system-out><![CDATA[03-10-2024T09:12:08 - [TEST_CASE][PASSED] - Test Cases/EasyClaimLegacyLoginAndHospitalAndUser: Test Cases/EasyClaimLegacyLoginAndHospitalAndUser

03-10-2024T09:12:09 - [TEST_STEP][PASSED] - openBrowser(""): Browser is opened with url: ''

03-10-2024T09:12:09 - [MESSAGE][INFO] - Starting 'Chrome' driver

03-10-2024T09:12:09 - [MESSAGE][INFO] - Action delay is set to 0 milliseconds

03-10-2024T09:12:10 - [MESSAGE][PASSED] - Browser is opened with url: ''

03-10-2024T09:12:10 - [TEST_STEP][PASSED] - navigateToUrl("http://172.30.1.26/DRG_TEST/Account/Login?ReturnUrl=%2FDRG_TEST%2FConnect%3FReturnUrl%3D%252FDRG_TEST%252FAccount%252FLogOff"): Navigate to 'http://172.30.1.26/DRG_TEST/Account/Login?ReturnUrl=%2FDRG_TEST%2FConnect%3FReturnUrl%3D%252FDRG_TEST%252FAccount%252FLogOff' successfully

03-10-2024T09:12:11 - [MESSAGE][PASSED] - Navigate to 'http://172.30.1.26/DRG_TEST/Account/Login?ReturnUrl=%2FDRG_TEST%2FConnect%3FReturnUrl%3D%252FDRG_TEST%252FAccount%252FLogOff' successfully

03-10-2024T09:12:11 - [TEST_STEP][PASSED] - maximizeWindow(): Current window maximized

03-10-2024T09:12:11 - [MESSAGE][PASSED] - Current window maximized

03-10-2024T09:12:11 - [TEST_STEP][PASSED] - setText(findTestObject("Object Repository/Page_Login, User, Hospital - Easy Claims/input_Username_Username"), "patchedrgadmin"): Text 'patchedrgadmin' is set on object 'Object Repository/Page_Login, User, Hospital - Easy Claims/input_Username_Username'

03-10-2024T09:12:12 - [MESSAGE][PASSED] - Text 'patchedrgadmin' is set on object 'Object Repository/Page_Login, User, Hospital - Easy Claims/input_Username_Username'

03-10-2024T09:12:12 - [TEST_STEP][PASSED] - setEncryptedText(findTestObject("Object Repository/Page_Login, User, Hospital - Easy Claims/input_Password_Password"), "nwr9I1qT+J0GbQ++JlYjHw=="): Text ****** has been set on object 'Object Repository/Page_Login, User, Hospital - Easy Claims/input_Password_Password'

03-10-2024T09:12:12 - [MESSAGE][PASSED] - Text ****** has been set on object 'Object Repository/Page_Login, User, Hospital - Easy Claims/input_Password_Password'

03-10-2024T09:12:12 - [TEST_STEP][PASSED] - sendKeys(findTestObject("Object Repository/Page_Login, User, Hospital - Easy Claims/input_Password_Password"), Keys.chord(ENTER)): Keys 'ENTER + ' sent to object: 'Object Repository/Page_Login, User, Hospital - Easy Claims/input_Password_Password'

03-10-2024T09:12:13 - [MESSAGE][PASSED] - Keys 'ENTER + ' sent to object: 'Object Repository/Page_Login, User, Hospital - Easy Claims/input_Password_Password'

03-10-2024T09:12:13 - [TEST_STEP][PASSED] - click(findTestObject("Object Repository/Page_Login, User, Hospital - Easy Claims/Page_Connect - Easy Claims/span_Control Panel")): Object: 'Object Repository/Page_Login, User, Hospital - Easy Claims/Page_Connect - Easy Claims/span_Control Panel' is clicked on

03-10-2024T09:12:15 - [MESSAGE][PASSED] - Object: 'Object Repository/Page_Login, User, Hospital - Easy Claims/Page_Connect - Easy Claims/span_Control Panel' is clicked on

03-10-2024T09:12:15 - [TEST_STEP][PASSED] - navigateToUrl("http://172.30.1.26/DRG_TEST/ControlPanel"): Navigate to 'http://172.30.1.26/DRG_TEST/ControlPanel' successfully

03-10-2024T09:12:16 - [MESSAGE][PASSED] - Navigate to 'http://172.30.1.26/DRG_TEST/ControlPanel' successfully

03-10-2024T09:12:16 - [TEST_STEP][PASSED] - click(findTestObject("Object Repository/Page_Login, User, Hospital - Easy Claims/Page_Control Panel - Easy Claims/span_Hospital Information (offline mode)")): Object: 'Object Repository/Page_Login, User, Hospital - Easy Claims/Page_Control Panel - Easy Claims/span_Hospital Information (offline mode)' is clicked on

03-10-2024T09:12:18 - [MESSAGE][PASSED] - Object: 'Object Repository/Page_Login, User, Hospital - Easy Claims/Page_Control Panel - Easy Claims/span_Hospital Information (offline mode)' is clicked on

03-10-2024T09:12:18 - [TEST_STEP][PASSED] - click(findTestObject("Object Repository/Page_Login, User, Hospital - Easy Claims/Page_Control Panel - Easy Claims/input_b1 l1 bf homes, exchange 05 PAGPARTIA_a9fde9")): Object: 'Object Repository/Page_Login, User, Hospital - Easy Claims/Page_Control Panel - Easy Claims/input_b1 l1 bf homes, exchange 05 PAGPARTIA_a9fde9' is clicked on

03-10-2024T09:12:19 - [MESSAGE][PASSED] - Object: 'Object Repository/Page_Login, User, Hospital - Easy Claims/Page_Control Panel - Easy Claims/input_b1 l1 bf homes, exchange 05 PAGPARTIA_a9fde9' is clicked on

03-10-2024T09:12:19 - [TEST_STEP][PASSED] - setText(findTestObject("Object Repository/Page_Login, User, Hospital - Easy Claims/Page_Control Panel - Easy Claims/input_Username_ConnectUserName"), "PRO4A_DEPTMCAH_JMC_01"): Text 'PRO4A_DEPTMCAH_JMC_01' is set on object 'Object Repository/Page_Login, User, Hospital - Easy Claims/Page_Control Panel - Easy Claims/input_Username_ConnectUserName'

03-10-2024T09:12:20 - [MESSAGE][PASSED] - Text 'PRO4A_DEPTMCAH_JMC_01' is set on object 'Object Repository/Page_Login, User, Hospital - Easy Claims/Page_Control Panel - Easy Claims/input_Username_ConnectUserName'

03-10-2024T09:12:20 - [TEST_STEP][PASSED] - setEncryptedText(findTestObject("Object Repository/Page_Login, User, Hospital - Easy Claims/Page_Control Panel - Easy Claims/input_Password_ConnectPassword"), "Ov4DKeIvXLiGp9jFpjbR/w=="): Text ****** has been set on object 'Object Repository/Page_Login, User, Hospital - Easy Claims/Page_Control Panel - Easy Claims/input_Password_ConnectPassword'

03-10-2024T09:12:20 - [MESSAGE][PASSED] - Text ****** has been set on object 'Object Repository/Page_Login, User, Hospital - Easy Claims/Page_Control Panel - Easy Claims/input_Password_ConnectPassword'

03-10-2024T09:12:20 - [TEST_STEP][PASSED] - click(findTestObject("Object Repository/Page_Login, User, Hospital - Easy Claims/Page_Control Panel - Easy Claims/input_Password_k-button k-primary")): Object: 'Object Repository/Page_Login, User, Hospital - Easy Claims/Page_Control Panel - Easy Claims/input_Password_k-button k-primary' is clicked on

03-10-2024T09:12:20 - [MESSAGE][PASSED] - Object: 'Object Repository/Page_Login, User, Hospital - Easy Claims/Page_Control Panel - Easy Claims/input_Password_k-button k-primary' is clicked on

03-10-2024T09:12:20 - [TEST_STEP][PASSED] - click(findTestObject("Object Repository/Page_Login, User, Hospital - Easy Claims/Page_Control Panel - Easy Claims/div_Hospital Code                          _698c28")): Object: 'Object Repository/Page_Login, User, Hospital - Easy Claims/Page_Control Panel - Easy Claims/div_Hospital Code                          _698c28' is clicked on

03-10-2024T09:12:23 - [MESSAGE][PASSED] - Object: 'Object Repository/Page_Login, User, Hospital - Easy Claims/Page_Control Panel - Easy Claims/div_Hospital Code                          _698c28' is clicked on

03-10-2024T09:12:23 - [TEST_STEP][PASSED] - setText(findTestObject("Object Repository/Page_Login, User, Hospital - Easy Claims/Page_Control Panel - Easy Claims/input_Hospital Email_Hospital.HospitalEmail"), "peter@gmail.com"): Text 'peter@gmail.com' is set on object 'Object Repository/Page_Login, User, Hospital - Easy Claims/Page_Control Panel - Easy Claims/input_Hospital Email_Hospital.HospitalEmail'

03-10-2024T09:12:23 - [MESSAGE][PASSED] - Text 'peter@gmail.com' is set on object 'Object Repository/Page_Login, User, Hospital - Easy Claims/Page_Control Panel - Easy Claims/input_Hospital Email_Hospital.HospitalEmail'

03-10-2024T09:12:23 - [TEST_STEP][PASSED] - click(findTestObject("Object Repository/Page_Login, User, Hospital - Easy Claims/Page_Control Panel - Easy Claims/div_Hospital Code                          _698c28")): Object: 'Object Repository/Page_Login, User, Hospital - Easy Claims/Page_Control Panel - Easy Claims/div_Hospital Code                          _698c28' is clicked on

03-10-2024T09:12:24 - [MESSAGE][PASSED] - Object: 'Object Repository/Page_Login, User, Hospital - Easy Claims/Page_Control Panel - Easy Claims/div_Hospital Code                          _698c28' is clicked on

03-10-2024T09:12:24 - [TEST_STEP][PASSED] - click(findTestObject("Object Repository/Page_Login, User, Hospital - Easy Claims/Page_Control Panel - Easy Claims/li")): Object: 'Object Repository/Page_Login, User, Hospital - Easy Claims/Page_Control Panel - Easy Claims/li' is clicked on

03-10-2024T09:12:24 - [MESSAGE][PASSED] - Object: 'Object Repository/Page_Login, User, Hospital - Easy Claims/Page_Control Panel - Easy Claims/li' is clicked on

03-10-2024T09:12:24 - [TEST_STEP][PASSED] - click(findTestObject("Object Repository/Page_Login, User, Hospital - Easy Claims/Page_Control Panel - Easy Claims/span_User Management")): Object: 'Object Repository/Page_Login, User, Hospital - Easy Claims/Page_Control Panel - Easy Claims/span_User Management' is clicked on

03-10-2024T09:12:25 - [MESSAGE][PASSED] - Object: 'Object Repository/Page_Login, User, Hospital - Easy Claims/Page_Control Panel - Easy Claims/span_User Management' is clicked on

03-10-2024T09:12:25 - [TEST_STEP][PASSED] - click(findTestObject("Object Repository/Page_Login, User, Hospital - Easy Claims/Page_Control Panel - Easy Claims/input_samplegmail.com_addUserBtn")): Object: 'Object Repository/Page_Login, User, Hospital - Easy Claims/Page_Control Panel - Easy Claims/input_samplegmail.com_addUserBtn' is clicked on

03-10-2024T09:12:25 - [MESSAGE][PASSED] - Object: 'Object Repository/Page_Login, User, Hospital - Easy Claims/Page_Control Panel - Easy Claims/input_samplegmail.com_addUserBtn' is clicked on

03-10-2024T09:12:25 - [TEST_STEP][PASSED] - click(findTestObject("Object Repository/Page_Login, User, Hospital - Easy Claims/Page_Control Panel - Easy Claims/span_SELECT ONE_k-icon k-i-arrow-60-down")): Object: 'Object Repository/Page_Login, User, Hospital - Easy Claims/Page_Control Panel - Easy Claims/span_SELECT ONE_k-icon k-i-arrow-60-down' is clicked on

03-10-2024T09:12:26 - [MESSAGE][PASSED] - Object: 'Object Repository/Page_Login, User, Hospital - Easy Claims/Page_Control Panel - Easy Claims/span_SELECT ONE_k-icon k-i-arrow-60-down' is clicked on

03-10-2024T09:12:26 - [TEST_STEP][PASSED] - click(findTestObject("Object Repository/Page_Login, User, Hospital - Easy Claims/Page_Control Panel - Easy Claims/li_Dr. Erlinda P. Tolentino Medical Clinic _78c317")): Object: 'Object Repository/Page_Login, User, Hospital - Easy Claims/Page_Control Panel - Easy Claims/li_Dr. Erlinda P. Tolentino Medical Clinic _78c317' is clicked on

03-10-2024T09:12:26 - [MESSAGE][PASSED] - Object: 'Object Repository/Page_Login, User, Hospital - Easy Claims/Page_Control Panel - Easy Claims/li_Dr. Erlinda P. Tolentino Medical Clinic _78c317' is clicked on

03-10-2024T09:12:26 - [TEST_STEP][PASSED] - setText(findTestObject("Object Repository/Page_Login, User, Hospital - Easy Claims/Page_Control Panel - Easy Claims/input_Username_Username"), "patcheadmin3"): Text 'patcheadmin3' is set on object 'Object Repository/Page_Login, User, Hospital - Easy Claims/Page_Control Panel - Easy Claims/input_Username_Username'

03-10-2024T09:12:27 - [MESSAGE][PASSED] - Text 'patcheadmin3' is set on object 'Object Repository/Page_Login, User, Hospital - Easy Claims/Page_Control Panel - Easy Claims/input_Username_Username'

03-10-2024T09:12:27 - [TEST_STEP][PASSED] - setEncryptedText(findTestObject("Object Repository/Page_Login, User, Hospital - Easy Claims/Page_Control Panel - Easy Claims/input_Password_Password"), "nwr9I1qT+J0GbQ++JlYjHw=="): Text ****** has been set on object 'Object Repository/Page_Login, User, Hospital - Easy Claims/Page_Control Panel - Easy Claims/input_Password_Password'

03-10-2024T09:12:27 - [MESSAGE][PASSED] - Text ****** has been set on object 'Object Repository/Page_Login, User, Hospital - Easy Claims/Page_Control Panel - Easy Claims/input_Password_Password'

03-10-2024T09:12:27 - [TEST_STEP][PASSED] - setEncryptedText(findTestObject("Object Repository/Page_Login, User, Hospital - Easy Claims/Page_Control Panel - Easy Claims/input_Confirm password_ConfirmPassword"), "nwr9I1qT+J0GbQ++JlYjHw=="): Text ****** has been set on object 'Object Repository/Page_Login, User, Hospital - Easy Claims/Page_Control Panel - Easy Claims/input_Confirm password_ConfirmPassword'

03-10-2024T09:12:27 - [MESSAGE][PASSED] - Text ****** has been set on object 'Object Repository/Page_Login, User, Hospital - Easy Claims/Page_Control Panel - Easy Claims/input_Confirm password_ConfirmPassword'

03-10-2024T09:12:27 - [TEST_STEP][PASSED] - setText(findTestObject("Object Repository/Page_Login, User, Hospital - Easy Claims/Page_Control Panel - Easy Claims/input_Email_Email"), "sample@gmail.com"): Text 'sample@gmail.com' is set on object 'Object Repository/Page_Login, User, Hospital - Easy Claims/Page_Control Panel - Easy Claims/input_Email_Email'

03-10-2024T09:12:28 - [MESSAGE][PASSED] - Text 'sample@gmail.com' is set on object 'Object Repository/Page_Login, User, Hospital - Easy Claims/Page_Control Panel - Easy Claims/input_Email_Email'

03-10-2024T09:12:28 - [TEST_STEP][PASSED] - click(findTestObject("Object Repository/Page_Login, User, Hospital - Easy Claims/Page_Control Panel - Easy Claims/input_Roles_k-input k-readonly")): Object: 'Object Repository/Page_Login, User, Hospital - Easy Claims/Page_Control Panel - Easy Claims/input_Roles_k-input k-readonly' is clicked on

03-10-2024T09:12:28 - [MESSAGE][PASSED] - Object: 'Object Repository/Page_Login, User, Hospital - Easy Claims/Page_Control Panel - Easy Claims/input_Roles_k-input k-readonly' is clicked on

03-10-2024T09:12:28 - [TEST_STEP][PASSED] - sendKeys(findTestObject("Object Repository/Page_Login, User, Hospital - Easy Claims/Page_Control Panel - Easy Claims/input_Roles_k-input k-readonly"), Keys.chord(ENTER)): Keys 'ENTER + ' sent to object: 'Object Repository/Page_Login, User, Hospital - Easy Claims/Page_Control Panel - Easy Claims/input_Roles_k-input k-readonly'

03-10-2024T09:12:29 - [MESSAGE][PASSED] - Keys 'ENTER + ' sent to object: 'Object Repository/Page_Login, User, Hospital - Easy Claims/Page_Control Panel - Easy Claims/input_Roles_k-input k-readonly'

03-10-2024T09:12:29 - [TEST_STEP][PASSED] - click(findTestObject("Object Repository/Page_Login, User, Hospital - Easy Claims/Page_Control Panel - Easy Claims/div_Admin_flex-list-action")): Object: 'Object Repository/Page_Login, User, Hospital - Easy Claims/Page_Control Panel - Easy Claims/div_Admin_flex-list-action' is clicked on

03-10-2024T09:12:30 - [MESSAGE][PASSED] - Object: 'Object Repository/Page_Login, User, Hospital - Easy Claims/Page_Control Panel - Easy Claims/div_Admin_flex-list-action' is clicked on

03-10-2024T09:12:30 - [TEST_STEP][PASSED] - click(findTestObject("Object Repository/Page_Login, User, Hospital - Easy Claims/Page_Control Panel - Easy Claims/li_1")): Object: 'Object Repository/Page_Login, User, Hospital - Easy Claims/Page_Control Panel - Easy Claims/li_1' is clicked on

03-10-2024T09:12:30 - [MESSAGE][PASSED] - Object: 'Object Repository/Page_Login, User, Hospital - Easy Claims/Page_Control Panel - Easy Claims/li_1' is clicked on

03-10-2024T09:12:30 - [TEST_STEP][PASSED] - click(findTestObject("Object Repository/Page_Login, User, Hospital - Easy Claims/Page_Control Panel - Easy Claims/span_Log off")): Object: 'Object Repository/Page_Login, User, Hospital - Easy Claims/Page_Control Panel - Easy Claims/span_Log off' is clicked on

03-10-2024T09:12:32 - [MESSAGE][PASSED] - Object: 'Object Repository/Page_Login, User, Hospital - Easy Claims/Page_Control Panel - Easy Claims/span_Log off' is clicked on]]></system-out>
         <system-err><![CDATA[]]></system-err>
      </testcase>
      <testcase name="Test Cases/EasyClaimLoginCreatedAccountAndConnect" time="3.9" classname="Test Cases/EasyClaimLoginCreatedAccountAndConnect" status="PASSED">
         <system-out><![CDATA[03-10-2024T09:12:32 - [TEST_CASE][PASSED] - Test Cases/EasyClaimLoginCreatedAccountAndConnect: Test Cases/EasyClaimLoginCreatedAccountAndConnect

03-10-2024T09:12:32 - [TEST_STEP][PASSED] - navigateToUrl("http://172.30.1.26/DRG_TEST/Account/Login?ReturnUrl=%2FDRG_TEST%2FConnect%3FReturnUrl%3D%252FDRG_TEST%252FAccount%252FLogOff"): Navigate to 'http://172.30.1.26/DRG_TEST/Account/Login?ReturnUrl=%2FDRG_TEST%2FConnect%3FReturnUrl%3D%252FDRG_TEST%252FAccount%252FLogOff' successfully

03-10-2024T09:12:32 - [MESSAGE][PASSED] - Navigate to 'http://172.30.1.26/DRG_TEST/Account/Login?ReturnUrl=%2FDRG_TEST%2FConnect%3FReturnUrl%3D%252FDRG_TEST%252FAccount%252FLogOff' successfully

03-10-2024T09:12:32 - [TEST_STEP][PASSED] - setText(findTestObject("Object Repository/Page_LoginAccountCreatedAndConnect/Page_Login - Easy Claims/input_Username_Username"), "patcheadmin3"): Text 'patcheadmin3' is set on object 'Object Repository/Page_LoginAccountCreatedAndConnect/Page_Login - Easy Claims/input_Username_Username'

03-10-2024T09:12:33 - [MESSAGE][PASSED] - Text 'patcheadmin3' is set on object 'Object Repository/Page_LoginAccountCreatedAndConnect/Page_Login - Easy Claims/input_Username_Username'

03-10-2024T09:12:33 - [TEST_STEP][PASSED] - setEncryptedText(findTestObject("Object Repository/Page_LoginAccountCreatedAndConnect/Page_Login - Easy Claims/input_Password_Password"), "nwr9I1qT+J0GbQ++JlYjHw=="): Text ****** has been set on object 'Object Repository/Page_LoginAccountCreatedAndConnect/Page_Login - Easy Claims/input_Password_Password'

03-10-2024T09:12:33 - [MESSAGE][PASSED] - Text ****** has been set on object 'Object Repository/Page_LoginAccountCreatedAndConnect/Page_Login - Easy Claims/input_Password_Password'

03-10-2024T09:12:33 - [TEST_STEP][PASSED] - click(findTestObject("Object Repository/Page_LoginAccountCreatedAndConnect/Page_Login - Easy Claims/input_Password_submitBtn")): Object: 'Object Repository/Page_LoginAccountCreatedAndConnect/Page_Login - Easy Claims/input_Password_submitBtn' is clicked on

03-10-2024T09:12:33 - [MESSAGE][PASSED] - Object: 'Object Repository/Page_LoginAccountCreatedAndConnect/Page_Login - Easy Claims/input_Password_submitBtn' is clicked on

03-10-2024T09:12:33 - [TEST_STEP][PASSED] - navigateToUrl("http://172.30.1.26/DRG_TEST/Connect?ReturnUrl=%2FDRG_TEST%2FConnect%3FReturnUrl%3D%252FDRG_TEST%252FAccount%252FLogOff"): Navigate to 'http://172.30.1.26/DRG_TEST/Connect?ReturnUrl=%2FDRG_TEST%2FConnect%3FReturnUrl%3D%252FDRG_TEST%252FAccount%252FLogOff' successfully

03-10-2024T09:12:34 - [MESSAGE][PASSED] - Navigate to 'http://172.30.1.26/DRG_TEST/Connect?ReturnUrl=%2FDRG_TEST%2FConnect%3FReturnUrl%3D%252FDRG_TEST%252FAccount%252FLogOff' successfully

03-10-2024T09:12:34 - [TEST_STEP][PASSED] - click(findTestObject("Object Repository/Page_LoginAccountCreatedAndConnect/Page_Connect - Easy Claims/input_Username_Username")): Object: 'Object Repository/Page_LoginAccountCreatedAndConnect/Page_Connect - Easy Claims/input_Username_Username' is clicked on

03-10-2024T09:12:34 - [MESSAGE][PASSED] - Object: 'Object Repository/Page_LoginAccountCreatedAndConnect/Page_Connect - Easy Claims/input_Username_Username' is clicked on

03-10-2024T09:12:34 - [TEST_STEP][PASSED] - setText(findTestObject("Object Repository/Page_LoginAccountCreatedAndConnect/Page_Connect - Easy Claims/input_Username_Username"), "PRO4A_DEPTMCAH_JMC_01"): Text 'PRO4A_DEPTMCAH_JMC_01' is set on object 'Object Repository/Page_LoginAccountCreatedAndConnect/Page_Connect - Easy Claims/input_Username_Username'

03-10-2024T09:12:35 - [MESSAGE][PASSED] - Text 'PRO4A_DEPTMCAH_JMC_01' is set on object 'Object Repository/Page_LoginAccountCreatedAndConnect/Page_Connect - Easy Claims/input_Username_Username'

03-10-2024T09:12:35 - [TEST_STEP][PASSED] - setEncryptedText(findTestObject("Object Repository/Page_LoginAccountCreatedAndConnect/Page_Connect - Easy Claims/input_Password_Password"), "Ov4DKeIvXLiGp9jFpjbR/w=="): Text ****** has been set on object 'Object Repository/Page_LoginAccountCreatedAndConnect/Page_Connect - Easy Claims/input_Password_Password'

03-10-2024T09:12:35 - [MESSAGE][PASSED] - Text ****** has been set on object 'Object Repository/Page_LoginAccountCreatedAndConnect/Page_Connect - Easy Claims/input_Password_Password'

03-10-2024T09:12:35 - [TEST_STEP][PASSED] - click(findTestObject("Object Repository/Page_LoginAccountCreatedAndConnect/Page_Connect - Easy Claims/input_Password_k-button k-primary")): Object: 'Object Repository/Page_LoginAccountCreatedAndConnect/Page_Connect - Easy Claims/input_Password_k-button k-primary' is clicked on

03-10-2024T09:12:36 - [MESSAGE][PASSED] - Object: 'Object Repository/Page_LoginAccountCreatedAndConnect/Page_Connect - Easy Claims/input_Password_k-button k-primary' is clicked on]]></system-out>
         <system-err><![CDATA[]]></system-err>
      </testcase>
      <testcase name="Test Cases/EasyClaimLegacyFileClaiming" time="20.398" classname="Test Cases/EasyClaimLegacyFileClaiming" status="PASSED">
         <system-out><![CDATA[03-10-2024T09:12:36 - [TEST_CASE][PASSED] - Test Cases/EasyClaimLegacyFileClaiming: Test Cases/EasyClaimLegacyFileClaiming

03-10-2024T09:12:36 - [TEST_STEP][PASSED] - click(findTestObject("Object Repository/Page_LoginAccountCreatedAndConnect/Page_Connect - Easy Claims/span_Claims")): Object: 'Object Repository/Page_LoginAccountCreatedAndConnect/Page_Connect - Easy Claims/span_Claims' is clicked on

03-10-2024T09:12:37 - [MESSAGE][PASSED] - Object: 'Object Repository/Page_LoginAccountCreatedAndConnect/Page_Connect - Easy Claims/span_Claims' is clicked on

03-10-2024T09:12:37 - [TEST_STEP][PASSED] - delay(5, STOP_ON_FAILURE): Delayed 5 second(s)

03-10-2024T09:12:42 - [MESSAGE][PASSED] - Delayed 5 second(s)

03-10-2024T09:12:42 - [TEST_STEP][PASSED] - click(findTestObject("Object Repository/Page_ClaimFiling - Easy Claims/Page_Home - Easy Claims/a_File Claim")): Object: 'Object Repository/Page_ClaimFiling - Easy Claims/Page_Home - Easy Claims/a_File Claim' is clicked on

03-10-2024T09:12:43 - [MESSAGE][PASSED] - Object: 'Object Repository/Page_ClaimFiling - Easy Claims/Page_Home - Easy Claims/a_File Claim' is clicked on

03-10-2024T09:12:43 - [TEST_STEP][PASSED] - navigateToUrl("http://172.30.1.26/DRG_TEST/Claim/Create"): Navigate to 'http://172.30.1.26/DRG_TEST/Claim/Create' successfully

03-10-2024T09:12:43 - [MESSAGE][PASSED] - Navigate to 'http://172.30.1.26/DRG_TEST/Claim/Create' successfully

03-10-2024T09:12:43 - [TEST_STEP][PASSED] - click(findTestObject("Object Repository/Page_ClaimFiling - Easy Claims/Page_File Claim - Easy Claims/input_PIN_MemberPIN")): Object: 'Object Repository/Page_ClaimFiling - Easy Claims/Page_File Claim - Easy Claims/input_PIN_MemberPIN' is clicked on

03-10-2024T09:12:45 - [MESSAGE][PASSED] - Object: 'Object Repository/Page_ClaimFiling - Easy Claims/Page_File Claim - Easy Claims/input_PIN_MemberPIN' is clicked on

03-10-2024T09:12:45 - [TEST_STEP][PASSED] - sendKeys(findTestObject("Object Repository/Page_ClaimFiling - Easy Claims/Page_File Claim - Easy Claims/input_PIN_MemberPIN"), "05-201601758-2"): Keys '05-201601758-2' sent to object: 'Object Repository/Page_ClaimFiling - Easy Claims/Page_File Claim - Easy Claims/input_PIN_MemberPIN'

03-10-2024T09:12:45 - [MESSAGE][PASSED] - Keys '05-201601758-2' sent to object: 'Object Repository/Page_ClaimFiling - Easy Claims/Page_File Claim - Easy Claims/input_PIN_MemberPIN'

03-10-2024T09:12:45 - [TEST_STEP][PASSED] - click(findTestObject("Object Repository/Page_ClaimFiling - Easy Claims/Page_File Claim - Easy Claims/div_MemberGender_DefaultMaleFemale")): Object: 'Object Repository/Page_ClaimFiling - Easy Claims/Page_File Claim - Easy Claims/div_MemberGender_DefaultMaleFemale' is clicked on

03-10-2024T09:12:45 - [MESSAGE][PASSED] - Object: 'Object Repository/Page_ClaimFiling - Easy Claims/Page_File Claim - Easy Claims/div_MemberGender_DefaultMaleFemale' is clicked on

03-10-2024T09:12:45 - [TEST_STEP][PASSED] - click(findTestObject("Object Repository/Page_ClaimFiling - Easy Claims/Page_File Claim - Easy Claims/div_kendo.syncReady(function()jQuery(Member_da9fb1")): Object: 'Object Repository/Page_ClaimFiling - Easy Claims/Page_File Claim - Easy Claims/div_kendo.syncReady(function()jQuery(Member_da9fb1' is clicked on

03-10-2024T09:12:45 - [MESSAGE][PASSED] - Object: 'Object Repository/Page_ClaimFiling - Easy Claims/Page_File Claim - Easy Claims/div_kendo.syncReady(function()jQuery(Member_da9fb1' is clicked on

03-10-2024T09:12:45 - [TEST_STEP][PASSED] - click(findTestObject("Object Repository/Page_ClaimFiling - Easy Claims/Page_File Claim - Easy Claims/input_PIN_fetchMemberBtn")): Object: 'Object Repository/Page_ClaimFiling - Easy Claims/Page_File Claim - Easy Claims/input_PIN_fetchMemberBtn' is clicked on

03-10-2024T09:12:46 - [MESSAGE][PASSED] - Object: 'Object Repository/Page_ClaimFiling - Easy Claims/Page_File Claim - Easy Claims/input_PIN_fetchMemberBtn' is clicked on

03-10-2024T09:12:46 - [TEST_STEP][PASSED] - click(findTestObject("Object Repository/Page_ClaimFiling - Easy Claims/Page_File Claim - Easy Claims/input_Male_MemberGender")): Object: 'Object Repository/Page_ClaimFiling - Easy Claims/Page_File Claim - Easy Claims/input_Male_MemberGender' is clicked on

03-10-2024T09:12:47 - [MESSAGE][PASSED] - Object: 'Object Repository/Page_ClaimFiling - Easy Claims/Page_File Claim - Easy Claims/input_Male_MemberGender' is clicked on

03-10-2024T09:12:47 - [TEST_STEP][PASSED] - sendKeys(findTestObject("Object Repository/Page_ClaimFiling - Easy Claims/Page_File Claim - Easy Claims/textarea_Mailing Address_MailingAddress"), "mail@gmail.com"): Keys 'mail@gmail.com' sent to object: 'Object Repository/Page_ClaimFiling - Easy Claims/Page_File Claim - Easy Claims/textarea_Mailing Address_MailingAddress'

03-10-2024T09:12:47 - [MESSAGE][PASSED] - Keys 'mail@gmail.com' sent to object: 'Object Repository/Page_ClaimFiling - Easy Claims/Page_File Claim - Easy Claims/textarea_Mailing Address_MailingAddress'

03-10-2024T09:12:47 - [TEST_STEP][PASSED] - click(findTestObject("Object Repository/Page_ClaimFiling - Easy Claims/Page_File Claim - Easy Claims/input_Zip Code_ZipCode")): Object: 'Object Repository/Page_ClaimFiling - Easy Claims/Page_File Claim - Easy Claims/input_Zip Code_ZipCode' is clicked on

03-10-2024T09:12:47 - [MESSAGE][PASSED] - Object: 'Object Repository/Page_ClaimFiling - Easy Claims/Page_File Claim - Easy Claims/input_Zip Code_ZipCode' is clicked on

03-10-2024T09:12:47 - [TEST_STEP][PASSED] - sendKeys(findTestObject("Object Repository/Page_ClaimFiling - Easy Claims/Page_File Claim - Easy Claims/input_Zip Code_ZipCode"), "1128"): Keys '1128' sent to object: 'Object Repository/Page_ClaimFiling - Easy Claims/Page_File Claim - Easy Claims/input_Zip Code_ZipCode'

03-10-2024T09:12:47 - [MESSAGE][PASSED] - Keys '1128' sent to object: 'Object Repository/Page_ClaimFiling - Easy Claims/Page_File Claim - Easy Claims/input_Zip Code_ZipCode'

03-10-2024T09:12:47 - [TEST_STEP][PASSED] - click(findTestObject("Object Repository/Page_ClaimFiling - Easy Claims/Page_File Claim - Easy Claims/span_Select One_k-select")): Object: 'Object Repository/Page_ClaimFiling - Easy Claims/Page_File Claim - Easy Claims/span_Select One_k-select' is clicked on

03-10-2024T09:12:48 - [MESSAGE][PASSED] - Object: 'Object Repository/Page_ClaimFiling - Easy Claims/Page_File Claim - Easy Claims/span_Select One_k-select' is clicked on

03-10-2024T09:12:48 - [TEST_STEP][PASSED] - click(findTestObject("Object Repository/Page_ClaimFiling - Easy Claims/Page_File Claim - Easy Claims/li_Individually Paying")): Object: 'Object Repository/Page_ClaimFiling - Easy Claims/Page_File Claim - Easy Claims/li_Individually Paying' is clicked on

03-10-2024T09:12:48 - [MESSAGE][PASSED] - Object: 'Object Repository/Page_ClaimFiling - Easy Claims/Page_File Claim - Easy Claims/li_Individually Paying' is clicked on

03-10-2024T09:12:48 - [TEST_STEP][PASSED] - click(findTestObject("Object Repository/Page_ClaimFiling - Easy Claims/Page_File Claim - Easy Claims/span_Select One_k-icon k-i-arrow-60-down")): Object: 'Object Repository/Page_ClaimFiling - Easy Claims/Page_File Claim - Easy Claims/span_Select One_k-icon k-i-arrow-60-down' is clicked on

03-10-2024T09:12:49 - [MESSAGE][PASSED] - Object: 'Object Repository/Page_ClaimFiling - Easy Claims/Page_File Claim - Easy Claims/span_Select One_k-icon k-i-arrow-60-down' is clicked on

03-10-2024T09:12:49 - [TEST_STEP][PASSED] - click(findTestObject("Object Repository/Page_ClaimFiling - Easy Claims/Page_File Claim - Easy Claims/li_Member (Self)")): Object: 'Object Repository/Page_ClaimFiling - Easy Claims/Page_File Claim - Easy Claims/li_Member (Self)' is clicked on

03-10-2024T09:12:49 - [MESSAGE][PASSED] - Object: 'Object Repository/Page_ClaimFiling - Easy Claims/Page_File Claim - Easy Claims/li_Member (Self)' is clicked on

03-10-2024T09:12:49 - [TEST_STEP][PASSED] - sendKeys(findTestObject("Object Repository/Page_ClaimFiling - Easy Claims/Page_File Claim - Easy Claims/input_Admission Date and Time_AdmissionDateTime"), "9/23/2024 12:00 AM"): Keys '9/23/2024 12:00 AM' sent to object: 'Object Repository/Page_ClaimFiling - Easy Claims/Page_File Claim - Easy Claims/input_Admission Date and Time_AdmissionDateTime'

03-10-2024T09:12:50 - [MESSAGE][PASSED] - Keys '9/23/2024 12:00 AM' sent to object: 'Object Repository/Page_ClaimFiling - Easy Claims/Page_File Claim - Easy Claims/input_Admission Date and Time_AdmissionDateTime'

03-10-2024T09:12:50 - [TEST_STEP][PASSED] - sendKeys(findTestObject("Object Repository/Page_ClaimFiling - Easy Claims/Page_File Claim - Easy Claims/input_Discharge Date and Time_DischargeDateTime"), "9/24/2024 11:00 PM"): Keys '9/24/2024 11:00 PM' sent to object: 'Object Repository/Page_ClaimFiling - Easy Claims/Page_File Claim - Easy Claims/input_Discharge Date and Time_DischargeDateTime'

03-10-2024T09:12:50 - [MESSAGE][PASSED] - Keys '9/24/2024 11:00 PM' sent to object: 'Object Repository/Page_ClaimFiling - Easy Claims/Page_File Claim - Easy Claims/input_Discharge Date and Time_DischargeDateTime'

03-10-2024T09:12:50 - [TEST_STEP][PASSED] - click(findTestObject("Object Repository/Page_ClaimFiling - Easy Claims/Page_File Claim - Easy Claims/input_Save for E-Claims_IsFinal")): Object: 'Object Repository/Page_ClaimFiling - Easy Claims/Page_File Claim - Easy Claims/input_Save for E-Claims_IsFinal' is clicked on

03-10-2024T09:12:51 - [MESSAGE][PASSED] - Object: 'Object Repository/Page_ClaimFiling - Easy Claims/Page_File Claim - Easy Claims/input_Save for E-Claims_IsFinal' is clicked on

03-10-2024T09:12:51 - [TEST_STEP][PASSED] - click(findTestObject("Object Repository/Page_ClaimFiling - Easy Claims/Page_File Claim - Easy Claims/input_Transmittal Number_TransmittalNo")): Object: 'Object Repository/Page_ClaimFiling - Easy Claims/Page_File Claim - Easy Claims/input_Transmittal Number_TransmittalNo' is clicked on

03-10-2024T09:12:51 - [MESSAGE][PASSED] - Object: 'Object Repository/Page_ClaimFiling - Easy Claims/Page_File Claim - Easy Claims/input_Transmittal Number_TransmittalNo' is clicked on

03-10-2024T09:12:51 - [TEST_STEP][PASSED] - sendKeys(findTestObject("Object Repository/Page_ClaimFiling - Easy Claims/Page_File Claim - Easy Claims/input_Transmittal Number_TransmittalNo"), "DRGTRANS4"): Keys 'DRGTRANS4' sent to object: 'Object Repository/Page_ClaimFiling - Easy Claims/Page_File Claim - Easy Claims/input_Transmittal Number_TransmittalNo'

03-10-2024T09:12:51 - [MESSAGE][PASSED] - Keys 'DRGTRANS4' sent to object: 'Object Repository/Page_ClaimFiling - Easy Claims/Page_File Claim - Easy Claims/input_Transmittal Number_TransmittalNo'

03-10-2024T09:12:51 - [TEST_STEP][PASSED] - doubleClick(findTestObject("Object Repository/Page_ClaimFiling - Easy Claims/Page_File Claim - Easy Claims/input_Transmittal Number_TransmittalNo")): Object: 'Object Repository/Page_ClaimFiling - Easy Claims/Page_File Claim - Easy Claims/input_Transmittal Number_TransmittalNo' is double clicked on

03-10-2024T09:12:52 - [MESSAGE][PASSED] - Object: 'Object Repository/Page_ClaimFiling - Easy Claims/Page_File Claim - Easy Claims/input_Transmittal Number_TransmittalNo' is double clicked on

03-10-2024T09:12:52 - [TEST_STEP][PASSED] - sendKeys(findTestObject("Object Repository/Page_ClaimFiling - Easy Claims/Page_File Claim - Easy Claims/input_Claim Number_ClaimNumber"), "DRGCLAIMS4"): Keys 'DRGCLAIMS4' sent to object: 'Object Repository/Page_ClaimFiling - Easy Claims/Page_File Claim - Easy Claims/input_Claim Number_ClaimNumber'

03-10-2024T09:12:52 - [MESSAGE][PASSED] - Keys 'DRGCLAIMS4' sent to object: 'Object Repository/Page_ClaimFiling - Easy Claims/Page_File Claim - Easy Claims/input_Claim Number_ClaimNumber'

03-10-2024T09:12:52 - [TEST_STEP][PASSED] - click(findTestObject("Object Repository/Page_ClaimFiling - Easy Claims/Page_File Claim - Easy Claims/input_Please ensure that all of the entered_eacd21")): Object: 'Object Repository/Page_ClaimFiling - Easy Claims/Page_File Claim - Easy Claims/input_Please ensure that all of the entered_eacd21' is clicked on

03-10-2024T09:12:52 - [MESSAGE][PASSED] - Object: 'Object Repository/Page_ClaimFiling - Easy Claims/Page_File Claim - Easy Claims/input_Please ensure that all of the entered_eacd21' is clicked on

03-10-2024T09:12:52 - [TEST_STEP][PASSED] - click(findTestObject("Object Repository/Page_ClaimFiling - Easy Claims/Page_PBEF - Easy Claims/input_Generating and printing of this form _08f184")): Object: 'Object Repository/Page_ClaimFiling - Easy Claims/Page_PBEF - Easy Claims/input_Generating and printing of this form _08f184' is clicked on

03-10-2024T09:12:54 - [MESSAGE][PASSED] - Object: 'Object Repository/Page_ClaimFiling - Easy Claims/Page_PBEF - Easy Claims/input_Generating and printing of this form _08f184' is clicked on

03-10-2024T09:12:54 - [TEST_STEP][PASSED] - click(findTestObject("Object Repository/Page_ClaimFiling - Easy Claims/Page_PBEF - Easy Claims/input_Generating and printing of this form _e07ca8")): Object: 'Object Repository/Page_ClaimFiling - Easy Claims/Page_PBEF - Easy Claims/input_Generating and printing of this form _e07ca8' is clicked on

03-10-2024T09:12:54 - [MESSAGE][PASSED] - Object: 'Object Repository/Page_ClaimFiling - Easy Claims/Page_PBEF - Easy Claims/input_Generating and printing of this form _e07ca8' is clicked on

03-10-2024T09:12:54 - [TEST_STEP][PASSED] - navigateToUrl("http://172.30.1.26/DRG_TEST/Claim/Eligibility?forEditing=False"): Navigate to 'http://172.30.1.26/DRG_TEST/Claim/Eligibility?forEditing=False' successfully

03-10-2024T09:12:55 - [MESSAGE][PASSED] - Navigate to 'http://172.30.1.26/DRG_TEST/Claim/Eligibility?forEditing=False' successfully

03-10-2024T09:12:55 - [TEST_STEP][PASSED] - click(findTestObject("Object Repository/Page_ClaimFiling - Easy Claims/Page_File Claim - Easy Claims/input_Please ensure that all of the entered_eacd21")): Object: 'Object Repository/Page_ClaimFiling - Easy Claims/Page_File Claim - Easy Claims/input_Please ensure that all of the entered_eacd21' is clicked on

03-10-2024T09:12:56 - [MESSAGE][PASSED] - Object: 'Object Repository/Page_ClaimFiling - Easy Claims/Page_File Claim - Easy Claims/input_Please ensure that all of the entered_eacd21' is clicked on]]></system-out>
         <system-err><![CDATA[]]></system-err>
      </testcase>
      <system-out><![CDATA[03-10-2024T09:12:08 - [TEST_SUITE][PASSED] - EC Legacy Regression Testing, DRG(eSOA Enhancement): Test Cases/EasyClaimLegacyFileClaiming]]></system-out>
      <system-err><![CDATA[]]></system-err>
   </testsuite>
</testsuites>
