<?xml version="1.0" encoding="UTF-8"?>
<testsuites name="DDT-Testing-Excel" time="20.109" tests="5" failures="0" errors="0">
   <testsuite name="DDT-Testing-Excel" tests="5" failures="0" errors="0" time="20.109" skipped="0" timestamp="31-10-2024T13:53:42" hostname="pfeniza - ENIC-KSANTOS.eurogroup.local" id="Test Suites/DDT-Testing-Excel">
      <properties>
         <property name="deviceName" value=""/>
         <property name="devicePlatform"/>
         <property name="logFolder" value="C:\\Users\\pfeniza\\git\\katalon-platform\\Reports\\20241031_135336\\DDT-Testing-Excel\\20241031_135336"/>
         <property name="logFiles" value="C:\\Users\\pfeniza\\git\\katalon-platform\\Reports\\20241031_135336\\DDT-Testing-Excel\\20241031_135336\\execution0.log"/>
         <property name="attachments" value=""/>
         <property name="hostName" value="pfeniza - ENIC-KSANTOS.eurogroup.local"/>
         <property name="os" value="Windows 10 64bit"/>
         <property name="katalonVersion" value="9.7.2.223"/>
         <property name="browser" value="Chrome 130.0.0.0"/>
         <property name="hostAddress" value="10.81.234.3"/>
         <property name="sessionId" value="1c14143a2f8d86feedc6b758c736e36f"/>
         <property name="seleniumVersion" value="3.141.59"/>
         <property name="proxyInformation" value="ProxyInformation { proxyOption=NO_PROXY, proxyServerType=HTTP, username=, password=********, proxyServerAddress=, proxyServerPort=0, executionList=&quot;&quot;, isApplyToDesiredCapabilities=true }"/>
         <property name="platform" value="Windows 10"/>
      </properties>
      <testcase name="Test Cases/Data-Driven Testing/Login" time="5.18" classname="Test Cases/Data-Driven Testing/Login" status="PASSED">
         <system-out><![CDATA[31-10-2024T13:53:42 - [TEST_CASE][PASSED] - Test Cases/Data-Driven Testing/Login: Test Cases/Data-Driven Testing/Login

31-10-2024T13:53:43 - [TEST_STEP][PASSED] - openBrowser(""): Browser is opened with url: ''

31-10-2024T13:53:43 - [MESSAGE][INFO] - Starting 'Chrome' driver

31-10-2024T13:53:43 - [MESSAGE][INFO] - Action delay is set to 0 milliseconds

31-10-2024T13:53:45 - [MESSAGE][PASSED] - Browser is opened with url: ''

31-10-2024T13:53:45 - [TEST_STEP][PASSED] - navigateToUrl("http://172.30.1.26/OPSUI.EasyClaims.Legacy/Account/Login?ReturnUrl=%2FOPSUI.EasyClaims.Legacy%2F"): Navigate to 'http://172.30.1.26/OPSUI.EasyClaims.Legacy/Account/Login?ReturnUrl=%2FOPSUI.EasyClaims.Legacy%2F' successfully

31-10-2024T13:53:46 - [MESSAGE][PASSED] - Navigate to 'http://172.30.1.26/OPSUI.EasyClaims.Legacy/Account/Login?ReturnUrl=%2FOPSUI.EasyClaims.Legacy%2F' successfully

31-10-2024T13:53:46 - [TEST_STEP][PASSED] - maximizeWindow(): Current window maximized

31-10-2024T13:53:46 - [MESSAGE][PASSED] - Current window maximized

31-10-2024T13:53:46 - [TEST_STEP][PASSED] - setText(findTestObject("Object Repository/Page_Login, User, Hospital - Easy Claims/input_Username_Username"), Username): Text 'patche@admin' is set on object 'Object Repository/Page_Login, User, Hospital - Easy Claims/input_Username_Username'

31-10-2024T13:53:46 - [MESSAGE][PASSED] - Text 'patche@admin' is set on object 'Object Repository/Page_Login, User, Hospital - Easy Claims/input_Username_Username'

31-10-2024T13:53:46 - [TEST_STEP][PASSED] - setText(findTestObject("Object Repository/Page_Login, User, Hospital - Easy Claims/input_Password_Password"), Password): Text '123123123' is set on object 'Object Repository/Page_Login, User, Hospital - Easy Claims/input_Password_Password'

31-10-2024T13:53:47 - [MESSAGE][PASSED] - Text '123123123' is set on object 'Object Repository/Page_Login, User, Hospital - Easy Claims/input_Password_Password'

31-10-2024T13:53:47 - [TEST_STEP][PASSED] - sendKeys(findTestObject("Object Repository/Page_Login, User, Hospital - Easy Claims/input_Password_Password"), Keys.chord(ENTER)): Keys 'ENTER + ' sent to object: 'Object Repository/Page_Login, User, Hospital - Easy Claims/input_Password_Password'

31-10-2024T13:53:47 - [MESSAGE][PASSED] - Keys 'ENTER + ' sent to object: 'Object Repository/Page_Login, User, Hospital - Easy Claims/input_Password_Password']]></system-out>
         <system-err><![CDATA[]]></system-err>
      </testcase>
      <testcase name="Test Cases/Data-Driven Testing/Login" time="3.109" classname="Test Cases/Data-Driven Testing/Login" status="PASSED">
         <system-out><![CDATA[31-10-2024T13:53:47 - [TEST_CASE][PASSED] - Test Cases/Data-Driven Testing/Login: Test Cases/Data-Driven Testing/Login

31-10-2024T13:53:47 - [TEST_STEP][PASSED] - openBrowser(""): Browser is opened with url: ''

31-10-2024T13:53:47 - [MESSAGE][WARNING] - A browser is already opened. Closing browser and opening a new one

31-10-2024T13:53:48 - [MESSAGE][INFO] - Starting 'Chrome' driver

31-10-2024T13:53:48 - [MESSAGE][INFO] - Action delay is set to 0 milliseconds

31-10-2024T13:53:48 - [MESSAGE][PASSED] - Browser is opened with url: ''

31-10-2024T13:53:48 - [TEST_STEP][PASSED] - navigateToUrl("http://172.30.1.26/OPSUI.EasyClaims.Legacy/Account/Login?ReturnUrl=%2FOPSUI.EasyClaims.Legacy%2F"): Navigate to 'http://172.30.1.26/OPSUI.EasyClaims.Legacy/Account/Login?ReturnUrl=%2FOPSUI.EasyClaims.Legacy%2F' successfully

31-10-2024T13:53:49 - [MESSAGE][PASSED] - Navigate to 'http://172.30.1.26/OPSUI.EasyClaims.Legacy/Account/Login?ReturnUrl=%2FOPSUI.EasyClaims.Legacy%2F' successfully

31-10-2024T13:53:49 - [TEST_STEP][PASSED] - maximizeWindow(): Current window maximized

31-10-2024T13:53:49 - [MESSAGE][PASSED] - Current window maximized

31-10-2024T13:53:49 - [TEST_STEP][PASSED] - setText(findTestObject("Object Repository/Page_Login, User, Hospital - Easy Claims/input_Username_Username"), Username): Text 'patche@admin1' is set on object 'Object Repository/Page_Login, User, Hospital - Easy Claims/input_Username_Username'

31-10-2024T13:53:50 - [MESSAGE][PASSED] - Text 'patche@admin1' is set on object 'Object Repository/Page_Login, User, Hospital - Easy Claims/input_Username_Username'

31-10-2024T13:53:50 - [TEST_STEP][PASSED] - setText(findTestObject("Object Repository/Page_Login, User, Hospital - Easy Claims/input_Password_Password"), Password): Text '123123123' is set on object 'Object Repository/Page_Login, User, Hospital - Easy Claims/input_Password_Password'

31-10-2024T13:53:50 - [MESSAGE][PASSED] - Text '123123123' is set on object 'Object Repository/Page_Login, User, Hospital - Easy Claims/input_Password_Password'

31-10-2024T13:53:50 - [TEST_STEP][PASSED] - sendKeys(findTestObject("Object Repository/Page_Login, User, Hospital - Easy Claims/input_Password_Password"), Keys.chord(ENTER)): Keys 'ENTER + ' sent to object: 'Object Repository/Page_Login, User, Hospital - Easy Claims/input_Password_Password'

31-10-2024T13:53:51 - [MESSAGE][PASSED] - Keys 'ENTER + ' sent to object: 'Object Repository/Page_Login, User, Hospital - Easy Claims/input_Password_Password']]></system-out>
         <system-err><![CDATA[]]></system-err>
      </testcase>
      <testcase name="Test Cases/Data-Driven Testing/Login" time="2.96" classname="Test Cases/Data-Driven Testing/Login" status="PASSED">
         <system-out><![CDATA[31-10-2024T13:53:51 - [TEST_CASE][PASSED] - Test Cases/Data-Driven Testing/Login: Test Cases/Data-Driven Testing/Login

31-10-2024T13:53:51 - [TEST_STEP][PASSED] - openBrowser(""): Browser is opened with url: ''

31-10-2024T13:53:51 - [MESSAGE][WARNING] - A browser is already opened. Closing browser and opening a new one

31-10-2024T13:53:51 - [MESSAGE][INFO] - Starting 'Chrome' driver

31-10-2024T13:53:51 - [MESSAGE][INFO] - Action delay is set to 0 milliseconds

31-10-2024T13:53:51 - [MESSAGE][PASSED] - Browser is opened with url: ''

31-10-2024T13:53:51 - [TEST_STEP][PASSED] - navigateToUrl("http://172.30.1.26/OPSUI.EasyClaims.Legacy/Account/Login?ReturnUrl=%2FOPSUI.EasyClaims.Legacy%2F"): Navigate to 'http://172.30.1.26/OPSUI.EasyClaims.Legacy/Account/Login?ReturnUrl=%2FOPSUI.EasyClaims.Legacy%2F' successfully

31-10-2024T13:53:52 - [MESSAGE][PASSED] - Navigate to 'http://172.30.1.26/OPSUI.EasyClaims.Legacy/Account/Login?ReturnUrl=%2FOPSUI.EasyClaims.Legacy%2F' successfully

31-10-2024T13:53:52 - [TEST_STEP][PASSED] - maximizeWindow(): Current window maximized

31-10-2024T13:53:52 - [MESSAGE][PASSED] - Current window maximized

31-10-2024T13:53:52 - [TEST_STEP][PASSED] - setText(findTestObject("Object Repository/Page_Login, User, Hospital - Easy Claims/input_Username_Username"), Username): Text 'patche@admin2' is set on object 'Object Repository/Page_Login, User, Hospital - Easy Claims/input_Username_Username'

31-10-2024T13:53:53 - [MESSAGE][PASSED] - Text 'patche@admin2' is set on object 'Object Repository/Page_Login, User, Hospital - Easy Claims/input_Username_Username'

31-10-2024T13:53:53 - [TEST_STEP][PASSED] - setText(findTestObject("Object Repository/Page_Login, User, Hospital - Easy Claims/input_Password_Password"), Password): Text '123123123' is set on object 'Object Repository/Page_Login, User, Hospital - Easy Claims/input_Password_Password'

31-10-2024T13:53:53 - [MESSAGE][PASSED] - Text '123123123' is set on object 'Object Repository/Page_Login, User, Hospital - Easy Claims/input_Password_Password'

31-10-2024T13:53:53 - [TEST_STEP][PASSED] - sendKeys(findTestObject("Object Repository/Page_Login, User, Hospital - Easy Claims/input_Password_Password"), Keys.chord(ENTER)): Keys 'ENTER + ' sent to object: 'Object Repository/Page_Login, User, Hospital - Easy Claims/input_Password_Password'

31-10-2024T13:53:54 - [MESSAGE][PASSED] - Keys 'ENTER + ' sent to object: 'Object Repository/Page_Login, User, Hospital - Easy Claims/input_Password_Password']]></system-out>
         <system-err><![CDATA[]]></system-err>
      </testcase>
      <testcase name="Test Cases/Data-Driven Testing/Login" time="3.104" classname="Test Cases/Data-Driven Testing/Login" status="PASSED">
         <system-out><![CDATA[31-10-2024T13:53:54 - [TEST_CASE][PASSED] - Test Cases/Data-Driven Testing/Login: Test Cases/Data-Driven Testing/Login

31-10-2024T13:53:54 - [TEST_STEP][PASSED] - openBrowser(""): Browser is opened with url: ''

31-10-2024T13:53:54 - [MESSAGE][WARNING] - A browser is already opened. Closing browser and opening a new one

31-10-2024T13:53:54 - [MESSAGE][INFO] - Starting 'Chrome' driver

31-10-2024T13:53:54 - [MESSAGE][INFO] - Action delay is set to 0 milliseconds

31-10-2024T13:53:54 - [MESSAGE][PASSED] - Browser is opened with url: ''

31-10-2024T13:53:54 - [TEST_STEP][PASSED] - navigateToUrl("http://172.30.1.26/OPSUI.EasyClaims.Legacy/Account/Login?ReturnUrl=%2FOPSUI.EasyClaims.Legacy%2F"): Navigate to 'http://172.30.1.26/OPSUI.EasyClaims.Legacy/Account/Login?ReturnUrl=%2FOPSUI.EasyClaims.Legacy%2F' successfully

31-10-2024T13:53:55 - [MESSAGE][PASSED] - Navigate to 'http://172.30.1.26/OPSUI.EasyClaims.Legacy/Account/Login?ReturnUrl=%2FOPSUI.EasyClaims.Legacy%2F' successfully

31-10-2024T13:53:55 - [TEST_STEP][PASSED] - maximizeWindow(): Current window maximized

31-10-2024T13:53:55 - [MESSAGE][PASSED] - Current window maximized

31-10-2024T13:53:55 - [TEST_STEP][PASSED] - setText(findTestObject("Object Repository/Page_Login, User, Hospital - Easy Claims/input_Username_Username"), Username): Text 'patche@admin3' is set on object 'Object Repository/Page_Login, User, Hospital - Easy Claims/input_Username_Username'

31-10-2024T13:53:56 - [MESSAGE][PASSED] - Text 'patche@admin3' is set on object 'Object Repository/Page_Login, User, Hospital - Easy Claims/input_Username_Username'

31-10-2024T13:53:56 - [TEST_STEP][PASSED] - setText(findTestObject("Object Repository/Page_Login, User, Hospital - Easy Claims/input_Password_Password"), Password): Text '123123123' is set on object 'Object Repository/Page_Login, User, Hospital - Easy Claims/input_Password_Password'

31-10-2024T13:53:56 - [MESSAGE][PASSED] - Text '123123123' is set on object 'Object Repository/Page_Login, User, Hospital - Easy Claims/input_Password_Password'

31-10-2024T13:53:56 - [TEST_STEP][PASSED] - sendKeys(findTestObject("Object Repository/Page_Login, User, Hospital - Easy Claims/input_Password_Password"), Keys.chord(ENTER)): Keys 'ENTER + ' sent to object: 'Object Repository/Page_Login, User, Hospital - Easy Claims/input_Password_Password'

31-10-2024T13:53:57 - [MESSAGE][PASSED] - Keys 'ENTER + ' sent to object: 'Object Repository/Page_Login, User, Hospital - Easy Claims/input_Password_Password']]></system-out>
         <system-err><![CDATA[]]></system-err>
      </testcase>
      <testcase name="Test Cases/Data-Driven Testing/Login" time="5.424" classname="Test Cases/Data-Driven Testing/Login" status="PASSED">
         <system-out><![CDATA[31-10-2024T13:53:57 - [TEST_CASE][PASSED] - Test Cases/Data-Driven Testing/Login: Test Cases/Data-Driven Testing/Login

31-10-2024T13:53:57 - [TEST_STEP][PASSED] - openBrowser(""): Browser is opened with url: ''

31-10-2024T13:53:57 - [MESSAGE][WARNING] - A browser is already opened. Closing browser and opening a new one

31-10-2024T13:53:59 - [MESSAGE][INFO] - Starting 'Chrome' driver

31-10-2024T13:53:59 - [MESSAGE][INFO] - Action delay is set to 0 milliseconds

31-10-2024T13:54:00 - [MESSAGE][PASSED] - Browser is opened with url: ''

31-10-2024T13:54:00 - [TEST_STEP][PASSED] - navigateToUrl("http://172.30.1.26/OPSUI.EasyClaims.Legacy/Account/Login?ReturnUrl=%2FOPSUI.EasyClaims.Legacy%2F"): Navigate to 'http://172.30.1.26/OPSUI.EasyClaims.Legacy/Account/Login?ReturnUrl=%2FOPSUI.EasyClaims.Legacy%2F' successfully

31-10-2024T13:54:00 - [MESSAGE][PASSED] - Navigate to 'http://172.30.1.26/OPSUI.EasyClaims.Legacy/Account/Login?ReturnUrl=%2FOPSUI.EasyClaims.Legacy%2F' successfully

31-10-2024T13:54:00 - [TEST_STEP][PASSED] - maximizeWindow(): Current window maximized

31-10-2024T13:54:00 - [MESSAGE][PASSED] - Current window maximized

31-10-2024T13:54:00 - [TEST_STEP][PASSED] - setText(findTestObject("Object Repository/Page_Login, User, Hospital - Easy Claims/input_Username_Username"), Username): Text 'patche@admin4' is set on object 'Object Repository/Page_Login, User, Hospital - Easy Claims/input_Username_Username'

31-10-2024T13:54:01 - [MESSAGE][PASSED] - Text 'patche@admin4' is set on object 'Object Repository/Page_Login, User, Hospital - Easy Claims/input_Username_Username'

31-10-2024T13:54:01 - [TEST_STEP][PASSED] - setText(findTestObject("Object Repository/Page_Login, User, Hospital - Easy Claims/input_Password_Password"), Password): Text '123123123' is set on object 'Object Repository/Page_Login, User, Hospital - Easy Claims/input_Password_Password'

31-10-2024T13:54:02 - [MESSAGE][PASSED] - Text '123123123' is set on object 'Object Repository/Page_Login, User, Hospital - Easy Claims/input_Password_Password'

31-10-2024T13:54:02 - [TEST_STEP][PASSED] - sendKeys(findTestObject("Object Repository/Page_Login, User, Hospital - Easy Claims/input_Password_Password"), Keys.chord(ENTER)): Keys 'ENTER + ' sent to object: 'Object Repository/Page_Login, User, Hospital - Easy Claims/input_Password_Password'

31-10-2024T13:54:02 - [MESSAGE][PASSED] - Keys 'ENTER + ' sent to object: 'Object Repository/Page_Login, User, Hospital - Easy Claims/input_Password_Password']]></system-out>
         <system-err><![CDATA[]]></system-err>
      </testcase>
      <system-out><![CDATA[31-10-2024T13:53:42 - [TEST_SUITE][PASSED] - DDT-Testing-Excel: Test Cases/Data-Driven Testing/Login]]></system-out>
      <system-err><![CDATA[]]></system-err>
   </testsuite>
</testsuites>
