<?xml version="1.0" encoding="UTF-8"?>
<testsuites name="EC Legacy Regression Testing, OPSUI(eSOA Enhancement)" time="72.783" tests="4" failures="0" errors="0">
   <testsuite name="EC Legacy Regression Testing, OPSUI(eSOA Enhancement)" tests="4" failures="0" errors="0" time="72.783" skipped="0" timestamp="31-10-2024T10:43:35" hostname="pfeniza - ENIC-KSANTOS.eurogroup.local" id="Test Suites/EC Legacy Regression Testing, OPSUI(eSOA Enhancement)">
      <properties>
         <property name="deviceName" value=""/>
         <property name="devicePlatform"/>
         <property name="logFolder" value="C:\\Users\\pfeniza\\git\\katalon-platform\\Reports\\20241031_104324\\EC Legacy Regression Testing, OPSUI(eSOA Enhancement)\\20241031_104324"/>
         <property name="logFiles" value="C:\\Users\\pfeniza\\git\\katalon-platform\\Reports\\20241031_104324\\EC Legacy Regression Testing, OPSUI(eSOA Enhancement)\\20241031_104324\\execution0.log"/>
         <property name="attachments" value=""/>
         <property name="hostName" value="pfeniza - ENIC-KSANTOS.eurogroup.local"/>
         <property name="os" value="Windows 10 64bit"/>
         <property name="katalonVersion" value="9.7.2.223"/>
         <property name="browser" value="Chrome 130.0.0.0"/>
         <property name="hostAddress" value="10.81.234.3"/>
         <property name="sessionId" value="7e70ab2a4729ba9086df812640506b72"/>
         <property name="seleniumVersion" value="3.141.59"/>
         <property name="proxyInformation" value="ProxyInformation { proxyOption=NO_PROXY, proxyServerType=HTTP, username=, password=********, proxyServerAddress=, proxyServerPort=0, executionList=&quot;&quot;, isApplyToDesiredCapabilities=true }"/>
         <property name="platform" value="Windows 10"/>
      </properties>
      <testcase name="Test Cases/EasyClaimLegacyLoginAndHospitalAndUser" time="30.107" classname="Test Cases/EasyClaimLegacyLoginAndHospitalAndUser" status="PASSED">
         <system-out><![CDATA[31-10-2024T10:43:35 - [TEST_CASE][PASSED] - Test Cases/EasyClaimLegacyLoginAndHospitalAndUser: Test Cases/EasyClaimLegacyLoginAndHospitalAndUser

31-10-2024T10:43:36 - [TEST_STEP][PASSED] - openBrowser(""): Browser is opened with url: ''

31-10-2024T10:43:37 - [MESSAGE][INFO] - Starting 'Chrome' driver

31-10-2024T10:43:37 - [MESSAGE][INFO] - Action delay is set to 0 milliseconds

31-10-2024T10:43:38 - [MESSAGE][PASSED] - Browser is opened with url: ''

31-10-2024T10:43:38 - [TEST_STEP][PASSED] - navigateToUrl(NavigateLoginPage): Navigate to 'http://172.30.1.26/OPSUI.EasyClaims.Legacy/Account/Login?ReturnUrl=%2FOPSUI.EasyClaims.Legacy%2F' successfully

31-10-2024T10:43:39 - [MESSAGE][PASSED] - Navigate to 'http://172.30.1.26/OPSUI.EasyClaims.Legacy/Account/Login?ReturnUrl=%2FOPSUI.EasyClaims.Legacy%2F' successfully

31-10-2024T10:43:39 - [TEST_STEP][PASSED] - maximizeWindow(): Current window maximized

31-10-2024T10:43:39 - [MESSAGE][PASSED] - Current window maximized

31-10-2024T10:43:39 - [TEST_STEP][PASSED] - setText(findTestObject("Object Repository/Page_Login, User, Hospital - Easy Claims/input_Username_Username"), Username): Text 'patche@admin
' is set on object 'Object Repository/Page_Login, User, Hospital - Easy Claims/input_Username_Username'

31-10-2024T10:43:40 - [MESSAGE][PASSED] - Text 'patche@admin
' is set on object 'Object Repository/Page_Login, User, Hospital - Easy Claims/input_Username_Username'

31-10-2024T10:43:40 - [TEST_STEP][PASSED] - setText(findTestObject("Object Repository/Page_Login, User, Hospital - Easy Claims/input_Password_Password"), Password): Text '123123123' is set on object 'Object Repository/Page_Login, User, Hospital - Easy Claims/input_Password_Password'

31-10-2024T10:43:41 - [MESSAGE][PASSED] - Text '123123123' is set on object 'Object Repository/Page_Login, User, Hospital - Easy Claims/input_Password_Password'

31-10-2024T10:43:41 - [TEST_STEP][PASSED] - sendKeys(findTestObject("Object Repository/Page_Login, User, Hospital - Easy Claims/input_Password_Password"), Keys.chord(ENTER)): Keys 'ENTER + ' sent to object: 'Object Repository/Page_Login, User, Hospital - Easy Claims/input_Password_Password'

31-10-2024T10:43:41 - [MESSAGE][PASSED] - Keys 'ENTER + ' sent to object: 'Object Repository/Page_Login, User, Hospital - Easy Claims/input_Password_Password'

31-10-2024T10:43:41 - [TEST_STEP][PASSED] - click(findTestObject("Object Repository/Page_Login, User, Hospital - Easy Claims/Page_Connect - Easy Claims/span_Control Panel")): Object: 'Object Repository/Page_Login, User, Hospital - Easy Claims/Page_Connect - Easy Claims/span_Control Panel' is clicked on

31-10-2024T10:43:44 - [MESSAGE][PASSED] - Object: 'Object Repository/Page_Login, User, Hospital - Easy Claims/Page_Connect - Easy Claims/span_Control Panel' is clicked on

31-10-2024T10:43:44 - [TEST_STEP][PASSED] - navigateToUrl(NavigateControlPanel): Navigate to 'http://172.30.1.26/OPSUI.EasyClaims.Legacy/ControlPanel' successfully

31-10-2024T10:43:46 - [MESSAGE][PASSED] - Navigate to 'http://172.30.1.26/OPSUI.EasyClaims.Legacy/ControlPanel' successfully

31-10-2024T10:43:46 - [TEST_STEP][PASSED] - click(findTestObject("Object Repository/Page_Login, User, Hospital - Easy Claims/Page_Control Panel - Easy Claims/span_Hospital Information (offline mode)")): Object: 'Object Repository/Page_Login, User, Hospital - Easy Claims/Page_Control Panel - Easy Claims/span_Hospital Information (offline mode)' is clicked on

31-10-2024T10:43:48 - [MESSAGE][PASSED] - Object: 'Object Repository/Page_Login, User, Hospital - Easy Claims/Page_Control Panel - Easy Claims/span_Hospital Information (offline mode)' is clicked on

31-10-2024T10:43:48 - [TEST_STEP][PASSED] - click(findTestObject("Object Repository/Page_Login, User, Hospital - Easy Claims/Page_Control Panel - Easy Claims/input_b1 l1 bf homes, exchange 05 PAGPARTIA_a9fde9")): Object: 'Object Repository/Page_Login, User, Hospital - Easy Claims/Page_Control Panel - Easy Claims/input_b1 l1 bf homes, exchange 05 PAGPARTIA_a9fde9' is clicked on

31-10-2024T10:43:48 - [MESSAGE][PASSED] - Object: 'Object Repository/Page_Login, User, Hospital - Easy Claims/Page_Control Panel - Easy Claims/input_b1 l1 bf homes, exchange 05 PAGPARTIA_a9fde9' is clicked on

31-10-2024T10:43:48 - [TEST_STEP][PASSED] - setText(findTestObject("Object Repository/Page_Login, User, Hospital - Easy Claims/Page_Control Panel - Easy Claims/input_Username_ConnectUserName"), HospitalUser): Text 'PRO4A_DEPTMCAH_JMC_01' is set on object 'Object Repository/Page_Login, User, Hospital - Easy Claims/Page_Control Panel - Easy Claims/input_Username_ConnectUserName'

31-10-2024T10:43:49 - [MESSAGE][PASSED] - Text 'PRO4A_DEPTMCAH_JMC_01' is set on object 'Object Repository/Page_Login, User, Hospital - Easy Claims/Page_Control Panel - Easy Claims/input_Username_ConnectUserName'

31-10-2024T10:43:49 - [TEST_STEP][PASSED] - setText(findTestObject("Object Repository/Page_Login, User, Hospital - Easy Claims/Page_Control Panel - Easy Claims/input_Password_ConnectPassword"), HospitalPass): Text 'deptmcah_JMC@01' is set on object 'Object Repository/Page_Login, User, Hospital - Easy Claims/Page_Control Panel - Easy Claims/input_Password_ConnectPassword'

31-10-2024T10:43:50 - [MESSAGE][PASSED] - Text 'deptmcah_JMC@01' is set on object 'Object Repository/Page_Login, User, Hospital - Easy Claims/Page_Control Panel - Easy Claims/input_Password_ConnectPassword'

31-10-2024T10:43:50 - [TEST_STEP][PASSED] - click(findTestObject("Object Repository/Page_Login, User, Hospital - Easy Claims/Page_Control Panel - Easy Claims/input_Password_k-button k-primary")): Object: 'Object Repository/Page_Login, User, Hospital - Easy Claims/Page_Control Panel - Easy Claims/input_Password_k-button k-primary' is clicked on

31-10-2024T10:43:50 - [MESSAGE][PASSED] - Object: 'Object Repository/Page_Login, User, Hospital - Easy Claims/Page_Control Panel - Easy Claims/input_Password_k-button k-primary' is clicked on

31-10-2024T10:43:50 - [TEST_STEP][PASSED] - click(findTestObject("Object Repository/Page_Login, User, Hospital - Easy Claims/Page_Control Panel - Easy Claims/div_Hospital Code                          _698c28")): Object: 'Object Repository/Page_Login, User, Hospital - Easy Claims/Page_Control Panel - Easy Claims/div_Hospital Code                          _698c28' is clicked on

31-10-2024T10:43:57 - [MESSAGE][PASSED] - Object: 'Object Repository/Page_Login, User, Hospital - Easy Claims/Page_Control Panel - Easy Claims/div_Hospital Code                          _698c28' is clicked on

31-10-2024T10:43:57 - [TEST_STEP][PASSED] - setText(findTestObject("Object Repository/Page_Login, User, Hospital - Easy Claims/Page_Control Panel - Easy Claims/input_Hospital Email_Hospital.HospitalEmail"), HospitalEmail): Text 'peter@gmail.com' is set on object 'Object Repository/Page_Login, User, Hospital - Easy Claims/Page_Control Panel - Easy Claims/input_Hospital Email_Hospital.HospitalEmail'

31-10-2024T10:43:57 - [MESSAGE][PASSED] - Text 'peter@gmail.com' is set on object 'Object Repository/Page_Login, User, Hospital - Easy Claims/Page_Control Panel - Easy Claims/input_Hospital Email_Hospital.HospitalEmail'

31-10-2024T10:43:57 - [TEST_STEP][PASSED] - click(findTestObject("Object Repository/Page_Login, User, Hospital - Easy Claims/Page_Control Panel - Easy Claims/div_Hospital Code                          _698c28")): Object: 'Object Repository/Page_Login, User, Hospital - Easy Claims/Page_Control Panel - Easy Claims/div_Hospital Code                          _698c28' is clicked on

31-10-2024T10:43:58 - [MESSAGE][PASSED] - Object: 'Object Repository/Page_Login, User, Hospital - Easy Claims/Page_Control Panel - Easy Claims/div_Hospital Code                          _698c28' is clicked on

31-10-2024T10:43:58 - [TEST_STEP][PASSED] - click(findTestObject("Object Repository/Page_Login, User, Hospital - Easy Claims/Page_Control Panel - Easy Claims/li")): Object: 'Object Repository/Page_Login, User, Hospital - Easy Claims/Page_Control Panel - Easy Claims/li' is clicked on

31-10-2024T10:43:58 - [MESSAGE][PASSED] - Object: 'Object Repository/Page_Login, User, Hospital - Easy Claims/Page_Control Panel - Easy Claims/li' is clicked on

31-10-2024T10:43:58 - [TEST_STEP][PASSED] - click(findTestObject("Object Repository/Page_Login, User, Hospital - Easy Claims/Page_Control Panel - Easy Claims/span_User Management")): Object: 'Object Repository/Page_Login, User, Hospital - Easy Claims/Page_Control Panel - Easy Claims/span_User Management' is clicked on

31-10-2024T10:43:59 - [MESSAGE][PASSED] - Object: 'Object Repository/Page_Login, User, Hospital - Easy Claims/Page_Control Panel - Easy Claims/span_User Management' is clicked on

31-10-2024T10:43:59 - [TEST_STEP][PASSED] - click(findTestObject("Object Repository/Page_Login, User, Hospital - Easy Claims/Page_Control Panel - Easy Claims/input_samplegmail.com_addUserBtn")): Object: 'Object Repository/Page_Login, User, Hospital - Easy Claims/Page_Control Panel - Easy Claims/input_samplegmail.com_addUserBtn' is clicked on

31-10-2024T10:43:59 - [MESSAGE][PASSED] - Object: 'Object Repository/Page_Login, User, Hospital - Easy Claims/Page_Control Panel - Easy Claims/input_samplegmail.com_addUserBtn' is clicked on

31-10-2024T10:43:59 - [TEST_STEP][PASSED] - click(findTestObject("Object Repository/Page_Login, User, Hospital - Easy Claims/Page_Control Panel - Easy Claims/span_SELECT ONE_k-icon k-i-arrow-60-down")): Object: 'Object Repository/Page_Login, User, Hospital - Easy Claims/Page_Control Panel - Easy Claims/span_SELECT ONE_k-icon k-i-arrow-60-down' is clicked on

31-10-2024T10:44:00 - [MESSAGE][PASSED] - Object: 'Object Repository/Page_Login, User, Hospital - Easy Claims/Page_Control Panel - Easy Claims/span_SELECT ONE_k-icon k-i-arrow-60-down' is clicked on

31-10-2024T10:44:00 - [TEST_STEP][PASSED] - click(findTestObject("Object Repository/Page_Login, User, Hospital - Easy Claims/Page_Control Panel - Easy Claims/li_Dr. Erlinda P. Tolentino Medical Clinic _78c317")): Object: 'Object Repository/Page_Login, User, Hospital - Easy Claims/Page_Control Panel - Easy Claims/li_Dr. Erlinda P. Tolentino Medical Clinic _78c317' is clicked on

31-10-2024T10:44:00 - [MESSAGE][PASSED] - Object: 'Object Repository/Page_Login, User, Hospital - Easy Claims/Page_Control Panel - Easy Claims/li_Dr. Erlinda P. Tolentino Medical Clinic _78c317' is clicked on

31-10-2024T10:44:00 - [TEST_STEP][PASSED] - setText(findTestObject("Object Repository/Page_Login, User, Hospital - Easy Claims/Page_Control Panel - Easy Claims/input_Username_Username"), CreatingUserAcc): Text 'patcheadmin3' is set on object 'Object Repository/Page_Login, User, Hospital - Easy Claims/Page_Control Panel - Easy Claims/input_Username_Username'

31-10-2024T10:44:01 - [MESSAGE][PASSED] - Text 'patcheadmin3' is set on object 'Object Repository/Page_Login, User, Hospital - Easy Claims/Page_Control Panel - Easy Claims/input_Username_Username'

31-10-2024T10:44:01 - [TEST_STEP][PASSED] - setText(findTestObject("Object Repository/Page_Login, User, Hospital - Easy Claims/Page_Control Panel - Easy Claims/input_Password_Password"), CreatingPassword): Text '123123123' is set on object 'Object Repository/Page_Login, User, Hospital - Easy Claims/Page_Control Panel - Easy Claims/input_Password_Password'

31-10-2024T10:44:01 - [MESSAGE][PASSED] - Text '123123123' is set on object 'Object Repository/Page_Login, User, Hospital - Easy Claims/Page_Control Panel - Easy Claims/input_Password_Password'

31-10-2024T10:44:01 - [TEST_STEP][PASSED] - setText(findTestObject("Object Repository/Page_Login, User, Hospital - Easy Claims/Page_Control Panel - Easy Claims/input_Confirm password_ConfirmPassword"), CreatingConfirmPassword): Text '123123123' is set on object 'Object Repository/Page_Login, User, Hospital - Easy Claims/Page_Control Panel - Easy Claims/input_Confirm password_ConfirmPassword'

31-10-2024T10:44:02 - [MESSAGE][PASSED] - Text '123123123' is set on object 'Object Repository/Page_Login, User, Hospital - Easy Claims/Page_Control Panel - Easy Claims/input_Confirm password_ConfirmPassword'

31-10-2024T10:44:02 - [TEST_STEP][PASSED] - setText(findTestObject("Object Repository/Page_Login, User, Hospital - Easy Claims/Page_Control Panel - Easy Claims/input_Email_Email"), CreatingUserEmail): Text 'sample@gmail.com' is set on object 'Object Repository/Page_Login, User, Hospital - Easy Claims/Page_Control Panel - Easy Claims/input_Email_Email'

31-10-2024T10:44:02 - [MESSAGE][PASSED] - Text 'sample@gmail.com' is set on object 'Object Repository/Page_Login, User, Hospital - Easy Claims/Page_Control Panel - Easy Claims/input_Email_Email'

31-10-2024T10:44:02 - [TEST_STEP][PASSED] - click(findTestObject("Object Repository/Page_Login, User, Hospital - Easy Claims/Page_Control Panel - Easy Claims/input_Roles_k-input k-readonly")): Object: 'Object Repository/Page_Login, User, Hospital - Easy Claims/Page_Control Panel - Easy Claims/input_Roles_k-input k-readonly' is clicked on

31-10-2024T10:44:03 - [MESSAGE][PASSED] - Object: 'Object Repository/Page_Login, User, Hospital - Easy Claims/Page_Control Panel - Easy Claims/input_Roles_k-input k-readonly' is clicked on

31-10-2024T10:44:03 - [TEST_STEP][PASSED] - sendKeys(findTestObject("Object Repository/Page_Login, User, Hospital - Easy Claims/Page_Control Panel - Easy Claims/input_Roles_k-input k-readonly"), Keys.chord(ENTER)): Keys 'ENTER + ' sent to object: 'Object Repository/Page_Login, User, Hospital - Easy Claims/Page_Control Panel - Easy Claims/input_Roles_k-input k-readonly'

31-10-2024T10:44:03 - [MESSAGE][PASSED] - Keys 'ENTER + ' sent to object: 'Object Repository/Page_Login, User, Hospital - Easy Claims/Page_Control Panel - Easy Claims/input_Roles_k-input k-readonly'

31-10-2024T10:44:03 - [TEST_STEP][PASSED] - click(findTestObject("Object Repository/Page_Login, User, Hospital - Easy Claims/Page_Control Panel - Easy Claims/div_Admin_flex-list-action")): Object: 'Object Repository/Page_Login, User, Hospital - Easy Claims/Page_Control Panel - Easy Claims/div_Admin_flex-list-action' is clicked on

31-10-2024T10:44:04 - [MESSAGE][PASSED] - Object: 'Object Repository/Page_Login, User, Hospital - Easy Claims/Page_Control Panel - Easy Claims/div_Admin_flex-list-action' is clicked on

31-10-2024T10:44:04 - [TEST_STEP][PASSED] - click(findTestObject("Object Repository/Page_Login, User, Hospital - Easy Claims/Page_Control Panel - Easy Claims/li_1")): Object: 'Object Repository/Page_Login, User, Hospital - Easy Claims/Page_Control Panel - Easy Claims/li_1' is clicked on

31-10-2024T10:44:04 - [MESSAGE][PASSED] - Object: 'Object Repository/Page_Login, User, Hospital - Easy Claims/Page_Control Panel - Easy Claims/li_1' is clicked on

31-10-2024T10:44:04 - [TEST_STEP][PASSED] - click(findTestObject("Object Repository/Page_Login, User, Hospital - Easy Claims/Page_Control Panel - Easy Claims/span_Log off")): Object: 'Object Repository/Page_Login, User, Hospital - Easy Claims/Page_Control Panel - Easy Claims/span_Log off' is clicked on

31-10-2024T10:44:06 - [MESSAGE][PASSED] - Object: 'Object Repository/Page_Login, User, Hospital - Easy Claims/Page_Control Panel - Easy Claims/span_Log off' is clicked on]]></system-out>
         <system-err><![CDATA[]]></system-err>
      </testcase>
      <testcase name="Test Cases/EasyClaimLoginCreatedAccountAndConnect" time="4.842" classname="Test Cases/EasyClaimLoginCreatedAccountAndConnect" status="PASSED">
         <system-out><![CDATA[31-10-2024T10:44:06 - [TEST_CASE][PASSED] - Test Cases/EasyClaimLoginCreatedAccountAndConnect: Test Cases/EasyClaimLoginCreatedAccountAndConnect

31-10-2024T10:44:06 - [TEST_STEP][PASSED] - navigateToUrl(UrlLogin): Navigate to 'http://172.30.1.26/OPSUI.EasyClaims.Legacy/Account/Login?ReturnUrl=%2FOPSUI.EasyClaims.Legacy%2F' successfully

31-10-2024T10:44:06 - [MESSAGE][PASSED] - Navigate to 'http://172.30.1.26/OPSUI.EasyClaims.Legacy/Account/Login?ReturnUrl=%2FOPSUI.EasyClaims.Legacy%2F' successfully

31-10-2024T10:44:06 - [TEST_STEP][PASSED] - setText(findTestObject("Object Repository/Page_LoginAccountCreatedAndConnect/Page_Login - Easy Claims/input_Username_Username"), CreatedUser): Text 'patcheadmin3' is set on object 'Object Repository/Page_LoginAccountCreatedAndConnect/Page_Login - Easy Claims/input_Username_Username'

31-10-2024T10:44:07 - [MESSAGE][PASSED] - Text 'patcheadmin3' is set on object 'Object Repository/Page_LoginAccountCreatedAndConnect/Page_Login - Easy Claims/input_Username_Username'

31-10-2024T10:44:07 - [TEST_STEP][PASSED] - setText(findTestObject("Object Repository/Page_LoginAccountCreatedAndConnect/Page_Login - Easy Claims/input_Password_Password"), CreatedPass): Text '123123123' is set on object 'Object Repository/Page_LoginAccountCreatedAndConnect/Page_Login - Easy Claims/input_Password_Password'

31-10-2024T10:44:07 - [MESSAGE][PASSED] - Text '123123123' is set on object 'Object Repository/Page_LoginAccountCreatedAndConnect/Page_Login - Easy Claims/input_Password_Password'

31-10-2024T10:44:07 - [TEST_STEP][PASSED] - click(findTestObject("Object Repository/Page_LoginAccountCreatedAndConnect/Page_Login - Easy Claims/input_Password_submitBtn")): Object: 'Object Repository/Page_LoginAccountCreatedAndConnect/Page_Login - Easy Claims/input_Password_submitBtn' is clicked on

31-10-2024T10:44:08 - [MESSAGE][PASSED] - Object: 'Object Repository/Page_LoginAccountCreatedAndConnect/Page_Login - Easy Claims/input_Password_submitBtn' is clicked on

31-10-2024T10:44:08 - [TEST_STEP][PASSED] - navigateToUrl(NavConnect): Navigate to 'http://172.30.1.26/OPSUI.EasyClaims.Legacy/Connect?ReturnUrl=%2FOPSUI.EasyClaims.Legacy%2F' successfully

31-10-2024T10:44:08 - [MESSAGE][PASSED] - Navigate to 'http://172.30.1.26/OPSUI.EasyClaims.Legacy/Connect?ReturnUrl=%2FOPSUI.EasyClaims.Legacy%2F' successfully

31-10-2024T10:44:08 - [TEST_STEP][PASSED] - click(findTestObject("Object Repository/Page_LoginAccountCreatedAndConnect/Page_Connect - Easy Claims/input_Username_Username")): Object: 'Object Repository/Page_LoginAccountCreatedAndConnect/Page_Connect - Easy Claims/input_Username_Username' is clicked on

31-10-2024T10:44:09 - [MESSAGE][PASSED] - Object: 'Object Repository/Page_LoginAccountCreatedAndConnect/Page_Connect - Easy Claims/input_Username_Username' is clicked on

31-10-2024T10:44:09 - [TEST_STEP][PASSED] - setText(findTestObject("Object Repository/Page_LoginAccountCreatedAndConnect/Page_Connect - Easy Claims/input_Username_Username"), ConnectUser): Text 'PRO4A_DEPTMCAH_JMC_01' is set on object 'Object Repository/Page_LoginAccountCreatedAndConnect/Page_Connect - Easy Claims/input_Username_Username'

31-10-2024T10:44:10 - [MESSAGE][PASSED] - Text 'PRO4A_DEPTMCAH_JMC_01' is set on object 'Object Repository/Page_LoginAccountCreatedAndConnect/Page_Connect - Easy Claims/input_Username_Username'

31-10-2024T10:44:10 - [TEST_STEP][PASSED] - setText(findTestObject("Object Repository/Page_LoginAccountCreatedAndConnect/Page_Connect - Easy Claims/input_Password_Password"), ConnectPass): Text 'deptmcah_JMC@01' is set on object 'Object Repository/Page_LoginAccountCreatedAndConnect/Page_Connect - Easy Claims/input_Password_Password'

31-10-2024T10:44:10 - [MESSAGE][PASSED] - Text 'deptmcah_JMC@01' is set on object 'Object Repository/Page_LoginAccountCreatedAndConnect/Page_Connect - Easy Claims/input_Password_Password'

31-10-2024T10:44:10 - [TEST_STEP][PASSED] - click(findTestObject("Object Repository/Page_LoginAccountCreatedAndConnect/Page_Connect - Easy Claims/input_Password_k-button k-primary")): Object: 'Object Repository/Page_LoginAccountCreatedAndConnect/Page_Connect - Easy Claims/input_Password_k-button k-primary' is clicked on

31-10-2024T10:44:10 - [MESSAGE][PASSED] - Object: 'Object Repository/Page_LoginAccountCreatedAndConnect/Page_Connect - Easy Claims/input_Password_k-button k-primary' is clicked on]]></system-out>
         <system-err><![CDATA[]]></system-err>
      </testcase>
      <testcase name="Test Cases/EasyClaimLegacyFileClaiming_CheckEligibility" time="20.645" classname="Test Cases/EasyClaimLegacyFileClaiming_CheckEligibility" status="PASSED">
         <system-out><![CDATA[31-10-2024T10:44:10 - [TEST_CASE][PASSED] - Test Cases/EasyClaimLegacyFileClaiming_CheckEligibility: Test Cases/EasyClaimLegacyFileClaiming_CheckEligibility

31-10-2024T10:44:11 - [TEST_STEP][PASSED] - click(findTestObject("Object Repository/Page_LoginAccountCreatedAndConnect/Page_Connect - Easy Claims/span_Claims")): Object: 'Object Repository/Page_LoginAccountCreatedAndConnect/Page_Connect - Easy Claims/span_Claims' is clicked on

31-10-2024T10:44:13 - [MESSAGE][PASSED] - Object: 'Object Repository/Page_LoginAccountCreatedAndConnect/Page_Connect - Easy Claims/span_Claims' is clicked on

31-10-2024T10:44:13 - [TEST_STEP][PASSED] - delay(5, STOP_ON_FAILURE): Delayed 5 second(s)

31-10-2024T10:44:18 - [MESSAGE][PASSED] - Delayed 5 second(s)

31-10-2024T10:44:18 - [TEST_STEP][PASSED] - click(findTestObject("Object Repository/Page_ClaimFiling - Easy Claims/Page_Home - Easy Claims/a_File Claim")): Object: 'Object Repository/Page_ClaimFiling - Easy Claims/Page_Home - Easy Claims/a_File Claim' is clicked on

31-10-2024T10:44:18 - [MESSAGE][PASSED] - Object: 'Object Repository/Page_ClaimFiling - Easy Claims/Page_Home - Easy Claims/a_File Claim' is clicked on

31-10-2024T10:44:18 - [TEST_STEP][PASSED] - navigateToUrl(NavClaimFiling): Navigate to 'http://172.30.1.26/OPSUI.EasyClaims.Legacy/Claim/Create' successfully

31-10-2024T10:44:19 - [MESSAGE][PASSED] - Navigate to 'http://172.30.1.26/OPSUI.EasyClaims.Legacy/Claim/Create' successfully

31-10-2024T10:44:19 - [TEST_STEP][PASSED] - click(findTestObject("Object Repository/Page_ClaimFiling - Easy Claims/Page_File Claim - Easy Claims/input_PIN_MemberPIN")): Object: 'Object Repository/Page_ClaimFiling - Easy Claims/Page_File Claim - Easy Claims/input_PIN_MemberPIN' is clicked on

31-10-2024T10:44:21 - [MESSAGE][PASSED] - Object: 'Object Repository/Page_ClaimFiling - Easy Claims/Page_File Claim - Easy Claims/input_PIN_MemberPIN' is clicked on

31-10-2024T10:44:21 - [TEST_STEP][PASSED] - sendKeys(findTestObject("Object Repository/Page_ClaimFiling - Easy Claims/Page_File Claim - Easy Claims/input_PIN_MemberPIN"), pPIN): Keys '05-025405092-7' sent to object: 'Object Repository/Page_ClaimFiling - Easy Claims/Page_File Claim - Easy Claims/input_PIN_MemberPIN'

31-10-2024T10:44:21 - [MESSAGE][PASSED] - Keys '05-025405092-7' sent to object: 'Object Repository/Page_ClaimFiling - Easy Claims/Page_File Claim - Easy Claims/input_PIN_MemberPIN'

31-10-2024T10:44:21 - [TEST_STEP][PASSED] - click(findTestObject("Object Repository/Page_ClaimFiling - Easy Claims/Page_File Claim - Easy Claims/div_MemberGender_DefaultMaleFemale")): Object: 'Object Repository/Page_ClaimFiling - Easy Claims/Page_File Claim - Easy Claims/div_MemberGender_DefaultMaleFemale' is clicked on

31-10-2024T10:44:21 - [MESSAGE][PASSED] - Object: 'Object Repository/Page_ClaimFiling - Easy Claims/Page_File Claim - Easy Claims/div_MemberGender_DefaultMaleFemale' is clicked on

31-10-2024T10:44:21 - [TEST_STEP][PASSED] - click(findTestObject("Object Repository/Page_ClaimFiling - Easy Claims/Page_File Claim - Easy Claims/div_kendo.syncReady(function()jQuery(Member_da9fb1")): Object: 'Object Repository/Page_ClaimFiling - Easy Claims/Page_File Claim - Easy Claims/div_kendo.syncReady(function()jQuery(Member_da9fb1' is clicked on

31-10-2024T10:44:22 - [MESSAGE][PASSED] - Object: 'Object Repository/Page_ClaimFiling - Easy Claims/Page_File Claim - Easy Claims/div_kendo.syncReady(function()jQuery(Member_da9fb1' is clicked on

31-10-2024T10:44:22 - [TEST_STEP][PASSED] - click(findTestObject("Object Repository/Page_ClaimFiling - Easy Claims/Page_File Claim - Easy Claims/input_PIN_fetchMemberBtn")): Object: 'Object Repository/Page_ClaimFiling - Easy Claims/Page_File Claim - Easy Claims/input_PIN_fetchMemberBtn' is clicked on

31-10-2024T10:44:22 - [MESSAGE][PASSED] - Object: 'Object Repository/Page_ClaimFiling - Easy Claims/Page_File Claim - Easy Claims/input_PIN_fetchMemberBtn' is clicked on

31-10-2024T10:44:22 - [TEST_STEP][PASSED] - click(findTestObject("Object Repository/Page_ClaimFiling - Easy Claims/Page_File Claim - Easy Claims/input_Male_MemberGender")): Object: 'Object Repository/Page_ClaimFiling - Easy Claims/Page_File Claim - Easy Claims/input_Male_MemberGender' is clicked on

31-10-2024T10:44:23 - [MESSAGE][PASSED] - Object: 'Object Repository/Page_ClaimFiling - Easy Claims/Page_File Claim - Easy Claims/input_Male_MemberGender' is clicked on

31-10-2024T10:44:23 - [TEST_STEP][PASSED] - sendKeys(findTestObject("Object Repository/Page_ClaimFiling - Easy Claims/Page_File Claim - Easy Claims/textarea_Mailing Address_MailingAddress"), pMailingAdd): Keys 'Example Mailing' sent to object: 'Object Repository/Page_ClaimFiling - Easy Claims/Page_File Claim - Easy Claims/textarea_Mailing Address_MailingAddress'

31-10-2024T10:44:23 - [MESSAGE][PASSED] - Keys 'Example Mailing' sent to object: 'Object Repository/Page_ClaimFiling - Easy Claims/Page_File Claim - Easy Claims/textarea_Mailing Address_MailingAddress'

31-10-2024T10:44:23 - [TEST_STEP][PASSED] - click(findTestObject("Object Repository/Page_ClaimFiling - Easy Claims/Page_File Claim - Easy Claims/input_Zip Code_ZipCode")): Object: 'Object Repository/Page_ClaimFiling - Easy Claims/Page_File Claim - Easy Claims/input_Zip Code_ZipCode' is clicked on

31-10-2024T10:44:23 - [MESSAGE][PASSED] - Object: 'Object Repository/Page_ClaimFiling - Easy Claims/Page_File Claim - Easy Claims/input_Zip Code_ZipCode' is clicked on

31-10-2024T10:44:23 - [TEST_STEP][PASSED] - sendKeys(findTestObject("Object Repository/Page_ClaimFiling - Easy Claims/Page_File Claim - Easy Claims/input_Zip Code_ZipCode"), pZipCode): Keys '1128
' sent to object: 'Object Repository/Page_ClaimFiling - Easy Claims/Page_File Claim - Easy Claims/input_Zip Code_ZipCode'

31-10-2024T10:44:24 - [MESSAGE][PASSED] - Keys '1128
' sent to object: 'Object Repository/Page_ClaimFiling - Easy Claims/Page_File Claim - Easy Claims/input_Zip Code_ZipCode'

31-10-2024T10:44:24 - [TEST_STEP][PASSED] - click(findTestObject("Object Repository/Page_ClaimFiling - Easy Claims/Page_File Claim - Easy Claims/span_Select One_k-select")): Object: 'Object Repository/Page_ClaimFiling - Easy Claims/Page_File Claim - Easy Claims/span_Select One_k-select' is clicked on

31-10-2024T10:44:24 - [MESSAGE][PASSED] - Object: 'Object Repository/Page_ClaimFiling - Easy Claims/Page_File Claim - Easy Claims/span_Select One_k-select' is clicked on

31-10-2024T10:44:24 - [TEST_STEP][PASSED] - click(findTestObject("Object Repository/Page_ClaimFiling - Easy Claims/Page_File Claim - Easy Claims/li_Individually Paying")): Object: 'Object Repository/Page_ClaimFiling - Easy Claims/Page_File Claim - Easy Claims/li_Individually Paying' is clicked on

31-10-2024T10:44:24 - [MESSAGE][PASSED] - Object: 'Object Repository/Page_ClaimFiling - Easy Claims/Page_File Claim - Easy Claims/li_Individually Paying' is clicked on

31-10-2024T10:44:24 - [TEST_STEP][PASSED] - click(findTestObject("Object Repository/Page_ClaimFiling - Easy Claims/Page_File Claim - Easy Claims/span_Select One_k-icon k-i-arrow-60-down")): Object: 'Object Repository/Page_ClaimFiling - Easy Claims/Page_File Claim - Easy Claims/span_Select One_k-icon k-i-arrow-60-down' is clicked on

31-10-2024T10:44:25 - [MESSAGE][PASSED] - Object: 'Object Repository/Page_ClaimFiling - Easy Claims/Page_File Claim - Easy Claims/span_Select One_k-icon k-i-arrow-60-down' is clicked on

31-10-2024T10:44:25 - [TEST_STEP][PASSED] - click(findTestObject("Object Repository/Page_ClaimFiling - Easy Claims/Page_File Claim - Easy Claims/li_Member (Self)")): Object: 'Object Repository/Page_ClaimFiling - Easy Claims/Page_File Claim - Easy Claims/li_Member (Self)' is clicked on

31-10-2024T10:44:25 - [MESSAGE][PASSED] - Object: 'Object Repository/Page_ClaimFiling - Easy Claims/Page_File Claim - Easy Claims/li_Member (Self)' is clicked on

31-10-2024T10:44:25 - [TEST_STEP][PASSED] - sendKeys(findTestObject("Object Repository/Page_ClaimFiling - Easy Claims/Page_File Claim - Easy Claims/input_Admission Date and Time_AdmissionDateTime"), pAddmissionD): Keys '9/23/2024 12:00 AM' sent to object: 'Object Repository/Page_ClaimFiling - Easy Claims/Page_File Claim - Easy Claims/input_Admission Date and Time_AdmissionDateTime'

31-10-2024T10:44:26 - [MESSAGE][PASSED] - Keys '9/23/2024 12:00 AM' sent to object: 'Object Repository/Page_ClaimFiling - Easy Claims/Page_File Claim - Easy Claims/input_Admission Date and Time_AdmissionDateTime'

31-10-2024T10:44:26 - [TEST_STEP][PASSED] - sendKeys(findTestObject("Object Repository/Page_ClaimFiling - Easy Claims/Page_File Claim - Easy Claims/input_Discharge Date and Time_DischargeDateTime"), pDischargeD): Keys '9/24/2024 11:00 PM' sent to object: 'Object Repository/Page_ClaimFiling - Easy Claims/Page_File Claim - Easy Claims/input_Discharge Date and Time_DischargeDateTime'

31-10-2024T10:44:26 - [MESSAGE][PASSED] - Keys '9/24/2024 11:00 PM' sent to object: 'Object Repository/Page_ClaimFiling - Easy Claims/Page_File Claim - Easy Claims/input_Discharge Date and Time_DischargeDateTime'

31-10-2024T10:44:26 - [TEST_STEP][PASSED] - click(findTestObject("Object Repository/Page_ClaimFiling - Easy Claims/Page_File Claim - Easy Claims/input_Save for E-Claims_IsFinal")): Object: 'Object Repository/Page_ClaimFiling - Easy Claims/Page_File Claim - Easy Claims/input_Save for E-Claims_IsFinal' is clicked on

31-10-2024T10:44:27 - [MESSAGE][PASSED] - Object: 'Object Repository/Page_ClaimFiling - Easy Claims/Page_File Claim - Easy Claims/input_Save for E-Claims_IsFinal' is clicked on

31-10-2024T10:44:27 - [TEST_STEP][PASSED] - click(findTestObject("Object Repository/Page_ClaimFiling - Easy Claims/Page_File Claim - Easy Claims/input_Transmittal Number_TransmittalNo")): Object: 'Object Repository/Page_ClaimFiling - Easy Claims/Page_File Claim - Easy Claims/input_Transmittal Number_TransmittalNo' is clicked on

31-10-2024T10:44:27 - [MESSAGE][PASSED] - Object: 'Object Repository/Page_ClaimFiling - Easy Claims/Page_File Claim - Easy Claims/input_Transmittal Number_TransmittalNo' is clicked on

31-10-2024T10:44:27 - [TEST_STEP][PASSED] - sendKeys(findTestObject("Object Repository/Page_ClaimFiling - Easy Claims/Page_File Claim - Easy Claims/input_Transmittal Number_TransmittalNo"), pTransNo): Keys 'DRGTRANS10' sent to object: 'Object Repository/Page_ClaimFiling - Easy Claims/Page_File Claim - Easy Claims/input_Transmittal Number_TransmittalNo'

31-10-2024T10:44:27 - [MESSAGE][PASSED] - Keys 'DRGTRANS10' sent to object: 'Object Repository/Page_ClaimFiling - Easy Claims/Page_File Claim - Easy Claims/input_Transmittal Number_TransmittalNo'

31-10-2024T10:44:27 - [TEST_STEP][PASSED] - doubleClick(findTestObject("Object Repository/Page_ClaimFiling - Easy Claims/Page_File Claim - Easy Claims/input_Transmittal Number_TransmittalNo")): Object: 'Object Repository/Page_ClaimFiling - Easy Claims/Page_File Claim - Easy Claims/input_Transmittal Number_TransmittalNo' is double clicked on

31-10-2024T10:44:28 - [MESSAGE][PASSED] - Object: 'Object Repository/Page_ClaimFiling - Easy Claims/Page_File Claim - Easy Claims/input_Transmittal Number_TransmittalNo' is double clicked on

31-10-2024T10:44:28 - [TEST_STEP][PASSED] - sendKeys(findTestObject("Object Repository/Page_ClaimFiling - Easy Claims/Page_File Claim - Easy Claims/input_Claim Number_ClaimNumber"), pClaimsNo): Keys 'DRGCLAIMS10' sent to object: 'Object Repository/Page_ClaimFiling - Easy Claims/Page_File Claim - Easy Claims/input_Claim Number_ClaimNumber'

31-10-2024T10:44:28 - [MESSAGE][PASSED] - Keys 'DRGCLAIMS10' sent to object: 'Object Repository/Page_ClaimFiling - Easy Claims/Page_File Claim - Easy Claims/input_Claim Number_ClaimNumber'

31-10-2024T10:44:28 - [TEST_STEP][PASSED] - click(findTestObject("Object Repository/Page_ClaimFiling - Easy Claims/Page_File Claim - Easy Claims/input_Please ensure that all of the entered_eacd21")): Object: 'Object Repository/Page_ClaimFiling - Easy Claims/Page_File Claim - Easy Claims/input_Please ensure that all of the entered_eacd21' is clicked on

31-10-2024T10:44:28 - [MESSAGE][PASSED] - Object: 'Object Repository/Page_ClaimFiling - Easy Claims/Page_File Claim - Easy Claims/input_Please ensure that all of the entered_eacd21' is clicked on

31-10-2024T10:44:28 - [TEST_STEP][PASSED] - navigateToUrl(pPBEF): Navigate to 'http://172.30.1.26/OPSUI.EasyClaims.Legacy/Claim/Eligibility?forEditing=False' successfully

31-10-2024T10:44:29 - [MESSAGE][PASSED] - Navigate to 'http://172.30.1.26/OPSUI.EasyClaims.Legacy/Claim/Eligibility?forEditing=False' successfully

31-10-2024T10:44:29 - [TEST_STEP][PASSED] - click(findTestObject("Object Repository/Page_ClaimFiling - Easy Claims/Page_PBEF - Easy Claims/input_Generating and printing of this form _08f184")): Object: 'Object Repository/Page_ClaimFiling - Easy Claims/Page_PBEF - Easy Claims/input_Generating and printing of this form _08f184' is clicked on

31-10-2024T10:44:30 - [MESSAGE][PASSED] - Object: 'Object Repository/Page_ClaimFiling - Easy Claims/Page_PBEF - Easy Claims/input_Generating and printing of this form _08f184' is clicked on

31-10-2024T10:44:30 - [TEST_STEP][PASSED] - click(findTestObject("Object Repository/Page_ClaimFiling - Easy Claims/Page_PBEF - Easy Claims/input_Generating and printing of this form _60f11f")): Object: 'Object Repository/Page_ClaimFiling - Easy Claims/Page_PBEF - Easy Claims/input_Generating and printing of this form _60f11f' is clicked on

31-10-2024T10:44:31 - [MESSAGE][PASSED] - Object: 'Object Repository/Page_ClaimFiling - Easy Claims/Page_PBEF - Easy Claims/input_Generating and printing of this form _60f11f' is clicked on]]></system-out>
         <system-err><![CDATA[]]></system-err>
      </testcase>
      <testcase name="Test Cases/EasyClaimLegacyFileClaiming_ConfinementInformation" time="16.97" classname="Test Cases/EasyClaimLegacyFileClaiming_ConfinementInformation" status="PASSED">
         <system-out><![CDATA[31-10-2024T10:44:31 - [TEST_CASE][PASSED] - Test Cases/EasyClaimLegacyFileClaiming_ConfinementInformation: Test Cases/EasyClaimLegacyFileClaiming_ConfinementInformation

31-10-2024T10:44:31 - [TEST_STEP][PASSED] - click(findTestObject("Object Repository/ClaimFiling_ConfinementInfo/Page_Confinement Information - Easy Claims/input_Yes_PatientReferred")): Object: 'Object Repository/ClaimFiling_ConfinementInfo/Page_Confinement Information - Easy Claims/input_Yes_PatientReferred' is clicked on

31-10-2024T10:44:32 - [MESSAGE][PASSED] - Object: 'Object Repository/ClaimFiling_ConfinementInfo/Page_Confinement Information - Easy Claims/input_Yes_PatientReferred' is clicked on

31-10-2024T10:44:32 - [TEST_STEP][PASSED] - click(findTestObject("Object Repository/ClaimFiling_ConfinementInfo/Page_Confinement Information - Easy Claims/input_Yes_IsEmergency")): Object: 'Object Repository/ClaimFiling_ConfinementInfo/Page_Confinement Information - Easy Claims/input_Yes_IsEmergency' is clicked on

31-10-2024T10:44:33 - [MESSAGE][PASSED] - Object: 'Object Repository/ClaimFiling_ConfinementInfo/Page_Confinement Information - Easy Claims/input_Yes_IsEmergency' is clicked on

31-10-2024T10:44:33 - [TEST_STEP][PASSED] - click(findTestObject("Object Repository/ClaimFiling_ConfinementInfo/Page_Confinement Information - Easy Claims/input_PatientType_Default_PatientType")): Object: 'Object Repository/ClaimFiling_ConfinementInfo/Page_Confinement Information - Easy Claims/input_PatientType_Default_PatientType' is clicked on

31-10-2024T10:44:33 - [MESSAGE][PASSED] - Object: 'Object Repository/ClaimFiling_ConfinementInfo/Page_Confinement Information - Easy Claims/input_PatientType_Default_PatientType' is clicked on

31-10-2024T10:44:33 - [TEST_STEP][PASSED] - click(findTestObject("Object Repository/ClaimFiling_ConfinementInfo/Page_Confinement Information - Easy Claims/span_Select One_k-icon k-i-arrow-60-down")): Object: 'Object Repository/ClaimFiling_ConfinementInfo/Page_Confinement Information - Easy Claims/span_Select One_k-icon k-i-arrow-60-down' is clicked on

31-10-2024T10:44:33 - [MESSAGE][PASSED] - Object: 'Object Repository/ClaimFiling_ConfinementInfo/Page_Confinement Information - Easy Claims/span_Select One_k-icon k-i-arrow-60-down' is clicked on

31-10-2024T10:44:33 - [TEST_STEP][PASSED] - click(findTestObject("Object Repository/ClaimFiling_ConfinementInfo/Page_Confinement Information - Easy Claims/li_Improved")): Object: 'Object Repository/ClaimFiling_ConfinementInfo/Page_Confinement Information - Easy Claims/li_Improved' is clicked on

31-10-2024T10:44:34 - [MESSAGE][PASSED] - Object: 'Object Repository/ClaimFiling_ConfinementInfo/Page_Confinement Information - Easy Claims/li_Improved' is clicked on

31-10-2024T10:44:34 - [TEST_STEP][PASSED] - click(findTestObject("Object Repository/ClaimFiling_ConfinementInfo/Page_Confinement Information - Easy Claims/span_Select One_k-icon k-i-arrow-60-down_1")): Object: 'Object Repository/ClaimFiling_ConfinementInfo/Page_Confinement Information - Easy Claims/span_Select One_k-icon k-i-arrow-60-down_1' is clicked on

31-10-2024T10:44:34 - [MESSAGE][PASSED] - Object: 'Object Repository/ClaimFiling_ConfinementInfo/Page_Confinement Information - Easy Claims/span_Select One_k-icon k-i-arrow-60-down_1' is clicked on

31-10-2024T10:44:34 - [TEST_STEP][PASSED] - click(findTestObject("Object Repository/ClaimFiling_ConfinementInfo/Page_Confinement Information - Easy Claims/li_Private")): Object: 'Object Repository/ClaimFiling_ConfinementInfo/Page_Confinement Information - Easy Claims/li_Private' is clicked on

31-10-2024T10:44:35 - [MESSAGE][PASSED] - Object: 'Object Repository/ClaimFiling_ConfinementInfo/Page_Confinement Information - Easy Claims/li_Private' is clicked on

31-10-2024T10:44:35 - [TEST_STEP][PASSED] - setText(findTestObject("Object Repository/ClaimFiling_ConfinementInfo/Page_Confinement Information - Easy Claims/textarea_Admission Diagnosis_AdmissionDiagnosis"), "ADMISSION"): Text 'ADMISSION' is set on object 'Object Repository/ClaimFiling_ConfinementInfo/Page_Confinement Information - Easy Claims/textarea_Admission Diagnosis_AdmissionDiagnosis'

31-10-2024T10:44:36 - [MESSAGE][PASSED] - Text 'ADMISSION' is set on object 'Object Repository/ClaimFiling_ConfinementInfo/Page_Confinement Information - Easy Claims/textarea_Admission Diagnosis_AdmissionDiagnosis'

31-10-2024T10:44:36 - [TEST_STEP][PASSED] - click(findTestObject("Object Repository/ClaimFiling_ConfinementInfo/Page_Confinement Information - Easy Claims/input_Please add at least one (1) Discharge_bd5a63")): Object: 'Object Repository/ClaimFiling_ConfinementInfo/Page_Confinement Information - Easy Claims/input_Please add at least one (1) Discharge_bd5a63' is clicked on

31-10-2024T10:44:36 - [MESSAGE][PASSED] - Object: 'Object Repository/ClaimFiling_ConfinementInfo/Page_Confinement Information - Easy Claims/input_Please add at least one (1) Discharge_bd5a63' is clicked on

31-10-2024T10:44:36 - [TEST_STEP][PASSED] - setText(findTestObject("Object Repository/ClaimFiling_ConfinementInfo/Page_Confinement Information - Easy Claims/textarea_Discharge Diagnosis_DischargeDiagnosis"), "DISCHARGE"): Text 'DISCHARGE' is set on object 'Object Repository/ClaimFiling_ConfinementInfo/Page_Confinement Information - Easy Claims/textarea_Discharge Diagnosis_DischargeDiagnosis'

31-10-2024T10:44:37 - [MESSAGE][PASSED] - Text 'DISCHARGE' is set on object 'Object Repository/ClaimFiling_ConfinementInfo/Page_Confinement Information - Easy Claims/textarea_Discharge Diagnosis_DischargeDiagnosis'

31-10-2024T10:44:37 - [TEST_STEP][PASSED] - click(findTestObject("Object Repository/ClaimFiling_ConfinementInfo/Page_Confinement Information - Easy Claims/a_Add ICD Code")): Object: 'Object Repository/ClaimFiling_ConfinementInfo/Page_Confinement Information - Easy Claims/a_Add ICD Code' is clicked on

31-10-2024T10:44:37 - [MESSAGE][PASSED] - Object: 'Object Repository/ClaimFiling_ConfinementInfo/Page_Confinement Information - Easy Claims/a_Add ICD Code' is clicked on

31-10-2024T10:44:37 - [TEST_STEP][PASSED] - setText(findTestObject("Object Repository/ClaimFiling_ConfinementInfo/Page_Confinement Information - Easy Claims/input_ICD Code_ICDCode_input"), "P91.3"): Text 'P91.3' is set on object 'Object Repository/ClaimFiling_ConfinementInfo/Page_Confinement Information - Easy Claims/input_ICD Code_ICDCode_input'

31-10-2024T10:44:38 - [MESSAGE][PASSED] - Text 'P91.3' is set on object 'Object Repository/ClaimFiling_ConfinementInfo/Page_Confinement Information - Easy Claims/input_ICD Code_ICDCode_input'

31-10-2024T10:44:38 - [TEST_STEP][PASSED] - sendKeys(findTestObject("Object Repository/ClaimFiling_ConfinementInfo/Page_Confinement Information - Easy Claims/input_ICD Code_ICDCode_input"), Keys.chord(ENTER)): Keys 'ENTER + ' sent to object: 'Object Repository/ClaimFiling_ConfinementInfo/Page_Confinement Information - Easy Claims/input_ICD Code_ICDCode_input'

31-10-2024T10:44:39 - [MESSAGE][PASSED] - Keys 'ENTER + ' sent to object: 'Object Repository/ClaimFiling_ConfinementInfo/Page_Confinement Information - Easy Claims/input_ICD Code_ICDCode_input'

31-10-2024T10:44:39 - [TEST_STEP][PASSED] - click(findTestObject("Object Repository/ClaimFiling_ConfinementInfo/Page_Confinement Information - Easy Claims/a_Save")): Object: 'Object Repository/ClaimFiling_ConfinementInfo/Page_Confinement Information - Easy Claims/a_Save' is clicked on

31-10-2024T10:44:40 - [MESSAGE][PASSED] - Object: 'Object Repository/ClaimFiling_ConfinementInfo/Page_Confinement Information - Easy Claims/a_Save' is clicked on

31-10-2024T10:44:40 - [TEST_STEP][PASSED] - click(findTestObject("Object Repository/ClaimFiling_ConfinementInfo/Page_Confinement Information - Easy Claims/a_Add RVS Code")): Object: 'Object Repository/ClaimFiling_ConfinementInfo/Page_Confinement Information - Easy Claims/a_Add RVS Code' is clicked on

31-10-2024T10:44:40 - [MESSAGE][PASSED] - Object: 'Object Repository/ClaimFiling_ConfinementInfo/Page_Confinement Information - Easy Claims/a_Add RVS Code' is clicked on

31-10-2024T10:44:40 - [TEST_STEP][PASSED] - setText(findTestObject("Object Repository/ClaimFiling_ConfinementInfo/Page_Confinement Information - Easy Claims/input_RVS Code_RVSCode_input"), "MCP01"): Text 'MCP01' is set on object 'Object Repository/ClaimFiling_ConfinementInfo/Page_Confinement Information - Easy Claims/input_RVS Code_RVSCode_input'

31-10-2024T10:44:41 - [MESSAGE][PASSED] - Text 'MCP01' is set on object 'Object Repository/ClaimFiling_ConfinementInfo/Page_Confinement Information - Easy Claims/input_RVS Code_RVSCode_input'

31-10-2024T10:44:41 - [TEST_STEP][PASSED] - sendKeys(findTestObject("Object Repository/ClaimFiling_ConfinementInfo/Page_Confinement Information - Easy Claims/input_RVS Code_RVSCode_input"), Keys.chord(ENTER)): Keys 'ENTER + ' sent to object: 'Object Repository/ClaimFiling_ConfinementInfo/Page_Confinement Information - Easy Claims/input_RVS Code_RVSCode_input'

31-10-2024T10:44:42 - [MESSAGE][PASSED] - Keys 'ENTER + ' sent to object: 'Object Repository/ClaimFiling_ConfinementInfo/Page_Confinement Information - Easy Claims/input_RVS Code_RVSCode_input'

31-10-2024T10:44:42 - [TEST_STEP][PASSED] - setText(findTestObject("Object Repository/ClaimFiling_ConfinementInfo/Page_Confinement Information - Easy Claims/textarea_Related Procedure_RelatedProcedure"), "RELATED"): Text 'RELATED' is set on object 'Object Repository/ClaimFiling_ConfinementInfo/Page_Confinement Information - Easy Claims/textarea_Related Procedure_RelatedProcedure'

31-10-2024T10:44:43 - [MESSAGE][PASSED] - Text 'RELATED' is set on object 'Object Repository/ClaimFiling_ConfinementInfo/Page_Confinement Information - Easy Claims/textarea_Related Procedure_RelatedProcedure'

31-10-2024T10:44:43 - [TEST_STEP][PASSED] - click(findTestObject("Object Repository/ClaimFiling_ConfinementInfo/Page_Confinement Information - Easy Claims/span_Select One_k-icon k-i-arrow-60-down_1_2")): Object: 'Object Repository/ClaimFiling_ConfinementInfo/Page_Confinement Information - Easy Claims/span_Select One_k-icon k-i-arrow-60-down_1_2' is clicked on

31-10-2024T10:44:43 - [MESSAGE][PASSED] - Object: 'Object Repository/ClaimFiling_ConfinementInfo/Page_Confinement Information - Easy Claims/span_Select One_k-icon k-i-arrow-60-down_1_2' is clicked on

31-10-2024T10:44:43 - [TEST_STEP][PASSED] - delay(1): Delayed 1 second(s)

31-10-2024T10:44:44 - [MESSAGE][PASSED] - Delayed 1 second(s)

31-10-2024T10:44:44 - [TEST_STEP][PASSED] - waitForElementVisible(findTestObject("Object Repository/ClaimFiling_ConfinementInfo/Page_Confinement Information - Easy Claims/span_Right"), 2): Object 'Object Repository/ClaimFiling_ConfinementInfo/Page_Confinement Information - Easy Claims/span_Right' is visible

31-10-2024T10:44:44 - [MESSAGE][PASSED] - Object 'Object Repository/ClaimFiling_ConfinementInfo/Page_Confinement Information - Easy Claims/span_Right' is visible

31-10-2024T10:44:44 - [TEST_STEP][PASSED] - click(findTestObject("Object Repository/ClaimFiling_ConfinementInfo/Page_Confinement Information - Easy Claims/span_Right")): Object: 'Object Repository/ClaimFiling_ConfinementInfo/Page_Confinement Information - Easy Claims/span_Right' is clicked on

31-10-2024T10:44:45 - [MESSAGE][PASSED] - Object: 'Object Repository/ClaimFiling_ConfinementInfo/Page_Confinement Information - Easy Claims/span_Right' is clicked on

31-10-2024T10:44:45 - [TEST_STEP][PASSED] - sendKeys(findTestObject("Object Repository/ClaimFiling_ConfinementInfo/Page_Confinement Information - Easy Claims/input_Procedure Date_ProcedureDate"), "09/24/2024"): Keys '09/24/2024' sent to object: 'Object Repository/ClaimFiling_ConfinementInfo/Page_Confinement Information - Easy Claims/input_Procedure Date_ProcedureDate'

31-10-2024T10:44:45 - [MESSAGE][PASSED] - Keys '09/24/2024' sent to object: 'Object Repository/ClaimFiling_ConfinementInfo/Page_Confinement Information - Easy Claims/input_Procedure Date_ProcedureDate'

31-10-2024T10:44:45 - [TEST_STEP][PASSED] - sendKeys(findTestObject("Object Repository/ClaimFiling_ConfinementInfo/Page_Confinement Information - Easy Claims/input_Procedure Date_ProcedureDate"), Keys.chord(ENTER)): Keys 'ENTER + ' sent to object: 'Object Repository/ClaimFiling_ConfinementInfo/Page_Confinement Information - Easy Claims/input_Procedure Date_ProcedureDate'

31-10-2024T10:44:45 - [MESSAGE][PASSED] - Keys 'ENTER + ' sent to object: 'Object Repository/ClaimFiling_ConfinementInfo/Page_Confinement Information - Easy Claims/input_Procedure Date_ProcedureDate'

31-10-2024T10:44:45 - [TEST_STEP][PASSED] - click(findTestObject("Object Repository/ClaimFiling_ConfinementInfo/Page_Confinement Information - Easy Claims/a_Save")): Object: 'Object Repository/ClaimFiling_ConfinementInfo/Page_Confinement Information - Easy Claims/a_Save' is clicked on

31-10-2024T10:44:46 - [MESSAGE][PASSED] - Object: 'Object Repository/ClaimFiling_ConfinementInfo/Page_Confinement Information - Easy Claims/a_Save' is clicked on

31-10-2024T10:44:46 - [TEST_STEP][PASSED] - click(findTestObject("Object Repository/ClaimFiling_ConfinementInfo/Page_Confinement Information - Easy Claims/input_Please update the RVS Procedure Date(_50687d")): Object: 'Object Repository/ClaimFiling_ConfinementInfo/Page_Confinement Information - Easy Claims/input_Please update the RVS Procedure Date(_50687d' is clicked on

31-10-2024T10:44:47 - [MESSAGE][PASSED] - Object: 'Object Repository/ClaimFiling_ConfinementInfo/Page_Confinement Information - Easy Claims/input_Please update the RVS Procedure Date(_50687d' is clicked on

31-10-2024T10:44:47 - [TEST_STEP][PASSED] - click(findTestObject("Object Repository/ClaimFiling_ConfinementInfo/Page_Confinement Information - Easy Claims/input_Right Eye IOL Expiry Date_SaveConfine_8606f5")): Object: 'Object Repository/ClaimFiling_ConfinementInfo/Page_Confinement Information - Easy Claims/input_Right Eye IOL Expiry Date_SaveConfine_8606f5' is clicked on

31-10-2024T10:44:47 - [MESSAGE][PASSED] - Object: 'Object Repository/ClaimFiling_ConfinementInfo/Page_Confinement Information - Easy Claims/input_Right Eye IOL Expiry Date_SaveConfine_8606f5' is clicked on

31-10-2024T10:44:47 - [TEST_STEP][PASSED] - navigateToUrl("http://172.30.1.26/OPSUI.EasyClaims.Legacy/Claim/FeesChargesDetails?forEditing=True"): Navigate to 'http://172.30.1.26/OPSUI.EasyClaims.Legacy/Claim/FeesChargesDetails?forEditing=True' successfully

31-10-2024T10:44:48 - [MESSAGE][PASSED] - Navigate to 'http://172.30.1.26/OPSUI.EasyClaims.Legacy/Claim/FeesChargesDetails?forEditing=True' successfully]]></system-out>
         <system-err><![CDATA[]]></system-err>
      </testcase>
      <system-out><![CDATA[31-10-2024T10:43:35 - [TEST_SUITE][PASSED] - EC Legacy Regression Testing, OPSUI(eSOA Enhancement): Test Cases/EasyClaimLegacyFileClaiming_ConfinementInformation]]></system-out>
      <system-err><![CDATA[]]></system-err>
   </testsuite>
</testsuites>
